{
  "seleniumLog": [
    {
      "commandName": "PerfectoApplicationSteps.navigateToURL(String)",
      "args": [
        "http://amtrak.com"
      ],
      "result": "passed",
      "subLogs": [
        {
          "commandName": "get",
          "args": [
            "{url=http://amtrak.com}"
          ],
          "result": "null",
          "subLogs": [],
          "duration": 1346
        }
      ],
      "duration": 1347
    },
    {
      "commandName": "PerfectoApplicationSteps.iClick(String)",
      "args": [
        "train.status"
      ],
      "result": "failed",
      "subLogs": [
        {
          "commandName": "get",
          "args": [
            "{url=http://amtrak.com}"
          ],
          "result": "null",
          "subLogs": [],
          "duration": 1346
        },
        {
          "commandName": "findElement",
          "args": [
            "{value=//*[text()=\"Train Status\"], using=xpath}"
          ],
          "result": "Element with by xpath '//*[text()=\"Train Status\"]' wasn't found.\nFor documentation on this error, please visit: http://seleniumhq.org/exceptions/no_such_element.html\nBuild info: version: '2.48.2', revision: '41bccdd10cf2c0560f637404c2d96164b67d9d67', time: '2015-10-09 13:08:06'\nSystem info: host: 'Beta-MCM', ip: '1.1.95.10', os.name: 'Windows Server 2008 R2', os.arch: 'amd64', os.version: '6.1', java.version: '1.8.0_102'\nDriver info: driver.version: EventFiringWebDriver\nCommand duration or timeout: 31.37 seconds\nFor documentation on this error, please visit: http://seleniumhq.org/exceptions/no_such_element.html\nBuild info: version: '2.53.0', revision: '35ae25b1534ae328c771e0856c93e187490ca824', time: '2016-03-15 10:43:46'\nSystem info: host: 'UziMac.fios-router.home', ip: '192.168.1.155', os.name: 'Mac OS X', os.arch: 'x86_64', os.version: '10.11.1', java.version: '1.8.0_45'\nDriver info: com.qmetry.qaf.automation.ui.webdriver.QAFExtendedWebDriver\nCapabilities [{rotatable=true, testGridReportUrl=https://beta.reporting-01.perfectomobile.com?externalId[0]=uzie@perfectomobile.com_RemoteWebDriver_16-10-07_12_53_09_3133, entityType=remote_web_driver, deviceName=1215FC70BAE54004, serverConnector=, platform=ANY, executionId=uzie@perfectomobile.com_RemoteWebDriver_16-10-07_12_53_09_3133, password=, webdriver.remote.sessionid=83b35998-96b6-48e4-acee-343cbbab0171, automationName=Appium, host=beta.perfectomobile.com, singleTestReportUrl=https://beta.perfectomobile.com/nexperience/singletest/report/?reportRepositoryKey=PRIVATE:RemoteWebDriver/161007/RemoteWebDriver_16-10-07_12_53_09_3133.xml&ownerId=uzie@perfectomobile.com&sharingCode=881482db-6102-4b28-ab58-145b5974999c, locationContextEnabled=true, takesScreenshot=true, browserName=MobileOS, scriptName=RemoteWebDriver, javascriptEnabled=true, reportKey=PRIVATE:RemoteWebDriver/161007/RemoteWebDriver_16-10-07_12_53_09_3133.xml, windTunnelReportUrl=https://beta.perfectomobile.com/nexperience/singletest/report/?reportRepositoryKey=PRIVATE:RemoteWebDriver/161007/RemoteWebDriver_16-10-07_12_53_09_3133.xml&ownerId=uzie@perfectomobile.com&sharingCode=881482db-6102-4b28-ab58-145b5974999c, user=, cssSelectorsEnabled=true}]\nSession ID: 83b35998-96b6-48e4-acee-343cbbab0171\n*** Element info: {Using=xpath, value=//*[text()=\"Train Status\"]}",
          "subLogs": [],
          "duration": 31375
        },
        {
          "commandName": "clickElement",
          "args": [
            "By.xpath: //*[text()=\"Train Status\"]",
            "{\"id\":\"-1\"}"
          ],
          "result": "Timed out after 30 seconds waiting for presence of element located by: By.xpath: //*[text()=\"Train Status\"]\nBuild info: version: '2.53.0', revision: '35ae25b1534ae328c771e0856c93e187490ca824', time: '2016-03-15 10:43:46'\nSystem info: host: 'UziMac.fios-router.home', ip: '192.168.1.155', os.name: 'Mac OS X', os.arch: 'x86_64', os.version: '10.11.1', java.version: '1.8.0_45'\nDriver info: driver.version: QAFExtendedWebDriver",
          "subLogs": [],
          "duration": -1623918014
        }
      ],
      "duration": 31377
    },
    {
      "commandName": "PerfectoApplicationSteps.iClick(String)",
      "args": [
        "find.Station"
      ],
      "result": "skipped",
      "subLogs": [
        {
          "commandName": "get",
          "args": [
            "{url=http://amtrak.com}"
          ],
          "result": "null",
          "subLogs": [],
          "duration": 1346
        },
        {
          "commandName": "findElement",
          "args": [
            "{value=//*[text()=\"Train Status\"], using=xpath}"
          ],
          "result": "Element with by xpath '//*[text()=\"Train Status\"]' wasn't found.\nFor documentation on this error, please visit: http://seleniumhq.org/exceptions/no_such_element.html\nBuild info: version: '2.48.2', revision: '41bccdd10cf2c0560f637404c2d96164b67d9d67', time: '2015-10-09 13:08:06'\nSystem info: host: 'Beta-MCM', ip: '1.1.95.10', os.name: 'Windows Server 2008 R2', os.arch: 'amd64', os.version: '6.1', java.version: '1.8.0_102'\nDriver info: driver.version: EventFiringWebDriver\nCommand duration or timeout: 31.37 seconds\nFor documentation on this error, please visit: http://seleniumhq.org/exceptions/no_such_element.html\nBuild info: version: '2.53.0', revision: '35ae25b1534ae328c771e0856c93e187490ca824', time: '2016-03-15 10:43:46'\nSystem info: host: 'UziMac.fios-router.home', ip: '192.168.1.155', os.name: 'Mac OS X', os.arch: 'x86_64', os.version: '10.11.1', java.version: '1.8.0_45'\nDriver info: com.qmetry.qaf.automation.ui.webdriver.QAFExtendedWebDriver\nCapabilities [{rotatable=true, testGridReportUrl=https://beta.reporting-01.perfectomobile.com?externalId[0]=uzie@perfectomobile.com_RemoteWebDriver_16-10-07_12_53_09_3133, entityType=remote_web_driver, deviceName=1215FC70BAE54004, serverConnector=, platform=ANY, executionId=uzie@perfectomobile.com_RemoteWebDriver_16-10-07_12_53_09_3133, password=, webdriver.remote.sessionid=83b35998-96b6-48e4-acee-343cbbab0171, automationName=Appium, host=beta.perfectomobile.com, singleTestReportUrl=https://beta.perfectomobile.com/nexperience/singletest/report/?reportRepositoryKey=PRIVATE:RemoteWebDriver/161007/RemoteWebDriver_16-10-07_12_53_09_3133.xml&ownerId=uzie@perfectomobile.com&sharingCode=881482db-6102-4b28-ab58-145b5974999c, locationContextEnabled=true, takesScreenshot=true, browserName=MobileOS, scriptName=RemoteWebDriver, javascriptEnabled=true, reportKey=PRIVATE:RemoteWebDriver/161007/RemoteWebDriver_16-10-07_12_53_09_3133.xml, windTunnelReportUrl=https://beta.perfectomobile.com/nexperience/singletest/report/?reportRepositoryKey=PRIVATE:RemoteWebDriver/161007/RemoteWebDriver_16-10-07_12_53_09_3133.xml&ownerId=uzie@perfectomobile.com&sharingCode=881482db-6102-4b28-ab58-145b5974999c, user=, cssSelectorsEnabled=true}]\nSession ID: 83b35998-96b6-48e4-acee-343cbbab0171\n*** Element info: {Using=xpath, value=//*[text()=\"Train Status\"]}",
          "subLogs": [],
          "duration": 31375
        },
        {
          "commandName": "clickElement",
          "args": [
            "By.xpath: //*[text()=\"Train Status\"]",
            "{\"id\":\"-1\"}"
          ],
          "result": "Timed out after 30 seconds waiting for presence of element located by: By.xpath: //*[text()=\"Train Status\"]\nBuild info: version: '2.53.0', revision: '35ae25b1534ae328c771e0856c93e187490ca824', time: '2016-03-15 10:43:46'\nSystem info: host: 'UziMac.fios-router.home', ip: '192.168.1.155', os.name: 'Mac OS X', os.arch: 'x86_64', os.version: '10.11.1', java.version: '1.8.0_45'\nDriver info: driver.version: QAFExtendedWebDriver",
          "subLogs": [],
          "duration": -1623918014
        }
      ],
      "duration": 0
    },
    {
      "commandName": "PerfectoApplicationSteps.iClick(String)",
      "args": [
        "Station.abl"
      ],
      "result": "skipped",
      "subLogs": [
        {
          "commandName": "get",
          "args": [
            "{url=http://amtrak.com}"
          ],
          "result": "null",
          "subLogs": [],
          "duration": 1346
        },
        {
          "commandName": "findElement",
          "args": [
            "{value=//*[text()=\"Train Status\"], using=xpath}"
          ],
          "result": "Element with by xpath '//*[text()=\"Train Status\"]' wasn't found.\nFor documentation on this error, please visit: http://seleniumhq.org/exceptions/no_such_element.html\nBuild info: version: '2.48.2', revision: '41bccdd10cf2c0560f637404c2d96164b67d9d67', time: '2015-10-09 13:08:06'\nSystem info: host: 'Beta-MCM', ip: '1.1.95.10', os.name: 'Windows Server 2008 R2', os.arch: 'amd64', os.version: '6.1', java.version: '1.8.0_102'\nDriver info: driver.version: EventFiringWebDriver\nCommand duration or timeout: 31.37 seconds\nFor documentation on this error, please visit: http://seleniumhq.org/exceptions/no_such_element.html\nBuild info: version: '2.53.0', revision: '35ae25b1534ae328c771e0856c93e187490ca824', time: '2016-03-15 10:43:46'\nSystem info: host: 'UziMac.fios-router.home', ip: '192.168.1.155', os.name: 'Mac OS X', os.arch: 'x86_64', os.version: '10.11.1', java.version: '1.8.0_45'\nDriver info: com.qmetry.qaf.automation.ui.webdriver.QAFExtendedWebDriver\nCapabilities [{rotatable=true, testGridReportUrl=https://beta.reporting-01.perfectomobile.com?externalId[0]=uzie@perfectomobile.com_RemoteWebDriver_16-10-07_12_53_09_3133, entityType=remote_web_driver, deviceName=1215FC70BAE54004, serverConnector=, platform=ANY, executionId=uzie@perfectomobile.com_RemoteWebDriver_16-10-07_12_53_09_3133, password=, webdriver.remote.sessionid=83b35998-96b6-48e4-acee-343cbbab0171, automationName=Appium, host=beta.perfectomobile.com, singleTestReportUrl=https://beta.perfectomobile.com/nexperience/singletest/report/?reportRepositoryKey=PRIVATE:RemoteWebDriver/161007/RemoteWebDriver_16-10-07_12_53_09_3133.xml&ownerId=uzie@perfectomobile.com&sharingCode=881482db-6102-4b28-ab58-145b5974999c, locationContextEnabled=true, takesScreenshot=true, browserName=MobileOS, scriptName=RemoteWebDriver, javascriptEnabled=true, reportKey=PRIVATE:RemoteWebDriver/161007/RemoteWebDriver_16-10-07_12_53_09_3133.xml, windTunnelReportUrl=https://beta.perfectomobile.com/nexperience/singletest/report/?reportRepositoryKey=PRIVATE:RemoteWebDriver/161007/RemoteWebDriver_16-10-07_12_53_09_3133.xml&ownerId=uzie@perfectomobile.com&sharingCode=881482db-6102-4b28-ab58-145b5974999c, user=, cssSelectorsEnabled=true}]\nSession ID: 83b35998-96b6-48e4-acee-343cbbab0171\n*** Element info: {Using=xpath, value=//*[text()=\"Train Status\"]}",
          "subLogs": [],
          "duration": 31375
        },
        {
          "commandName": "clickElement",
          "args": [
            "By.xpath: //*[text()=\"Train Status\"]",
            "{\"id\":\"-1\"}"
          ],
          "result": "Timed out after 30 seconds waiting for presence of element located by: By.xpath: //*[text()=\"Train Status\"]\nBuild info: version: '2.53.0', revision: '35ae25b1534ae328c771e0856c93e187490ca824', time: '2016-03-15 10:43:46'\nSystem info: host: 'UziMac.fios-router.home', ip: '192.168.1.155', os.name: 'Mac OS X', os.arch: 'x86_64', os.version: '10.11.1', java.version: '1.8.0_45'\nDriver info: driver.version: QAFExtendedWebDriver",
          "subLogs": [],
          "duration": -1623918014
        }
      ],
      "duration": 0
    },
    {
      "commandName": "PerfectoApplicationSteps.iSet(String,String)",
      "args": [
        "45",
        "bus.number"
      ],
      "result": "skipped",
      "subLogs": [
        {
          "commandName": "get",
          "args": [
            "{url=http://amtrak.com}"
          ],
          "result": "null",
          "subLogs": [],
          "duration": 1346
        },
        {
          "commandName": "findElement",
          "args": [
            "{value=//*[text()=\"Train Status\"], using=xpath}"
          ],
          "result": "Element with by xpath '//*[text()=\"Train Status\"]' wasn't found.\nFor documentation on this error, please visit: http://seleniumhq.org/exceptions/no_such_element.html\nBuild info: version: '2.48.2', revision: '41bccdd10cf2c0560f637404c2d96164b67d9d67', time: '2015-10-09 13:08:06'\nSystem info: host: 'Beta-MCM', ip: '1.1.95.10', os.name: 'Windows Server 2008 R2', os.arch: 'amd64', os.version: '6.1', java.version: '1.8.0_102'\nDriver info: driver.version: EventFiringWebDriver\nCommand duration or timeout: 31.37 seconds\nFor documentation on this error, please visit: http://seleniumhq.org/exceptions/no_such_element.html\nBuild info: version: '2.53.0', revision: '35ae25b1534ae328c771e0856c93e187490ca824', time: '2016-03-15 10:43:46'\nSystem info: host: 'UziMac.fios-router.home', ip: '192.168.1.155', os.name: 'Mac OS X', os.arch: 'x86_64', os.version: '10.11.1', java.version: '1.8.0_45'\nDriver info: com.qmetry.qaf.automation.ui.webdriver.QAFExtendedWebDriver\nCapabilities [{rotatable=true, testGridReportUrl=https://beta.reporting-01.perfectomobile.com?externalId[0]=uzie@perfectomobile.com_RemoteWebDriver_16-10-07_12_53_09_3133, entityType=remote_web_driver, deviceName=1215FC70BAE54004, serverConnector=, platform=ANY, executionId=uzie@perfectomobile.com_RemoteWebDriver_16-10-07_12_53_09_3133, password=, webdriver.remote.sessionid=83b35998-96b6-48e4-acee-343cbbab0171, automationName=Appium, host=beta.perfectomobile.com, singleTestReportUrl=https://beta.perfectomobile.com/nexperience/singletest/report/?reportRepositoryKey=PRIVATE:RemoteWebDriver/161007/RemoteWebDriver_16-10-07_12_53_09_3133.xml&ownerId=uzie@perfectomobile.com&sharingCode=881482db-6102-4b28-ab58-145b5974999c, locationContextEnabled=true, takesScreenshot=true, browserName=MobileOS, scriptName=RemoteWebDriver, javascriptEnabled=true, reportKey=PRIVATE:RemoteWebDriver/161007/RemoteWebDriver_16-10-07_12_53_09_3133.xml, windTunnelReportUrl=https://beta.perfectomobile.com/nexperience/singletest/report/?reportRepositoryKey=PRIVATE:RemoteWebDriver/161007/RemoteWebDriver_16-10-07_12_53_09_3133.xml&ownerId=uzie@perfectomobile.com&sharingCode=881482db-6102-4b28-ab58-145b5974999c, user=, cssSelectorsEnabled=true}]\nSession ID: 83b35998-96b6-48e4-acee-343cbbab0171\n*** Element info: {Using=xpath, value=//*[text()=\"Train Status\"]}",
          "subLogs": [],
          "duration": 31375
        },
        {
          "commandName": "clickElement",
          "args": [
            "By.xpath: //*[text()=\"Train Status\"]",
            "{\"id\":\"-1\"}"
          ],
          "result": "Timed out after 30 seconds waiting for presence of element located by: By.xpath: //*[text()=\"Train Status\"]\nBuild info: version: '2.53.0', revision: '35ae25b1534ae328c771e0856c93e187490ca824', time: '2016-03-15 10:43:46'\nSystem info: host: 'UziMac.fios-router.home', ip: '192.168.1.155', os.name: 'Mac OS X', os.arch: 'x86_64', os.version: '10.11.1', java.version: '1.8.0_45'\nDriver info: driver.version: QAFExtendedWebDriver",
          "subLogs": [],
          "duration": -1623918014
        }
      ],
      "duration": 0
    },
    {
      "commandName": "PerfectoApplicationSteps.iClick(String)",
      "args": [
        "status.button"
      ],
      "result": "skipped",
      "subLogs": [
        {
          "commandName": "get",
          "args": [
            "{url=http://amtrak.com}"
          ],
          "result": "null",
          "subLogs": [],
          "duration": 1346
        },
        {
          "commandName": "findElement",
          "args": [
            "{value=//*[text()=\"Train Status\"], using=xpath}"
          ],
          "result": "Element with by xpath '//*[text()=\"Train Status\"]' wasn't found.\nFor documentation on this error, please visit: http://seleniumhq.org/exceptions/no_such_element.html\nBuild info: version: '2.48.2', revision: '41bccdd10cf2c0560f637404c2d96164b67d9d67', time: '2015-10-09 13:08:06'\nSystem info: host: 'Beta-MCM', ip: '1.1.95.10', os.name: 'Windows Server 2008 R2', os.arch: 'amd64', os.version: '6.1', java.version: '1.8.0_102'\nDriver info: driver.version: EventFiringWebDriver\nCommand duration or timeout: 31.37 seconds\nFor documentation on this error, please visit: http://seleniumhq.org/exceptions/no_such_element.html\nBuild info: version: '2.53.0', revision: '35ae25b1534ae328c771e0856c93e187490ca824', time: '2016-03-15 10:43:46'\nSystem info: host: 'UziMac.fios-router.home', ip: '192.168.1.155', os.name: 'Mac OS X', os.arch: 'x86_64', os.version: '10.11.1', java.version: '1.8.0_45'\nDriver info: com.qmetry.qaf.automation.ui.webdriver.QAFExtendedWebDriver\nCapabilities [{rotatable=true, testGridReportUrl=https://beta.reporting-01.perfectomobile.com?externalId[0]=uzie@perfectomobile.com_RemoteWebDriver_16-10-07_12_53_09_3133, entityType=remote_web_driver, deviceName=1215FC70BAE54004, serverConnector=, platform=ANY, executionId=uzie@perfectomobile.com_RemoteWebDriver_16-10-07_12_53_09_3133, password=, webdriver.remote.sessionid=83b35998-96b6-48e4-acee-343cbbab0171, automationName=Appium, host=beta.perfectomobile.com, singleTestReportUrl=https://beta.perfectomobile.com/nexperience/singletest/report/?reportRepositoryKey=PRIVATE:RemoteWebDriver/161007/RemoteWebDriver_16-10-07_12_53_09_3133.xml&ownerId=uzie@perfectomobile.com&sharingCode=881482db-6102-4b28-ab58-145b5974999c, locationContextEnabled=true, takesScreenshot=true, browserName=MobileOS, scriptName=RemoteWebDriver, javascriptEnabled=true, reportKey=PRIVATE:RemoteWebDriver/161007/RemoteWebDriver_16-10-07_12_53_09_3133.xml, windTunnelReportUrl=https://beta.perfectomobile.com/nexperience/singletest/report/?reportRepositoryKey=PRIVATE:RemoteWebDriver/161007/RemoteWebDriver_16-10-07_12_53_09_3133.xml&ownerId=uzie@perfectomobile.com&sharingCode=881482db-6102-4b28-ab58-145b5974999c, user=, cssSelectorsEnabled=true}]\nSession ID: 83b35998-96b6-48e4-acee-343cbbab0171\n*** Element info: {Using=xpath, value=//*[text()=\"Train Status\"]}",
          "subLogs": [],
          "duration": 31375
        },
        {
          "commandName": "clickElement",
          "args": [
            "By.xpath: //*[text()=\"Train Status\"]",
            "{\"id\":\"-1\"}"
          ],
          "result": "Timed out after 30 seconds waiting for presence of element located by: By.xpath: //*[text()=\"Train Status\"]\nBuild info: version: '2.53.0', revision: '35ae25b1534ae328c771e0856c93e187490ca824', time: '2016-03-15 10:43:46'\nSystem info: host: 'UziMac.fios-router.home', ip: '192.168.1.155', os.name: 'Mac OS X', os.arch: 'x86_64', os.version: '10.11.1', java.version: '1.8.0_45'\nDriver info: driver.version: QAFExtendedWebDriver",
          "subLogs": [],
          "duration": -1623918014
        }
      ],
      "duration": 0
    }
  ],
  "checkPoints": [
    {
      "message": "Given  I open browser to webpage \"http://amtrak.com\"",
      "type": "TestStepPass",
      "duration": 1347,
      "threshold": 0,
      "subCheckPoints": []
    },
    {
      "message": "Then  I click on \"train.status\"",
      "type": "TestStepFail",
      "duration": 31377,
      "threshold": 0,
      "subCheckPoints": []
    },
    {
      "message": "Then  I click on \"find.Station\"",
      "type": "TestStep",
      "duration": 0,
      "threshold": 0,
      "subCheckPoints": []
    },
    {
      "message": "Then  I click on \"Station.abl\"",
      "type": "TestStep",
      "duration": 0,
      "threshold": 0,
      "subCheckPoints": []
    },
    {
      "message": "Then  I enter \"45\" to \"bus.number\"",
      "type": "TestStep",
      "duration": 0,
      "threshold": 0,
      "subCheckPoints": []
    },
    {
      "message": "Then  I click on \"status.button\"",
      "type": "TestStep",
      "duration": 0,
      "threshold": 0,
      "subCheckPoints": []
    }
  ],
  "errorTrace": "org.openqa.selenium.TimeoutException: Timed out after 30 seconds waiting for presence of element located by: By.xpath: //*[text()=\"Train Status\"]\nBuild info: version: '2.53.0', revision: '35ae25b1534ae328c771e0856c93e187490ca824', time: '2016-03-15 10:43:46'\nSystem info: host: 'UziMac.fios-router.home', ip: '192.168.1.155', os.name: 'Mac OS X', os.arch: 'x86_64', os.version: '10.11.1', java.version: '1.8.0_45'\nDriver info: driver.version: QAFExtendedWebDriver\n\tat org.openqa.selenium.support.ui.FluentWait.timeoutException(FluentWait.java:292)\n\tat org.openqa.selenium.support.ui.FluentWait.until(FluentWait.java:261)\n\tat com.qmetry.qaf.automation.ui.webdriver.QAFExtendedWebDriver.load(QAFExtendedWebDriver.java:203)\n\tat com.qmetry.qaf.automation.ui.webdriver.QAFExtendedWebElement.load(QAFExtendedWebElement.java:253)\n\tat com.qmetry.qaf.automation.ui.webdriver.QAFExtendedWebElement.execute(QAFExtendedWebElement.java:208)\n\tat org.openqa.selenium.remote.RemoteWebElement.click(RemoteWebElement.java:85)\n\tat com.qmetry.qaf.automation.step.CommonStep.click(CommonStep.java:593)\n\tat com.perfectomobile.quantum.steps.PerfectoApplicationSteps.iClick(PerfectoApplicationSteps.java:220)\n\tat âœ½.Then I click on \"train.status\"(Amtrak.feature:6)\nCaused by: org.openqa.selenium.NoSuchElementException: Element with by xpath '//*[text()=\"Train Status\"]' wasn't found.\nFor documentation on this error, please visit: http://seleniumhq.org/exceptions/no_such_element.html\nBuild info: version: '2.48.2', revision: '41bccdd10cf2c0560f637404c2d96164b67d9d67', time: '2015-10-09 13:08:06'\nSystem info: host: 'Beta-MCM', ip: '1.1.95.10', os.name: 'Windows Server 2008 R2', os.arch: 'amd64', os.version: '6.1', java.version: '1.8.0_102'\nDriver info: driver.version: EventFiringWebDriver\nCommand duration or timeout: 31.37 seconds\nFor documentation on this error, please visit: http://seleniumhq.org/exceptions/no_such_element.html\nBuild info: version: '2.53.0', revision: '35ae25b1534ae328c771e0856c93e187490ca824', time: '2016-03-15 10:43:46'\nSystem info: host: 'UziMac.fios-router.home', ip: '192.168.1.155', os.name: 'Mac OS X', os.arch: 'x86_64', os.version: '10.11.1', java.version: '1.8.0_45'\nDriver info: com.qmetry.qaf.automation.ui.webdriver.QAFExtendedWebDriver\nCapabilities [{rotatable=true, testGridReportUrl=https://beta.reporting-01.perfectomobile.com?externalId[0]=uzie@perfectomobile.com_RemoteWebDriver_16-10-07_12_53_09_3133, entityType=remote_web_driver, deviceName=1215FC70BAE54004, serverConnector=, platform=ANY, executionId=uzie@perfectomobile.com_RemoteWebDriver_16-10-07_12_53_09_3133, password=, webdriver.remote.sessionid=83b35998-96b6-48e4-acee-343cbbab0171, automationName=Appium, host=beta.perfectomobile.com, singleTestReportUrl=https://beta.perfectomobile.com/nexperience/singletest/report/?reportRepositoryKey=PRIVATE:RemoteWebDriver/161007/RemoteWebDriver_16-10-07_12_53_09_3133.xml&ownerId=uzie@perfectomobile.com&sharingCode=881482db-6102-4b28-ab58-145b5974999c, locationContextEnabled=true, takesScreenshot=true, browserName=MobileOS, scriptName=RemoteWebDriver, javascriptEnabled=true, reportKey=PRIVATE:RemoteWebDriver/161007/RemoteWebDriver_16-10-07_12_53_09_3133.xml, windTunnelReportUrl=https://beta.perfectomobile.com/nexperience/singletest/report/?reportRepositoryKey=PRIVATE:RemoteWebDriver/161007/RemoteWebDriver_16-10-07_12_53_09_3133.xml&ownerId=uzie@perfectomobile.com&sharingCode=881482db-6102-4b28-ab58-145b5974999c, user=, cssSelectorsEnabled=true}]\nSession ID: 83b35998-96b6-48e4-acee-343cbbab0171\n*** Element info: {Using=xpath, value=//*[text()=\"Train Status\"]}\n\tat sun.reflect.NativeConstructorAccessorImpl.newInstance0(Native Method)\n\tat sun.reflect.NativeConstructorAccessorImpl.newInstance(NativeConstructorAccessorImpl.java:62)\n\tat sun.reflect.DelegatingConstructorAccessorImpl.newInstance(DelegatingConstructorAccessorImpl.java:45)\n\tat java.lang.reflect.Constructor.newInstance(Constructor.java:422)\n\tat org.openqa.selenium.remote.ErrorHandler.createThrowable(ErrorHandler.java:206)\n\tat org.openqa.selenium.remote.ErrorHandler.throwIfResponseFailed(ErrorHandler.java:158)\n\tat org.openqa.selenium.remote.RemoteWebDriver.execute(RemoteWebDriver.java:678)\n\tat com.qmetry.qaf.automation.ui.webdriver.QAFExtendedWebDriver.execute(QAFExtendedWebDriver.java:223)\n\tat org.openqa.selenium.remote.RemoteWebDriver.findElement(RemoteWebDriver.java:363)\n\tat org.openqa.selenium.remote.RemoteWebDriver.findElementByXPath(RemoteWebDriver.java:500)\n\tat com.qmetry.qaf.automation.ui.webdriver.QAFExtendedWebDriver.findElementByXPath(QAFExtendedWebDriver.java:381)\n\tat com.qmetry.qaf.automation.ui.webdriver.QAFExtendedWebDriver.findElementByXPath(QAFExtendedWebDriver.java:1)\n\tat org.openqa.selenium.By$ByXPath.findElement(By.java:361)\n\tat org.openqa.selenium.remote.RemoteWebDriver.findElement(RemoteWebDriver.java:355)\n\tat com.qmetry.qaf.automation.ui.webdriver.QAFExtendedWebDriver.findElement(QAFExtendedWebDriver.java:158)\n\tat com.qmetry.qaf.automation.ui.webdriver.QAFExtendedWebDriver.findElement(QAFExtendedWebDriver.java:1)\n\tat org.openqa.selenium.support.ui.ExpectedConditions.findElement(ExpectedConditions.java:899)\n\tat org.openqa.selenium.support.ui.ExpectedConditions.access$000(ExpectedConditions.java:41)\n\tat org.openqa.selenium.support.ui.ExpectedConditions$6.apply(ExpectedConditions.java:181)\n\tat org.openqa.selenium.support.ui.ExpectedConditions$6.apply(ExpectedConditions.java:178)\n\tat org.openqa.selenium.support.ui.FluentWait.until(FluentWait.java:238)\n\tat com.qmetry.qaf.automation.ui.webdriver.QAFExtendedWebDriver.load(QAFExtendedWebDriver.java:203)\n\tat com.qmetry.qaf.automation.ui.webdriver.QAFExtendedWebElement.load(QAFExtendedWebElement.java:253)\n\tat com.qmetry.qaf.automation.ui.webdriver.QAFExtendedWebElement.execute(QAFExtendedWebElement.java:208)\n\tat org.openqa.selenium.remote.RemoteWebElement.click(RemoteWebElement.java:85)\n\tat com.qmetry.qaf.automation.step.CommonStep.click(CommonStep.java:593)\n\tat com.perfectomobile.quantum.steps.PerfectoApplicationSteps.iClick(PerfectoApplicationSteps.java:220)\n\tat sun.reflect.NativeMethodAccessorImpl.invoke0(Native Method)\n\tat sun.reflect.NativeMethodAccessorImpl.invoke(NativeMethodAccessorImpl.java:62)\n\tat sun.reflect.DelegatingMethodAccessorImpl.invoke(DelegatingMethodAccessorImpl.java:43)\n\tat java.lang.reflect.Method.invoke(Method.java:497)\n\tat cucumber.runtime.Utils$1.call(Utils.java:40)\n\tat cucumber.runtime.Timeout.timeout(Timeout.java:16)\n\tat cucumber.runtime.Utils.invoke(Utils.java:34)\n\tat cucumber.runtime.java.JavaStepDefinition.execute(JavaStepDefinition.java:38)\n\tat cucumber.runtime.StepDefinitionMatch.runStep(StepDefinitionMatch.java:37)\n\tat cucumber.runtime.Runtime.runStep(Runtime.java:300)\n\tat cucumber.runtime.model.StepContainer.runStep(StepContainer.java:44)\n\tat cucumber.runtime.model.StepContainer.runSteps(StepContainer.java:39)\n\tat cucumber.runtime.model.CucumberScenario.run(CucumberScenario.java:44)\n\tat cucumber.runtime.model.CucumberFeature.run(CucumberFeature.java:165)\n\tat cucumber.api.testng.TestNGCucumberRunner.runCucumber(TestNGCucumberRunner.java:63)\n\tat com.perfectomobile.quantum.runners.CucumberTestsRunner.feature(CucumberTestsRunner.java:124)\n\tat sun.reflect.NativeMethodAccessorImpl.invoke0(Native Method)\n\tat sun.reflect.NativeMethodAccessorImpl.invoke(NativeMethodAccessorImpl.java:62)\n\tat sun.reflect.DelegatingMethodAccessorImpl.invoke(DelegatingMethodAccessorImpl.java:43)\n\tat java.lang.reflect.Method.invoke(Method.java:497)\n\tat org.testng.internal.MethodInvocationHelper.invokeMethod(MethodInvocationHelper.java:86)\n\tat org.testng.internal.Invoker.invokeMethod(Invoker.java:643)\n\tat org.testng.internal.Invoker.invokeTestMethod(Invoker.java:820)\n\tat org.testng.internal.Invoker.invokeTestMethods(Invoker.java:1128)\n\tat org.testng.internal.TestMethodWorker.invokeTestMethods(TestMethodWorker.java:129)\n\tat org.testng.internal.TestMethodWorker.run(TestMethodWorker.java:112)\n\tat org.testng.TestRunner.privateRun(TestRunner.java:782)\n\tat org.testng.TestRunner.run(TestRunner.java:632)\n\tat org.testng.SuiteRunner.runTest(SuiteRunner.java:366)\n\tat org.testng.SuiteRunner.access$000(SuiteRunner.java:39)\n\tat org.testng.SuiteRunner$SuiteWorker.run(SuiteRunner.java:400)\n\tat org.testng.internal.thread.ThreadUtil$2.call(ThreadUtil.java:64)\n\tat java.util.concurrent.FutureTask.run(FutureTask.java:266)\n\tat java.util.concurrent.ThreadPoolExecutor.runWorker(ThreadPoolExecutor.java:1142)\n\tat java.util.concurrent.ThreadPoolExecutor$Worker.run(ThreadPoolExecutor.java:617)\n\tat java.lang.Thread.run(Thread.java:745)\nCaused by: org.openqa.selenium.remote.ScreenshotException: Screen shot has been taken\nBuild info: version: '2.53.0', revision: '35ae25b1534ae328c771e0856c93e187490ca824', time: '2016-03-15 10:43:46'\nSystem info: host: 'UziMac.fios-router.home', ip: '192.168.1.155', os.name: 'Mac OS X', os.arch: 'x86_64', os.version: '10.11.1', java.version: '1.8.0_45'\nDriver info: driver.version: QAFExtendedWebDriver\n\tat org.openqa.selenium.remote.ErrorHandler.throwIfResponseFailed(ErrorHandler.java:138)\n\t... 57 more\nCaused by: org.openqa.selenium.NoSuchElementException: Element with by xpath '//*[text()=\"Train Status\"]' wasn't found.\nFor documentation on this error, please visit: http://seleniumhq.org/exceptions/no_such_element.html\nBuild info: version: '2.48.2', revision: '41bccdd10cf2c0560f637404c2d96164b67d9d67', time: '2015-10-09 13:08:06'\nSystem info: host: 'Beta-MCM', ip: '1.1.95.10', os.name: 'Windows Server 2008 R2', os.arch: 'amd64', os.version: '6.1', java.version: '1.8.0_102'\nDriver info: driver.version: EventFiringWebDriver\nFor documentation on this error, please visit: http://seleniumhq.org/exceptions/no_such_element.html\nBuild info: version: '2.53.0', revision: '35ae25b1534ae328c771e0856c93e187490ca824', time: '2016-03-15 10:43:46'\nSystem info: host: 'UziMac.fios-router.home', ip: '192.168.1.155', os.name: 'Mac OS X', os.arch: 'x86_64', os.version: '10.11.1', java.version: '1.8.0_45'\nDriver info: driver.version: EventFiringWebDriver\n\tat com.perfectomobile.selenium.MobileApplication.getSingleElement(MobileApplication.java:369)\n\tat com.perfectomobile.selenium.MobileApplication.findElementByXPath(MobileApplication.java:211)\n\tat org.openqa.selenium.By$ByXPath.findElement(By.java:361)\n\tat com.perfectomobile.selenium.MobileApplication.findElement(MobileApplication.java:150)\n\tat com.perfectomobile.selenium.server.PerfectoMobileDriver.findElement(PerfectoMobileDriver.java:612)\n\tat sun.reflect.GeneratedMethodAccessor1180.invoke(Unknown Source)\n\tat sun.reflect.DelegatingMethodAccessorImpl.invoke(DelegatingMethodAccessorImpl.java:43)\n\tat java.lang.reflect.Method.invoke(Method.java:498)\n\tat org.openqa.selenium.support.events.EventFiringWebDriver$2.invoke(EventFiringWebDriver.java:102)\n\tat com.sun.proxy.$Proxy279.findElement(Unknown Source)\n\tat org.openqa.selenium.support.events.EventFiringWebDriver.findElement(EventFiringWebDriver.java:187)\n\tat org.openqa.selenium.remote.server.handler.FindElement.call(FindElement.java:48)\n\tat org.openqa.selenium.remote.server.handler.FindElement.call(FindElement.java:33)\n\tat java.util.concurrent.FutureTask.run(FutureTask.java:266)\n\tat org.openqa.selenium.remote.server.MobileDefaultSession$1.run(MobileDefaultSession.java:182)\n\t... 3 more\n"
}