<?xml version="1.0" encoding="UTF-8"?>
<!-- Generated by org.testng.reporters.JUnitXMLReporter -->
<testsuite hostname="UziMac" name="BDD Galaxy6" tests="1" failures="1" timestamp="26 Oct 2016 17:26:20 GMT" time="8.372" errors="0">
  <testcase name="@AfterClass tearDownClass" time="0.0" classname="com.perfectomobile.quantum.runners.MyCucumberTestsRunner">
    <skipped/>
  </testcase> <!-- @AfterClass tearDownClass -->
  <testcase name="Amtrak test" time="7.74" classname="com.perfectomobile.quantum.runners.MyCucumberTestsRunner">
    <failure type="java.lang.NullPointerException">
      <![CDATA[java.lang.NullPointerException
	at com.perfecto.reportium.client.PerfectoReportiumClient.executeScript(PerfectoReportiumClient.java:101)
	at com.perfecto.reportium.client.PerfectoReportiumClient.testStart(PerfectoReportiumClient.java:59)
	at com.perfecto.reportium.testng.ReportiumTestNgListener.reportTestStart(ReportiumTestNgListener.java:123)
	at com.perfecto.reportium.testng.ReportiumTestNgListener.beforeInvocation(ReportiumTestNgListener.java:106)
	at java.util.concurrent.FutureTask.run(FutureTask.java:266)
	at java.util.concurrent.ThreadPoolExecutor.runWorker(ThreadPoolExecutor.java:1142)
	at java.util.concurrent.ThreadPoolExecutor$Worker.run(ThreadPoolExecutor.java:617)
	at java.lang.Thread.run(Thread.java:745)
... Removed 14 stack frames]]>
    </failure>
  </testcase> <!-- Amtrak test -->
</testsuite> <!-- BDD Galaxy6 -->
