<?xml version="1.0" encoding="UTF-8"?>
<!-- Generated by org.testng.reporters.JUnitXMLReporter -->
<testsuite hostname="UziMac.local" name="Default test" tests="1" failures="1" timestamp="17 Oct 2016 15:31:02 GMT" time="38.919" errors="0">
  <testcase name="ebay" time="14.429" classname="com.perfectomobile.quantum.java.tests.audio.PMTL">
    <failure type="org.openqa.selenium.WebDriverException" message="Failed to execute command application open: application-start command failed. Reason: handset server: cannot execute command. Cannot find identifier.
Command duration or timeout: 571 milliseconds
Build info: version: &amp;apos;2.53.0&amp;apos;, revision: &amp;apos;35ae25b1534ae328c771e0856c93e187490ca824&amp;apos;, time: &amp;apos;2016-03-15 10:43:46&amp;apos;
System info: host: &amp;apos;UziMac.local&amp;apos;, ip: &amp;apos;172.21.31.27&amp;apos;, os.name: &amp;apos;Mac OS X&amp;apos;, os.arch: &amp;apos;x86_64&amp;apos;, os.version: &amp;apos;10.11.1&amp;apos;, java.version: &amp;apos;1.8.0_45&amp;apos;
Driver info: com.qmetry.qaf.automation.ui.webdriver.QAFExtendedWebDriver
Capabilities [{rotatable=true, testGridReportUrl=https://beta.reporting-01.perfectomobile.com?externalId[0]=uzie@perfectomobile.com_RemoteWebDriver_16-10-17_15_30_24_4297, entityType=remote_web_driver, serverConnector=, deviceName=988667325047395643, platform=ANY, executionId=uzie@perfectomobile.com_RemoteWebDriver_16-10-17_15_30_24_4297, password=, webdriver.remote.sessionid=3ec1d442-d3e5-4358-b918-386058dfb2b9, automationName=Appium, host=beta.perfectomobile.com, singleTestReportUrl=https://beta.perfectomobile.com/nexperience/singletest/report/?reportRepositoryKey=PRIVATE:RemoteWebDriver/161017/RemoteWebDriver_16-10-17_15_30_24_4297.xml&amp;amp;ownerId=uzie@perfectomobile.com&amp;amp;sharingCode=b8b81b5e-344e-4cab-b1ed-566d1084b5b2, locationContextEnabled=true, takesScreenshot=true, browserName=MobileOS, scriptName=RemoteWebDriver, javascriptEnabled=true, reportKey=PRIVATE:RemoteWebDriver/161017/RemoteWebDriver_16-10-17_15_30_24_4297.xml, windTunnelReportUrl=https://beta.perfectomobile.com/nexperience/singletest/report/?reportRepositoryKey=PRIVATE:RemoteWebDriver/161017/RemoteWebDriver_16-10-17_15_30_24_4297.xml&amp;amp;ownerId=uzie@perfectomobile.com&amp;amp;sharingCode=b8b81b5e-344e-4cab-b1ed-566d1084b5b2, user=, cssSelectorsEnabled=true}]
Session ID: 3ec1d442-d3e5-4358-b918-386058dfb2b9">
      <![CDATA[org.openqa.selenium.WebDriverException: Failed to execute command application open: application-start command failed. Reason: handset server: cannot execute command. Cannot find identifier.
Command duration or timeout: 571 milliseconds
Build info: version: '2.53.0', revision: '35ae25b1534ae328c771e0856c93e187490ca824', time: '2016-03-15 10:43:46'
System info: host: 'UziMac.local', ip: '172.21.31.27', os.name: 'Mac OS X', os.arch: 'x86_64', os.version: '10.11.1', java.version: '1.8.0_45'
Driver info: com.qmetry.qaf.automation.ui.webdriver.QAFExtendedWebDriver
Capabilities [{rotatable=true, testGridReportUrl=https://beta.reporting-01.perfectomobile.com?externalId[0]=uzie@perfectomobile.com_RemoteWebDriver_16-10-17_15_30_24_4297, entityType=remote_web_driver, serverConnector=, deviceName=988667325047395643, platform=ANY, executionId=uzie@perfectomobile.com_RemoteWebDriver_16-10-17_15_30_24_4297, password=, webdriver.remote.sessionid=3ec1d442-d3e5-4358-b918-386058dfb2b9, automationName=Appium, host=beta.perfectomobile.com, singleTestReportUrl=https://beta.perfectomobile.com/nexperience/singletest/report/?reportRepositoryKey=PRIVATE:RemoteWebDriver/161017/RemoteWebDriver_16-10-17_15_30_24_4297.xml&ownerId=uzie@perfectomobile.com&sharingCode=b8b81b5e-344e-4cab-b1ed-566d1084b5b2, locationContextEnabled=true, takesScreenshot=true, browserName=MobileOS, scriptName=RemoteWebDriver, javascriptEnabled=true, reportKey=PRIVATE:RemoteWebDriver/161017/RemoteWebDriver_16-10-17_15_30_24_4297.xml, windTunnelReportUrl=https://beta.perfectomobile.com/nexperience/singletest/report/?reportRepositoryKey=PRIVATE:RemoteWebDriver/161017/RemoteWebDriver_16-10-17_15_30_24_4297.xml&ownerId=uzie@perfectomobile.com&sharingCode=b8b81b5e-344e-4cab-b1ed-566d1084b5b2, user=, cssSelectorsEnabled=true}]
Session ID: 3ec1d442-d3e5-4358-b918-386058dfb2b9
	at sun.reflect.NativeConstructorAccessorImpl.newInstance0(Native Method)
	at sun.reflect.NativeConstructorAccessorImpl.newInstance(NativeConstructorAccessorImpl.java:62)
	at sun.reflect.DelegatingConstructorAccessorImpl.newInstance(DelegatingConstructorAccessorImpl.java:45)
	at java.lang.reflect.Constructor.newInstance(Constructor.java:422)
	at org.openqa.selenium.remote.ErrorHandler.createThrowable(ErrorHandler.java:206)
	at org.openqa.selenium.remote.ErrorHandler.throwIfResponseFailed(ErrorHandler.java:158)
	at org.openqa.selenium.remote.RemoteWebDriver.execute(RemoteWebDriver.java:678)
	at com.qmetry.qaf.automation.ui.webdriver.QAFExtendedWebDriver.execute(QAFExtendedWebDriver.java:223)
	at com.qmetry.qaf.automation.ui.webdriver.QAFExtendedWebDriver.executeScript(QAFExtendedWebDriver.java:508)
	at com.perfectomobile.quantum.utils.ApplicationUtils.startApp(ApplicationUtils.java:43)
	at com.perfectomobile.quantum.java.tests.audio.PMTL.ebay(PMTL.java:28)
	at sun.reflect.NativeMethodAccessorImpl.invoke0(Native Method)
	at sun.reflect.NativeMethodAccessorImpl.invoke(NativeMethodAccessorImpl.java:62)
	at sun.reflect.DelegatingMethodAccessorImpl.invoke(DelegatingMethodAccessorImpl.java:43)
	at java.lang.reflect.Method.invoke(Method.java:497)
	at org.testng.internal.MethodInvocationHelper.invokeMethod(MethodInvocationHelper.java:86)
	at org.testng.internal.Invoker.invokeMethod(Invoker.java:643)
	at org.testng.internal.Invoker.invokeTestMethod(Invoker.java:820)
	at org.testng.internal.Invoker.invokeTestMethods(Invoker.java:1128)
	at org.testng.internal.TestMethodWorker.invokeTestMethods(TestMethodWorker.java:129)
	at org.testng.internal.TestMethodWorker.run(TestMethodWorker.java:112)
	at org.testng.TestRunner.privateRun(TestRunner.java:782)
	at org.testng.TestRunner.run(TestRunner.java:632)
	at org.testng.SuiteRunner.runTest(SuiteRunner.java:366)
	at org.testng.SuiteRunner.runSequentially(SuiteRunner.java:361)
	at org.testng.SuiteRunner.privateRun(SuiteRunner.java:319)
	at org.testng.SuiteRunner.run(SuiteRunner.java:268)
	at org.testng.SuiteRunnerWorker.runSuite(SuiteRunnerWorker.java:52)
	at org.testng.SuiteRunnerWorker.run(SuiteRunnerWorker.java:86)
	at org.testng.TestNG.runSuitesSequentially(TestNG.java:1244)
	at org.testng.TestNG.runSuitesLocally(TestNG.java:1169)
	at org.testng.TestNG.run(TestNG.java:1064)
	at org.testng.remote.AbstractRemoteTestNG.run(AbstractRemoteTestNG.java:126)
	at org.testng.remote.RemoteTestNG.initAndRun(RemoteTestNG.java:152)
	at org.testng.remote.RemoteTestNG.main(RemoteTestNG.java:57)
Caused by: java.lang.RuntimeException: Failed to execute command application open: application-start command failed. Reason: handset server: cannot execute command. Cannot find identifier.
	at com.perfectomobile.selenium.MobileEntity.processCommonResponse(MobileEntity.java:98)
	at com.perfectomobile.selenium.MobileDevice.processResponse(MobileDevice.java:510)
	at com.perfectomobile.selenium.MobileEntity.executeDataCommand(MobileEntity.java:68)
	at com.perfectomobile.selenium.MobileEntity.executeDataCommand(MobileEntity.java:61)
	at com.perfectomobile.selenium.MobileDevice.executeGenericCommand(MobileDevice.java:581)
	at com.perfectomobile.selenium.MobileDevice.executeGenericCommand(MobileDevice.java:57)
	at com.perfectomobile.selenium.server.appium.ExecuteScript.executeGenericCommand(ExecuteScript.java:95)
	at com.perfectomobile.selenium.server.appium.ExecuteScript.executeGenericCommand(ExecuteScript.java:65)
	at com.perfectomobile.selenium.server.appium.ExecuteScript.mobileCall(ExecuteScript.java:47)
	at com.perfectomobile.selenium.server.MobileWebDriverHandler.call(MobileWebDriverHandler.java:26)
	at java.util.concurrent.FutureTask.run(FutureTask.java:266)
	at org.openqa.selenium.remote.server.MobileDefaultSession$1.run(MobileDefaultSession.java:182)
	at java.util.concurrent.ThreadPoolExecutor.runWorker(ThreadPoolExecutor.java:1142)
	at java.util.concurrent.ThreadPoolExecutor$Worker.run(ThreadPoolExecutor.java:617)
	at java.lang.Thread.run(Thread.java:745)
]]>
    </failure>
  </testcase> <!-- ebay -->
</testsuite> <!-- Default test -->
