<?xml version="1.0" encoding="UTF-8"?>
<testng-results skipped="0" failed="2" total="4" passed="2">
  <reporter-output>
    <line>
      <![CDATA[<div style="display:block;margin-left:10px;"></div>]]>
    </line>
    <line>
      <![CDATA[<div style="display:block;margin-left:10px;"></div>]]>
    </line>
    <line>
      <![CDATA[<div style="display:block;margin-left:10px;"></div>]]>
    </line>
    <line>
      <![CDATA[<div style="display:block;margin-left:10px;"></div>]]>
    </line>
    <line>
      <![CDATA[<div style="display:block;margin-left:10px;"></div>]]>
    </line>
    <line>
      <![CDATA[<div style="display:block;margin-left:10px;"></div>]]>
    </line>
    <line>
      <![CDATA[<div style="display:block;margin-left:10px;"></div>]]>
    </line>
    <line>
      <![CDATA[<div style="display:block;margin-left:10px;"></div>]]>
    </line>
    <line>
      <![CDATA[<div style="display:block;margin-left:10px;"></div>]]>
    </line>
    <line>
      <![CDATA[<div style="display:block;margin-left:10px;"></div>]]>
    </line>
    <line>
      <![CDATA[<div style="display:block;margin-left:10px;"></div>]]>
    </line>
    <line>
      <![CDATA[<div style="display:block;margin-left:10px;"></div>]]>
    </line>
    <line>
      <![CDATA[<div style="display:block;margin-left:10px;"></div>]]>
    </line>
    <line>
      <![CDATA[<div style="display:block;margin-left:10px;"></div>]]>
    </line>
    <line>
      <![CDATA[<div style="display:block;margin-left:10px;"></div>]]>
    </line>
    <line>
      <![CDATA[<div style="display:block;margin-left:10px;"></div>]]>
    </line>
    <line>
      <![CDATA[<div style="display:block;margin-left:10px;"></div>]]>
    </line>
    <line>
      <![CDATA[<div style="display:block;margin-left:10px;"></div>]]>
    </line>
    <line>
      <![CDATA[<div style="display:block;margin-left:10px;"><div  class="fail"><span class="fail-label">F </span>java.lang.NullPointerException</div></div>]]>
    </line>
    <line>
      <![CDATA[<div style="display:block;margin-left:10px;"></div>]]>
    </line>
    <line>
      <![CDATA[<div style="display:block;margin-left:10px;"></div>]]>
    </line>
    <line>
      <![CDATA[<div style="display:block;margin-left:10px;"><div  class="fail"><span class="fail-label">F </span>java.lang.NullPointerException</div></div>]]>
    </line>
    <line>
      <![CDATA[<div style="display:block;margin-left:10px;"></div>]]>
    </line>
    <line>
      <![CDATA[<div style="display:block;margin-left:10px;"></div>]]>
    </line>
    <line>
      <![CDATA[<div style="display:block;margin-left:10px;"><div  class="fail"><span class="fail-label">F </span>Unable to Create Driver Instance Failed to execute command handset open: Cannot open device F15118A63C51D54E3CEA474B32CFE2ECDAF1AB70 for user uzie@perfectomobile.com, device is in use.
Command duration or timeout: 477 milliseconds
Build info: version: '2.53.0', revision: '35ae25b1534ae328c771e0856c93e187490ca824', time: '2016-03-15 10:43:46'
System info: host: 'UziMac', ip: '192.168.43.133', os.name: 'Mac OS X', os.arch: 'x86_64', os.version: '10.11.1', java.version: '1.8.0_45'
Driver info: com.qmetry.qaf.automation.ui.webdriver.QAFExtendedWebDriver</div></div>]]>
    </line>
    <line>
      <![CDATA[<div style="display:block;margin-left:10px;"></div>]]>
    </line>
    <line>
      <![CDATA[<div style="display:block;margin-left:10px;"></div>]]>
    </line>
    <line>
      <![CDATA[<div style="display:block;margin-left:10px;"><div  class="fail"><span class="fail-label">F </span>Unable to Create Driver Instance Failed to execute command handset open: Allocation failed. Invalid device status (ERROR) or disconnecting status (DISCONNECTING) for device: 1215FC70BAE54004 on cradle: WF-CG21-4-8/VIRTUAL/01
Command duration or timeout: 529 milliseconds
Build info: version: '2.53.0', revision: '35ae25b1534ae328c771e0856c93e187490ca824', time: '2016-03-15 10:43:46'
System info: host: 'UziMac', ip: '192.168.43.133', os.name: 'Mac OS X', os.arch: 'x86_64', os.version: '10.11.1', java.version: '1.8.0_45'
Driver info: com.qmetry.qaf.automation.ui.webdriver.QAFExtendedWebDriver</div></div>]]>
    </line>
    <line>
      <![CDATA[<div style="display:block;margin-left:10px;"></div>]]>
    </line>
    <line>
      <![CDATA[<div style="display:block;margin-left:10px;"></div>]]>
    </line>
    <line>
      <![CDATA[<div style="display:block;margin-left:10px;"></div>]]>
    </line>
    <line>
      <![CDATA[<div style="display:block;margin-left:10px;"></div>]]>
    </line>
    <line>
      <![CDATA[<div style="display:block;margin-left:10px;"></div>]]>
    </line>
    <line>
      <![CDATA[<div style="display:block;margin-left:10px;"></div>]]>
    </line>
    <line>
      <![CDATA[<div style="display:block;margin-left:10px;"></div>]]>
    </line>
    <line>
      <![CDATA[<div style="display:block;margin-left:10px;"></div>]]>
    </line>
    <line>
      <![CDATA[<div style="display:block;margin-left:10px;"></div>]]>
    </line>
    <line>
      <![CDATA[<div style="display:block;margin-left:10px;"></div>]]>
    </line>
    <line>
      <![CDATA[<div style="display:block;margin-left:10px;"></div>]]>
    </line>
    <line>
      <![CDATA[<div style="display:block;margin-left:10px;"></div>]]>
    </line>
    <line>
      <![CDATA[<div style="display:block;margin-left:10px;"></div>]]>
    </line>
    <line>
      <![CDATA[<div style="display:block;margin-left:10px;"></div>]]>
    </line>
    <line>
      <![CDATA[<div style="display:block;margin-left:10px;"></div>]]>
    </line>
  </reporter-output>
  <suite name="AmtrakLogin" duration-ms="79591" started-at="2016-10-26T17:26:12Z" finished-at="2016-10-26T17:27:31Z">
    <groups>
      <group name="Data Driven Group">
        <method signature="CucumberTestsRunner.feature(java.util.Map)[pri:0, instance:com.perfectomobile.quantum.runners.MyCucumberTestsRunner@60db1c0e]" name="feature" class="com.perfectomobile.quantum.runners.CucumberTestsRunner"/>
        <method signature="CucumberTestsRunner.feature(java.util.Map)[pri:0, instance:com.perfectomobile.quantum.runners.MyCucumberTestsRunner@47c81abf]" name="feature" class="com.perfectomobile.quantum.runners.CucumberTestsRunner"/>
        <method signature="CucumberTestsRunner.feature(java.util.Map)[pri:0, instance:com.perfectomobile.quantum.runners.MyCucumberTestsRunner@35b74c5c]" name="feature" class="com.perfectomobile.quantum.runners.CucumberTestsRunner"/>
        <method signature="CucumberTestsRunner.feature(java.util.Map)[pri:0, instance:com.perfectomobile.quantum.runners.MyCucumberTestsRunner@1ebea008]" name="feature" class="com.perfectomobile.quantum.runners.CucumberTestsRunner"/>
      </group> <!-- Data Driven Group -->
    </groups>
    <test name="BDD Android" duration-ms="8239" started-at="2016-10-26T17:26:12Z" finished-at="2016-10-26T17:26:20Z">
      <class name="com.perfectomobile.quantum.runners.MyCucumberTestsRunner">
        <test-method status="PASS" signature="setupTest(org.testng.ITestContext)[pri:0, instance:com.perfectomobile.quantum.runners.MyCucumberTestsRunner@60db1c0e]" test-instance-name="Amtrak test" name="setupTest" is-config="true" duration-ms="1" started-at="2016-10-26T12:26:12Z" finished-at="2016-10-26T12:26:12Z">
          <params>
            <param index="0">
              <value>
                <![CDATA[org.testng.TestRunner@35040c76]]>
              </value>
            </param>
          </params>
          <reporter-output>
            <line>
              <![CDATA[<div style="display:block;margin-left:10px;"></div>]]>
            </line>
          </reporter-output>
        </test-method> <!-- setupTest -->
        <test-method status="PASS" signature="setup(org.testng.ITestContext)[pri:0, instance:com.perfectomobile.quantum.runners.MyCucumberTestsRunner@60db1c0e]" test-instance-name="Amtrak test" name="setup" is-config="true" duration-ms="0" started-at="2016-10-26T12:26:12Z" finished-at="2016-10-26T12:26:12Z">
          <params>
            <param index="0">
              <value>
                <![CDATA[org.testng.TestRunner@35040c76]]>
              </value>
            </param>
          </params>
          <reporter-output>
            <line>
              <![CDATA[<div style="display:block;margin-left:10px;"></div>]]>
            </line>
          </reporter-output>
        </test-method> <!-- setup -->
        <test-method status="PASS" signature="beforeClass(org.testng.ITestContext, java.lang.String, java.lang.String, java.lang.String, java.lang.String, boolean)[pri:0, instance:com.perfectomobile.quantum.runners.MyCucumberTestsRunner@60db1c0e]" test-instance-name="Amtrak test" name="beforeClass" is-config="true" duration-ms="27" started-at="2016-10-26T12:26:12Z" finished-at="2016-10-26T12:26:12Z">
          <params>
            <param index="0">
              <value>
                <![CDATA[org.testng.TestRunner@35040c76]]>
              </value>
            </param>
            <param index="1">
              <value>
                <![CDATA[@amtrak]]>
              </value>
            </param>
            <param index="2">
              <value>
                <![CDATA[com.perfectomobile.quantum.steps]]>
              </value>
            </param>
            <param index="3">
              <value>
                <![CDATA[src/test/java/com/perfectomobile/quantum/features]]>
              </value>
            </param>
            <param index="4">
              <value>
                <![CDATA[com.qmetry.qaf.automation.cucumber.QAFCucumberFormatter]]>
              </value>
            </param>
            <param index="5">
              <value>
                <![CDATA[false]]>
              </value>
            </param>
          </params>
          <reporter-output>
            <line>
              <![CDATA[<div style="display:block;margin-left:10px;"></div>]]>
            </line>
          </reporter-output>
        </test-method> <!-- beforeClass -->
        <test-method status="PASS" signature="setupMethod(java.lang.reflect.Method, org.testng.ITestContext)[pri:0, instance:com.perfectomobile.quantum.runners.MyCucumberTestsRunner@60db1c0e]" test-instance-name="Amtrak test" name="setupMethod" is-config="true" duration-ms="1" started-at="2016-10-26T12:26:12Z" finished-at="2016-10-26T12:26:12Z">
          <params>
            <param index="0">
              <value>
                <![CDATA[public void com.perfectomobile.quantum.runners.CucumberTestsRunner.feature(java.util.Map) throws java.lang.InterruptedException]]>
              </value>
            </param>
            <param index="1">
              <value>
                <![CDATA[org.testng.TestRunner@35040c76]]>
              </value>
            </param>
          </params>
          <reporter-output>
            <line>
              <![CDATA[<div style="display:block;margin-left:10px;"></div>]]>
            </line>
          </reporter-output>
        </test-method> <!-- setupMethod -->
        <test-method name="feature" test-instance-name="Amtrak test" signature="feature(java.util.Map)[pri:0, instance:com.perfectomobile.quantum.runners.MyCucumberTestsRunner@60db1c0e]" status="FAIL" duration-ms="7650" finished-at="2016-10-26T12:26:20Z" started-at="2016-10-26T12:26:12Z" data-provider="dataDrivenProvider" description="Data Driven Runner Test Description">
          <params>
            <param index="0">
              <value>
                <![CDATA[{DATAFILE=N/A}]]>
              </value>
            </param>
          </params>
          <exception class="java.lang.NullPointerException">
            <full-stacktrace>
              <![CDATA[java.lang.NullPointerException
	at com.perfecto.reportium.client.PerfectoReportiumClient.executeScript(PerfectoReportiumClient.java:101)
	at com.perfecto.reportium.client.PerfectoReportiumClient.testStart(PerfectoReportiumClient.java:59)
	at com.perfecto.reportium.testng.ReportiumTestNgListener.reportTestStart(ReportiumTestNgListener.java:123)
	at com.perfecto.reportium.testng.ReportiumTestNgListener.beforeInvocation(ReportiumTestNgListener.java:106)
	at org.testng.internal.invokers.InvokedMethodListenerInvoker$InvokeBeforeInvocationWithoutContextStrategy.callMethod(InvokedMethodListenerInvoker.java:84)
	at org.testng.internal.invokers.InvokedMethodListenerInvoker.invokeListener(InvokedMethodListenerInvoker.java:62)
	at org.testng.internal.Invoker.runInvokedMethodListeners(Invoker.java:556)
	at org.testng.internal.Invoker.invokeMethod(Invoker.java:621)
	at org.testng.internal.Invoker.invokeTestMethod(Invoker.java:820)
	at org.testng.internal.Invoker.invokeTestMethods(Invoker.java:1128)
	at org.testng.internal.TestMethodWorker.invokeTestMethods(TestMethodWorker.java:129)
	at org.testng.internal.TestMethodWorker.run(TestMethodWorker.java:112)
	at org.testng.TestRunner.privateRun(TestRunner.java:782)
	at org.testng.TestRunner.run(TestRunner.java:632)
	at org.testng.SuiteRunner.runTest(SuiteRunner.java:366)
	at org.testng.SuiteRunner.access$000(SuiteRunner.java:39)
	at org.testng.SuiteRunner$SuiteWorker.run(SuiteRunner.java:400)
	at org.testng.internal.thread.ThreadUtil$2.call(ThreadUtil.java:64)
	at java.util.concurrent.FutureTask.run(FutureTask.java:266)
	at java.util.concurrent.ThreadPoolExecutor.runWorker(ThreadPoolExecutor.java:1142)
	at java.util.concurrent.ThreadPoolExecutor$Worker.run(ThreadPoolExecutor.java:617)
	at java.lang.Thread.run(Thread.java:745)
]]>
            </full-stacktrace>
          </exception> <!-- java.lang.NullPointerException -->
          <reporter-output>
            <line>
              <![CDATA[<div style="display:block;margin-left:10px;"><div  class="fail"><span class="fail-label">F </span>java.lang.NullPointerException</div></div>]]>
            </line>
          </reporter-output>
        </test-method> <!-- feature -->
        <test-method status="PASS" signature="afterMethod(org.testng.ITestContext)[pri:0, instance:com.perfectomobile.quantum.runners.MyCucumberTestsRunner@60db1c0e]" test-instance-name="Amtrak test" name="afterMethod" is-config="true" duration-ms="0" started-at="2016-10-26T12:26:20Z" finished-at="2016-10-26T12:26:20Z">
          <params>
            <param index="0">
              <value>
                <![CDATA[org.testng.TestRunner@35040c76]]>
              </value>
            </param>
          </params>
          <reporter-output>
            <line>
              <![CDATA[<div style="display:block;margin-left:10px;"></div>]]>
            </line>
          </reporter-output>
        </test-method> <!-- afterMethod -->
        <test-method status="PASS" signature="afterMethod(org.testng.ITestContext, org.testng.ITestResult)[pri:0, instance:com.perfectomobile.quantum.runners.MyCucumberTestsRunner@60db1c0e]" test-instance-name="Amtrak test" name="afterMethod" is-config="true" duration-ms="0" started-at="2016-10-26T12:26:20Z" finished-at="2016-10-26T12:26:20Z">
          <params>
            <param index="0">
              <value>
                <![CDATA[org.testng.TestRunner@35040c76]]>
              </value>
            </param>
            <param index="1">
              <value>
                <![CDATA[[TestResult name=Amtrak test status=FAILURE method=CucumberTestsRunner.feature(java.util.Map)[pri:0, instance:com.perfectomobile.quantum.runners.MyCucumberTestsRunner@60db1c0e] output=<div style="display:block;margin-left:10px;"><div  class="fail"><span class="fail-label">F </span>java.lang.NullPointerException</div></div>]]]>
              </value>
            </param>
          </params>
          <reporter-output>
            <line>
              <![CDATA[<div style="display:block;margin-left:10px;"></div>]]>
            </line>
          </reporter-output>
        </test-method> <!-- afterMethod -->
        <test-method status="SKIP" signature="tearDownClass()[pri:0, instance:com.perfectomobile.quantum.runners.MyCucumberTestsRunner@60db1c0e]" test-instance-name="Amtrak test" name="tearDownClass" is-config="true" duration-ms="0" started-at="2016-10-26T12:26:20Z" finished-at="2016-10-26T12:26:20Z">
          <exception class="com.qmetry.qaf.automation.core.AutomationError">
            <message>
              <![CDATA[Unable to Create Driver Instance Failed to execute command handset open: Cannot open device F15118A63C51D54E3CEA474B32CFE2ECDAF1AB70 for user uzie@perfectomobile.com, device is in use.
Command duration or timeout: 477 milliseconds
Build info: version: '2.53.0', revision: '35ae25b1534ae328c771e0856c93e187490ca824', time: '2016-03-15 10:43:46'
System info: host: 'UziMac', ip: '192.168.43.133', os.name: 'Mac OS X', os.arch: 'x86_64', os.version: '10.11.1', java.version: '1.8.0_45'
Driver info: com.qmetry.qaf.automation.ui.webdriver.QAFExtendedWebDriver]]>
            </message>
            <full-stacktrace>
              <![CDATA[com.qmetry.qaf.automation.core.AutomationError: Unable to Create Driver Instance Failed to execute command handset open: Cannot open device F15118A63C51D54E3CEA474B32CFE2ECDAF1AB70 for user uzie@perfectomobile.com, device is in use.
Command duration or timeout: 477 milliseconds
Build info: version: '2.53.0', revision: '35ae25b1534ae328c771e0856c93e187490ca824', time: '2016-03-15 10:43:46'
System info: host: 'UziMac', ip: '192.168.43.133', os.name: 'Mac OS X', os.arch: 'x86_64', os.version: '10.11.1', java.version: '1.8.0_45'
Driver info: com.qmetry.qaf.automation.ui.webdriver.QAFExtendedWebDriver
	at com.qmetry.qaf.automation.ui.UiDriverFactory$Browsers.getDriver(UiDriverFactory.java:399)
	at com.qmetry.qaf.automation.ui.UiDriverFactory$Browsers.access$3(UiDriverFactory.java:380)
	at com.qmetry.qaf.automation.ui.UiDriverFactory.getDriver(UiDriverFactory.java:219)
	at com.qmetry.qaf.automation.ui.UiDriverFactory.get(UiDriverFactory.java:95)
	at com.qmetry.qaf.automation.core.QAFTestBase.init(QAFTestBase.java:364)
	at com.qmetry.qaf.automation.core.QAFTestBase.getUiDriver(QAFTestBase.java:162)
	at com.qmetry.qaf.automation.ui.WebDriverTestBase.getDriver(WebDriverTestBase.java:47)
	at com.qmetry.qaf.automation.ui.WebDriverTestBase.getDriver(WebDriverTestBase.java:1)
	at com.qmetry.qaf.automation.ui.AbstractTestCase.getDriver(AbstractTestCase.java:72)
	at com.perfectomobile.quantum.runners.CucumberTestsRunner.tearDownClass(CucumberTestsRunner.java:137)
	at sun.reflect.NativeMethodAccessorImpl.invoke0(Native Method)
	at sun.reflect.NativeMethodAccessorImpl.invoke(NativeMethodAccessorImpl.java:62)
	at sun.reflect.DelegatingMethodAccessorImpl.invoke(DelegatingMethodAccessorImpl.java:43)
	at java.lang.reflect.Method.invoke(Method.java:497)
	at org.testng.internal.MethodInvocationHelper.invokeMethod(MethodInvocationHelper.java:86)
	at org.testng.internal.Invoker.invokeConfigurationMethod(Invoker.java:514)
	at org.testng.internal.Invoker.invokeConfigurations(Invoker.java:215)
	at org.testng.internal.Invoker.invokeConfigurations(Invoker.java:142)
	at org.testng.internal.TestMethodWorker.invokeAfterClassMethods(TestMethodWorker.java:232)
	at org.testng.internal.TestMethodWorker.run(TestMethodWorker.java:115)
	at org.testng.TestRunner.privateRun(TestRunner.java:782)
	at org.testng.TestRunner.run(TestRunner.java:632)
	at org.testng.SuiteRunner.runTest(SuiteRunner.java:366)
	at org.testng.SuiteRunner.access$000(SuiteRunner.java:39)
	at org.testng.SuiteRunner$SuiteWorker.run(SuiteRunner.java:400)
	at org.testng.internal.thread.ThreadUtil$2.call(ThreadUtil.java:64)
	at java.util.concurrent.FutureTask.run(FutureTask.java:266)
	at java.util.concurrent.ThreadPoolExecutor.runWorker(ThreadPoolExecutor.java:1142)
	at java.util.concurrent.ThreadPoolExecutor$Worker.run(ThreadPoolExecutor.java:617)
	at java.lang.Thread.run(Thread.java:745)
Caused by: java.lang.RuntimeException: Failed to execute command handset open: Cannot open device F15118A63C51D54E3CEA474B32CFE2ECDAF1AB70 for user uzie@perfectomobile.com, device is in use.
	at com.perfectomobile.selenium.MobileEntity.processCommonResponse(MobileEntity.java:98)
	at com.perfectomobile.selenium.MobileDevice.processResponse(MobileDevice.java:510)
	at com.perfectomobile.selenium.MobileEntity.executeCommand(MobileEntity.java:57)
	at com.perfectomobile.selenium.MobileEntity.executeCommand(MobileEntity.java:50)
	at com.perfectomobile.selenium.MobileDevice.open(MobileDevice.java:86)
	at com.perfectomobile.selenium.server.PerfectoMobileDriver.openDevice(PerfectoMobileDriver.java:359)
	at com.perfectomobile.selenium.server.PerfectoMobileDriver.<init>(PerfectoMobileDriver.java:90)
	at sun.reflect.NativeConstructorAccessorImpl.newInstance0(Native Method)
	at sun.reflect.NativeConstructorAccessorImpl.newInstance(NativeConstructorAccessorImpl.java:62)
	at sun.reflect.DelegatingConstructorAccessorImpl.newInstance(DelegatingConstructorAccessorImpl.java:45)
	at java.lang.reflect.Constructor.newInstance(Constructor.java:423)
	at org.openqa.selenium.remote.server.DefaultDriverProvider.callConstructor(DefaultDriverProvider.java:103)
	at org.openqa.selenium.remote.server.DefaultDriverProvider.newInstance(DefaultDriverProvider.java:97)
	at org.openqa.selenium.remote.server.DefaultDriverFactory.newInstance(DefaultDriverFactory.java:60)
	at org.openqa.selenium.remote.server.MobileDefaultSession$BrowserCreator.call(MobileDefaultSession.java:228)
	at org.openqa.selenium.remote.server.MobileDefaultSession$BrowserCreator.call(MobileDefaultSession.java:215)
	at java.util.concurrent.FutureTask.run(FutureTask.java:266)
	at org.openqa.selenium.remote.server.MobileDefaultSession$1.run(MobileDefaultSession.java:182)
	... 3 more
]]>
            </full-stacktrace>
          </exception> <!-- com.qmetry.qaf.automation.core.AutomationError -->
          <reporter-output>
            <line>
              <![CDATA[<div style="display:block;margin-left:10px;"><div  class="fail"><span class="fail-label">F </span>Unable to Create Driver Instance Failed to execute command handset open: Cannot open device F15118A63C51D54E3CEA474B32CFE2ECDAF1AB70 for user uzie@perfectomobile.com, device is in use.
Command duration or timeout: 477 milliseconds
Build info: version: '2.53.0', revision: '35ae25b1534ae328c771e0856c93e187490ca824', time: '2016-03-15 10:43:46'
System info: host: 'UziMac', ip: '192.168.43.133', os.name: 'Mac OS X', os.arch: 'x86_64', os.version: '10.11.1', java.version: '1.8.0_45'
Driver info: com.qmetry.qaf.automation.ui.webdriver.QAFExtendedWebDriver</div></div>]]>
            </line>
          </reporter-output>
        </test-method> <!-- tearDownClass -->
        <test-method status="PASS" signature="afterClass(org.testng.ITestContext)[pri:0, instance:com.perfectomobile.quantum.runners.MyCucumberTestsRunner@60db1c0e]" test-instance-name="Amtrak test" name="afterClass" is-config="true" duration-ms="0" started-at="2016-10-26T12:26:20Z" finished-at="2016-10-26T12:26:20Z">
          <params>
            <param index="0">
              <value>
                <![CDATA[org.testng.TestRunner@35040c76]]>
              </value>
            </param>
          </params>
          <reporter-output>
            <line>
              <![CDATA[<div style="display:block;margin-left:10px;"></div>]]>
            </line>
          </reporter-output>
        </test-method> <!-- afterClass -->
        <test-method status="PASS" signature="afterTest(org.testng.ITestContext)[pri:0, instance:com.perfectomobile.quantum.runners.MyCucumberTestsRunner@60db1c0e]" test-instance-name="Amtrak test" name="afterTest" is-config="true" duration-ms="1" started-at="2016-10-26T12:26:20Z" finished-at="2016-10-26T12:26:20Z">
          <params>
            <param index="0">
              <value>
                <![CDATA[org.testng.TestRunner@35040c76]]>
              </value>
            </param>
          </params>
          <reporter-output>
            <line>
              <![CDATA[<div style="display:block;margin-left:10px;"></div>]]>
            </line>
          </reporter-output>
        </test-method> <!-- afterTest -->
      </class> <!-- com.perfectomobile.quantum.runners.MyCucumberTestsRunner -->
    </test> <!-- BDD Android -->
    <test name="BDD Galaxy6" duration-ms="8372" started-at="2016-10-26T17:26:12Z" finished-at="2016-10-26T17:26:20Z">
      <class name="com.perfectomobile.quantum.runners.MyCucumberTestsRunner">
        <test-method status="PASS" signature="setupTest(org.testng.ITestContext)[pri:0, instance:com.perfectomobile.quantum.runners.MyCucumberTestsRunner@35b74c5c]" test-instance-name="Amtrak test" name="setupTest" is-config="true" duration-ms="1" started-at="2016-10-26T12:26:12Z" finished-at="2016-10-26T12:26:12Z">
          <params>
            <param index="0">
              <value>
                <![CDATA[org.testng.TestRunner@7fcbd9cb]]>
              </value>
            </param>
          </params>
          <reporter-output>
            <line>
              <![CDATA[<div style="display:block;margin-left:10px;"></div>]]>
            </line>
          </reporter-output>
        </test-method> <!-- setupTest -->
        <test-method status="PASS" signature="setup(org.testng.ITestContext)[pri:0, instance:com.perfectomobile.quantum.runners.MyCucumberTestsRunner@35b74c5c]" test-instance-name="Amtrak test" name="setup" is-config="true" duration-ms="0" started-at="2016-10-26T12:26:12Z" finished-at="2016-10-26T12:26:12Z">
          <params>
            <param index="0">
              <value>
                <![CDATA[org.testng.TestRunner@7fcbd9cb]]>
              </value>
            </param>
          </params>
          <reporter-output>
            <line>
              <![CDATA[<div style="display:block;margin-left:10px;"></div>]]>
            </line>
          </reporter-output>
        </test-method> <!-- setup -->
        <test-method status="PASS" signature="beforeClass(org.testng.ITestContext, java.lang.String, java.lang.String, java.lang.String, java.lang.String, boolean)[pri:0, instance:com.perfectomobile.quantum.runners.MyCucumberTestsRunner@35b74c5c]" test-instance-name="Amtrak test" name="beforeClass" is-config="true" duration-ms="27" started-at="2016-10-26T12:26:12Z" finished-at="2016-10-26T12:26:12Z">
          <params>
            <param index="0">
              <value>
                <![CDATA[org.testng.TestRunner@7fcbd9cb]]>
              </value>
            </param>
            <param index="1">
              <value>
                <![CDATA[@amtrak]]>
              </value>
            </param>
            <param index="2">
              <value>
                <![CDATA[com.perfectomobile.quantum.steps]]>
              </value>
            </param>
            <param index="3">
              <value>
                <![CDATA[src/test/java/com/perfectomobile/quantum/features]]>
              </value>
            </param>
            <param index="4">
              <value>
                <![CDATA[com.qmetry.qaf.automation.cucumber.QAFCucumberFormatter]]>
              </value>
            </param>
            <param index="5">
              <value>
                <![CDATA[false]]>
              </value>
            </param>
          </params>
          <reporter-output>
            <line>
              <![CDATA[<div style="display:block;margin-left:10px;"></div>]]>
            </line>
          </reporter-output>
        </test-method> <!-- beforeClass -->
        <test-method status="PASS" signature="setupMethod(java.lang.reflect.Method, org.testng.ITestContext)[pri:0, instance:com.perfectomobile.quantum.runners.MyCucumberTestsRunner@35b74c5c]" test-instance-name="Amtrak test" name="setupMethod" is-config="true" duration-ms="1" started-at="2016-10-26T12:26:12Z" finished-at="2016-10-26T12:26:12Z">
          <params>
            <param index="0">
              <value>
                <![CDATA[public void com.perfectomobile.quantum.runners.CucumberTestsRunner.feature(java.util.Map) throws java.lang.InterruptedException]]>
              </value>
            </param>
            <param index="1">
              <value>
                <![CDATA[org.testng.TestRunner@7fcbd9cb]]>
              </value>
            </param>
          </params>
          <reporter-output>
            <line>
              <![CDATA[<div style="display:block;margin-left:10px;"></div>]]>
            </line>
          </reporter-output>
        </test-method> <!-- setupMethod -->
        <test-method name="feature" test-instance-name="Amtrak test" signature="feature(java.util.Map)[pri:0, instance:com.perfectomobile.quantum.runners.MyCucumberTestsRunner@35b74c5c]" status="FAIL" duration-ms="7740" finished-at="2016-10-26T12:26:20Z" started-at="2016-10-26T12:26:12Z" data-provider="dataDrivenProvider" description="Data Driven Runner Test Description">
          <params>
            <param index="0">
              <value>
                <![CDATA[{DATAFILE=N/A}]]>
              </value>
            </param>
          </params>
          <exception class="java.lang.NullPointerException">
            <full-stacktrace>
              <![CDATA[java.lang.NullPointerException
	at com.perfecto.reportium.client.PerfectoReportiumClient.executeScript(PerfectoReportiumClient.java:101)
	at com.perfecto.reportium.client.PerfectoReportiumClient.testStart(PerfectoReportiumClient.java:59)
	at com.perfecto.reportium.testng.ReportiumTestNgListener.reportTestStart(ReportiumTestNgListener.java:123)
	at com.perfecto.reportium.testng.ReportiumTestNgListener.beforeInvocation(ReportiumTestNgListener.java:106)
	at org.testng.internal.invokers.InvokedMethodListenerInvoker$InvokeBeforeInvocationWithoutContextStrategy.callMethod(InvokedMethodListenerInvoker.java:84)
	at org.testng.internal.invokers.InvokedMethodListenerInvoker.invokeListener(InvokedMethodListenerInvoker.java:62)
	at org.testng.internal.Invoker.runInvokedMethodListeners(Invoker.java:556)
	at org.testng.internal.Invoker.invokeMethod(Invoker.java:621)
	at org.testng.internal.Invoker.invokeTestMethod(Invoker.java:820)
	at org.testng.internal.Invoker.invokeTestMethods(Invoker.java:1128)
	at org.testng.internal.TestMethodWorker.invokeTestMethods(TestMethodWorker.java:129)
	at org.testng.internal.TestMethodWorker.run(TestMethodWorker.java:112)
	at org.testng.TestRunner.privateRun(TestRunner.java:782)
	at org.testng.TestRunner.run(TestRunner.java:632)
	at org.testng.SuiteRunner.runTest(SuiteRunner.java:366)
	at org.testng.SuiteRunner.access$000(SuiteRunner.java:39)
	at org.testng.SuiteRunner$SuiteWorker.run(SuiteRunner.java:400)
	at org.testng.internal.thread.ThreadUtil$2.call(ThreadUtil.java:64)
	at java.util.concurrent.FutureTask.run(FutureTask.java:266)
	at java.util.concurrent.ThreadPoolExecutor.runWorker(ThreadPoolExecutor.java:1142)
	at java.util.concurrent.ThreadPoolExecutor$Worker.run(ThreadPoolExecutor.java:617)
	at java.lang.Thread.run(Thread.java:745)
]]>
            </full-stacktrace>
          </exception> <!-- java.lang.NullPointerException -->
          <reporter-output>
            <line>
              <![CDATA[<div style="display:block;margin-left:10px;"><div  class="fail"><span class="fail-label">F </span>java.lang.NullPointerException</div></div>]]>
            </line>
          </reporter-output>
        </test-method> <!-- feature -->
        <test-method status="PASS" signature="afterMethod(org.testng.ITestContext)[pri:0, instance:com.perfectomobile.quantum.runners.MyCucumberTestsRunner@35b74c5c]" test-instance-name="Amtrak test" name="afterMethod" is-config="true" duration-ms="0" started-at="2016-10-26T12:26:20Z" finished-at="2016-10-26T12:26:20Z">
          <params>
            <param index="0">
              <value>
                <![CDATA[org.testng.TestRunner@7fcbd9cb]]>
              </value>
            </param>
          </params>
          <reporter-output>
            <line>
              <![CDATA[<div style="display:block;margin-left:10px;"></div>]]>
            </line>
          </reporter-output>
        </test-method> <!-- afterMethod -->
        <test-method status="PASS" signature="afterMethod(org.testng.ITestContext, org.testng.ITestResult)[pri:0, instance:com.perfectomobile.quantum.runners.MyCucumberTestsRunner@35b74c5c]" test-instance-name="Amtrak test" name="afterMethod" is-config="true" duration-ms="0" started-at="2016-10-26T12:26:20Z" finished-at="2016-10-26T12:26:20Z">
          <params>
            <param index="0">
              <value>
                <![CDATA[org.testng.TestRunner@7fcbd9cb]]>
              </value>
            </param>
            <param index="1">
              <value>
                <![CDATA[[TestResult name=Amtrak test status=FAILURE method=CucumberTestsRunner.feature(java.util.Map)[pri:0, instance:com.perfectomobile.quantum.runners.MyCucumberTestsRunner@35b74c5c] output=<div style="display:block;margin-left:10px;"><div  class="fail"><span class="fail-label">F </span>java.lang.NullPointerException</div></div>]]]>
              </value>
            </param>
          </params>
          <reporter-output>
            <line>
              <![CDATA[<div style="display:block;margin-left:10px;"></div>]]>
            </line>
          </reporter-output>
        </test-method> <!-- afterMethod -->
        <test-method status="SKIP" signature="tearDownClass()[pri:0, instance:com.perfectomobile.quantum.runners.MyCucumberTestsRunner@35b74c5c]" test-instance-name="Amtrak test" name="tearDownClass" is-config="true" duration-ms="0" started-at="2016-10-26T12:26:20Z" finished-at="2016-10-26T12:26:20Z">
          <exception class="com.qmetry.qaf.automation.core.AutomationError">
            <message>
              <![CDATA[Unable to Create Driver Instance Failed to execute command handset open: Allocation failed. Invalid device status (ERROR) or disconnecting status (DISCONNECTING) for device: 1215FC70BAE54004 on cradle: WF-CG21-4-8/VIRTUAL/01
Command duration or timeout: 529 milliseconds
Build info: version: '2.53.0', revision: '35ae25b1534ae328c771e0856c93e187490ca824', time: '2016-03-15 10:43:46'
System info: host: 'UziMac', ip: '192.168.43.133', os.name: 'Mac OS X', os.arch: 'x86_64', os.version: '10.11.1', java.version: '1.8.0_45'
Driver info: com.qmetry.qaf.automation.ui.webdriver.QAFExtendedWebDriver]]>
            </message>
            <full-stacktrace>
              <![CDATA[com.qmetry.qaf.automation.core.AutomationError: Unable to Create Driver Instance Failed to execute command handset open: Allocation failed. Invalid device status (ERROR) or disconnecting status (DISCONNECTING) for device: 1215FC70BAE54004 on cradle: WF-CG21-4-8/VIRTUAL/01
Command duration or timeout: 529 milliseconds
Build info: version: '2.53.0', revision: '35ae25b1534ae328c771e0856c93e187490ca824', time: '2016-03-15 10:43:46'
System info: host: 'UziMac', ip: '192.168.43.133', os.name: 'Mac OS X', os.arch: 'x86_64', os.version: '10.11.1', java.version: '1.8.0_45'
Driver info: com.qmetry.qaf.automation.ui.webdriver.QAFExtendedWebDriver
	at com.qmetry.qaf.automation.ui.UiDriverFactory$Browsers.getDriver(UiDriverFactory.java:399)
	at com.qmetry.qaf.automation.ui.UiDriverFactory$Browsers.access$3(UiDriverFactory.java:380)
	at com.qmetry.qaf.automation.ui.UiDriverFactory.getDriver(UiDriverFactory.java:219)
	at com.qmetry.qaf.automation.ui.UiDriverFactory.get(UiDriverFactory.java:95)
	at com.qmetry.qaf.automation.core.QAFTestBase.init(QAFTestBase.java:364)
	at com.qmetry.qaf.automation.core.QAFTestBase.getUiDriver(QAFTestBase.java:162)
	at com.qmetry.qaf.automation.ui.WebDriverTestBase.getDriver(WebDriverTestBase.java:47)
	at com.qmetry.qaf.automation.ui.WebDriverTestBase.getDriver(WebDriverTestBase.java:1)
	at com.qmetry.qaf.automation.ui.AbstractTestCase.getDriver(AbstractTestCase.java:72)
	at com.perfectomobile.quantum.runners.CucumberTestsRunner.tearDownClass(CucumberTestsRunner.java:137)
	at sun.reflect.NativeMethodAccessorImpl.invoke0(Native Method)
	at sun.reflect.NativeMethodAccessorImpl.invoke(NativeMethodAccessorImpl.java:62)
	at sun.reflect.DelegatingMethodAccessorImpl.invoke(DelegatingMethodAccessorImpl.java:43)
	at java.lang.reflect.Method.invoke(Method.java:497)
	at org.testng.internal.MethodInvocationHelper.invokeMethod(MethodInvocationHelper.java:86)
	at org.testng.internal.Invoker.invokeConfigurationMethod(Invoker.java:514)
	at org.testng.internal.Invoker.invokeConfigurations(Invoker.java:215)
	at org.testng.internal.Invoker.invokeConfigurations(Invoker.java:142)
	at org.testng.internal.TestMethodWorker.invokeAfterClassMethods(TestMethodWorker.java:232)
	at org.testng.internal.TestMethodWorker.run(TestMethodWorker.java:115)
	at org.testng.TestRunner.privateRun(TestRunner.java:782)
	at org.testng.TestRunner.run(TestRunner.java:632)
	at org.testng.SuiteRunner.runTest(SuiteRunner.java:366)
	at org.testng.SuiteRunner.access$000(SuiteRunner.java:39)
	at org.testng.SuiteRunner$SuiteWorker.run(SuiteRunner.java:400)
	at org.testng.internal.thread.ThreadUtil$2.call(ThreadUtil.java:64)
	at java.util.concurrent.FutureTask.run(FutureTask.java:266)
	at java.util.concurrent.ThreadPoolExecutor.runWorker(ThreadPoolExecutor.java:1142)
	at java.util.concurrent.ThreadPoolExecutor$Worker.run(ThreadPoolExecutor.java:617)
	at java.lang.Thread.run(Thread.java:745)
Caused by: java.lang.RuntimeException: Failed to execute command handset open: Allocation failed. Invalid device status (ERROR) or disconnecting status (DISCONNECTING) for device: 1215FC70BAE54004 on cradle: WF-CG21-4-8/VIRTUAL/01
	at com.perfectomobile.selenium.MobileEntity.processCommonResponse(MobileEntity.java:98)
	at com.perfectomobile.selenium.MobileDevice.processResponse(MobileDevice.java:510)
	at com.perfectomobile.selenium.MobileEntity.executeCommand(MobileEntity.java:57)
	at com.perfectomobile.selenium.MobileEntity.executeCommand(MobileEntity.java:50)
	at com.perfectomobile.selenium.MobileDevice.open(MobileDevice.java:86)
	at com.perfectomobile.selenium.server.PerfectoMobileDriver.openDevice(PerfectoMobileDriver.java:359)
	at com.perfectomobile.selenium.server.PerfectoMobileDriver.<init>(PerfectoMobileDriver.java:90)
	at sun.reflect.NativeConstructorAccessorImpl.newInstance0(Native Method)
	at sun.reflect.NativeConstructorAccessorImpl.newInstance(NativeConstructorAccessorImpl.java:62)
	at sun.reflect.DelegatingConstructorAccessorImpl.newInstance(DelegatingConstructorAccessorImpl.java:45)
	at java.lang.reflect.Constructor.newInstance(Constructor.java:423)
	at org.openqa.selenium.remote.server.DefaultDriverProvider.callConstructor(DefaultDriverProvider.java:103)
	at org.openqa.selenium.remote.server.DefaultDriverProvider.newInstance(DefaultDriverProvider.java:97)
	at org.openqa.selenium.remote.server.DefaultDriverFactory.newInstance(DefaultDriverFactory.java:60)
	at org.openqa.selenium.remote.server.MobileDefaultSession$BrowserCreator.call(MobileDefaultSession.java:228)
	at org.openqa.selenium.remote.server.MobileDefaultSession$BrowserCreator.call(MobileDefaultSession.java:215)
	at java.util.concurrent.FutureTask.run(FutureTask.java:266)
	at org.openqa.selenium.remote.server.MobileDefaultSession$1.run(MobileDefaultSession.java:182)
	... 3 more
]]>
            </full-stacktrace>
          </exception> <!-- com.qmetry.qaf.automation.core.AutomationError -->
          <reporter-output>
            <line>
              <![CDATA[<div style="display:block;margin-left:10px;"><div  class="fail"><span class="fail-label">F </span>Unable to Create Driver Instance Failed to execute command handset open: Allocation failed. Invalid device status (ERROR) or disconnecting status (DISCONNECTING) for device: 1215FC70BAE54004 on cradle: WF-CG21-4-8/VIRTUAL/01
Command duration or timeout: 529 milliseconds
Build info: version: '2.53.0', revision: '35ae25b1534ae328c771e0856c93e187490ca824', time: '2016-03-15 10:43:46'
System info: host: 'UziMac', ip: '192.168.43.133', os.name: 'Mac OS X', os.arch: 'x86_64', os.version: '10.11.1', java.version: '1.8.0_45'
Driver info: com.qmetry.qaf.automation.ui.webdriver.QAFExtendedWebDriver</div></div>]]>
            </line>
          </reporter-output>
        </test-method> <!-- tearDownClass -->
        <test-method status="PASS" signature="afterClass(org.testng.ITestContext)[pri:0, instance:com.perfectomobile.quantum.runners.MyCucumberTestsRunner@35b74c5c]" test-instance-name="Amtrak test" name="afterClass" is-config="true" duration-ms="0" started-at="2016-10-26T12:26:20Z" finished-at="2016-10-26T12:26:20Z">
          <params>
            <param index="0">
              <value>
                <![CDATA[org.testng.TestRunner@7fcbd9cb]]>
              </value>
            </param>
          </params>
          <reporter-output>
            <line>
              <![CDATA[<div style="display:block;margin-left:10px;"></div>]]>
            </line>
          </reporter-output>
        </test-method> <!-- afterClass -->
        <test-method status="PASS" signature="afterTest(org.testng.ITestContext)[pri:0, instance:com.perfectomobile.quantum.runners.MyCucumberTestsRunner@35b74c5c]" test-instance-name="Amtrak test" name="afterTest" is-config="true" duration-ms="1" started-at="2016-10-26T12:26:20Z" finished-at="2016-10-26T12:26:20Z">
          <params>
            <param index="0">
              <value>
                <![CDATA[org.testng.TestRunner@7fcbd9cb]]>
              </value>
            </param>
          </params>
          <reporter-output>
            <line>
              <![CDATA[<div style="display:block;margin-left:10px;"></div>]]>
            </line>
          </reporter-output>
        </test-method> <!-- afterTest -->
      </class> <!-- com.perfectomobile.quantum.runners.MyCucumberTestsRunner -->
    </test> <!-- BDD Galaxy6 -->
    <test name="BDD ios" duration-ms="72622" started-at="2016-10-26T17:26:12Z" finished-at="2016-10-26T17:27:25Z">
      <class name="com.perfectomobile.quantum.runners.MyCucumberTestsRunner">
        <test-method status="PASS" signature="setupTest(org.testng.ITestContext)[pri:0, instance:com.perfectomobile.quantum.runners.MyCucumberTestsRunner@47c81abf]" test-instance-name="Amtrak test" name="setupTest" is-config="true" duration-ms="1" started-at="2016-10-26T12:26:12Z" finished-at="2016-10-26T12:26:12Z">
          <params>
            <param index="0">
              <value>
                <![CDATA[org.testng.TestRunner@3694c28a]]>
              </value>
            </param>
          </params>
          <reporter-output>
            <line>
              <![CDATA[<div style="display:block;margin-left:10px;"></div>]]>
            </line>
          </reporter-output>
        </test-method> <!-- setupTest -->
        <test-method status="PASS" signature="setup(org.testng.ITestContext)[pri:0, instance:com.perfectomobile.quantum.runners.MyCucumberTestsRunner@47c81abf]" test-instance-name="Amtrak test" name="setup" is-config="true" duration-ms="0" started-at="2016-10-26T12:26:12Z" finished-at="2016-10-26T12:26:12Z">
          <params>
            <param index="0">
              <value>
                <![CDATA[org.testng.TestRunner@3694c28a]]>
              </value>
            </param>
          </params>
          <reporter-output>
            <line>
              <![CDATA[<div style="display:block;margin-left:10px;"></div>]]>
            </line>
          </reporter-output>
        </test-method> <!-- setup -->
        <test-method status="PASS" signature="beforeClass(org.testng.ITestContext, java.lang.String, java.lang.String, java.lang.String, java.lang.String, boolean)[pri:0, instance:com.perfectomobile.quantum.runners.MyCucumberTestsRunner@47c81abf]" test-instance-name="Amtrak test" name="beforeClass" is-config="true" duration-ms="27" started-at="2016-10-26T12:26:12Z" finished-at="2016-10-26T12:26:12Z">
          <params>
            <param index="0">
              <value>
                <![CDATA[org.testng.TestRunner@3694c28a]]>
              </value>
            </param>
            <param index="1">
              <value>
                <![CDATA[@amtrak]]>
              </value>
            </param>
            <param index="2">
              <value>
                <![CDATA[com.perfectomobile.quantum.steps]]>
              </value>
            </param>
            <param index="3">
              <value>
                <![CDATA[src/test/java/com/perfectomobile/quantum/features]]>
              </value>
            </param>
            <param index="4">
              <value>
                <![CDATA[com.qmetry.qaf.automation.cucumber.QAFCucumberFormatter]]>
              </value>
            </param>
            <param index="5">
              <value>
                <![CDATA[false]]>
              </value>
            </param>
          </params>
          <reporter-output>
            <line>
              <![CDATA[<div style="display:block;margin-left:10px;"></div>]]>
            </line>
          </reporter-output>
        </test-method> <!-- beforeClass -->
        <test-method status="PASS" signature="setupMethod(java.lang.reflect.Method, org.testng.ITestContext)[pri:0, instance:com.perfectomobile.quantum.runners.MyCucumberTestsRunner@47c81abf]" test-instance-name="Amtrak test" name="setupMethod" is-config="true" duration-ms="0" started-at="2016-10-26T12:26:12Z" finished-at="2016-10-26T12:26:12Z">
          <params>
            <param index="0">
              <value>
                <![CDATA[public void com.perfectomobile.quantum.runners.CucumberTestsRunner.feature(java.util.Map) throws java.lang.InterruptedException]]>
              </value>
            </param>
            <param index="1">
              <value>
                <![CDATA[org.testng.TestRunner@3694c28a]]>
              </value>
            </param>
          </params>
          <reporter-output>
            <line>
              <![CDATA[<div style="display:block;margin-left:10px;"></div>]]>
            </line>
          </reporter-output>
        </test-method> <!-- setupMethod -->
        <test-method name="feature" test-instance-name="Amtrak test" signature="feature(java.util.Map)[pri:0, instance:com.perfectomobile.quantum.runners.MyCucumberTestsRunner@47c81abf]" status="PASS" duration-ms="63225" finished-at="2016-10-26T12:27:15Z" started-at="2016-10-26T12:26:12Z" data-provider="dataDrivenProvider" description="Data Driven Runner Test Description">
          <params>
            <param index="0">
              <value>
                <![CDATA[{DATAFILE=N/A}]]>
              </value>
            </param>
          </params>
          <reporter-output>
            <line>
              <![CDATA[<div style="display:block;margin-left:10px;"></div>]]>
            </line>
          </reporter-output>
        </test-method> <!-- feature -->
        <test-method status="PASS" signature="afterMethod(org.testng.ITestContext)[pri:0, instance:com.perfectomobile.quantum.runners.MyCucumberTestsRunner@47c81abf]" test-instance-name="Amtrak test" name="afterMethod" is-config="true" duration-ms="0" started-at="2016-10-26T12:27:15Z" finished-at="2016-10-26T12:27:15Z">
          <params>
            <param index="0">
              <value>
                <![CDATA[org.testng.TestRunner@3694c28a]]>
              </value>
            </param>
          </params>
          <reporter-output>
            <line>
              <![CDATA[<div style="display:block;margin-left:10px;"></div>]]>
            </line>
          </reporter-output>
        </test-method> <!-- afterMethod -->
        <test-method status="PASS" signature="afterMethod(org.testng.ITestContext, org.testng.ITestResult)[pri:0, instance:com.perfectomobile.quantum.runners.MyCucumberTestsRunner@47c81abf]" test-instance-name="Amtrak test" name="afterMethod" is-config="true" duration-ms="0" started-at="2016-10-26T12:27:15Z" finished-at="2016-10-26T12:27:15Z">
          <params>
            <param index="0">
              <value>
                <![CDATA[org.testng.TestRunner@3694c28a]]>
              </value>
            </param>
            <param index="1">
              <value>
                <![CDATA[[TestResult name=Amtrak test status=SUCCESS method=CucumberTestsRunner.feature(java.util.Map)[pri:0, instance:com.perfectomobile.quantum.runners.MyCucumberTestsRunner@47c81abf] output=<div style="display:block;margin-left:10px;"></div>]]]>
              </value>
            </param>
          </params>
          <reporter-output>
            <line>
              <![CDATA[<div style="display:block;margin-left:10px;"></div>]]>
            </line>
          </reporter-output>
        </test-method> <!-- afterMethod -->
        <test-method status="PASS" signature="tearDownClass()[pri:0, instance:com.perfectomobile.quantum.runners.MyCucumberTestsRunner@47c81abf]" test-instance-name="Amtrak test" name="tearDownClass" is-config="true" duration-ms="9127" started-at="2016-10-26T12:27:15Z" finished-at="2016-10-26T12:27:24Z">
          <reporter-output>
            <line>
              <![CDATA[<div style="display:block;margin-left:10px;"></div>]]>
            </line>
          </reporter-output>
        </test-method> <!-- tearDownClass -->
        <test-method status="PASS" signature="afterClass(org.testng.ITestContext)[pri:0, instance:com.perfectomobile.quantum.runners.MyCucumberTestsRunner@47c81abf]" test-instance-name="Amtrak test" name="afterClass" is-config="true" duration-ms="0" started-at="2016-10-26T12:27:24Z" finished-at="2016-10-26T12:27:24Z">
          <params>
            <param index="0">
              <value>
                <![CDATA[org.testng.TestRunner@3694c28a]]>
              </value>
            </param>
          </params>
          <reporter-output>
            <line>
              <![CDATA[<div style="display:block;margin-left:10px;"></div>]]>
            </line>
          </reporter-output>
        </test-method> <!-- afterClass -->
        <test-method status="PASS" signature="afterTest(org.testng.ITestContext)[pri:0, instance:com.perfectomobile.quantum.runners.MyCucumberTestsRunner@47c81abf]" test-instance-name="Amtrak test" name="afterTest" is-config="true" duration-ms="95" started-at="2016-10-26T12:27:24Z" finished-at="2016-10-26T12:27:25Z">
          <params>
            <param index="0">
              <value>
                <![CDATA[org.testng.TestRunner@3694c28a]]>
              </value>
            </param>
          </params>
          <reporter-output>
            <line>
              <![CDATA[<div style="display:block;margin-left:10px;"></div>]]>
            </line>
          </reporter-output>
        </test-method> <!-- afterTest -->
      </class> <!-- com.perfectomobile.quantum.runners.MyCucumberTestsRunner -->
    </test> <!-- BDD ios -->
    <test name="Generic_Android" duration-ms="79571" started-at="2016-10-26T17:26:12Z" finished-at="2016-10-26T17:27:31Z">
      <class name="com.perfectomobile.quantum.runners.MyCucumberTestsRunner">
        <test-method status="PASS" signature="setupSuit(org.testng.ITestContext)[pri:0, instance:com.perfectomobile.quantum.runners.MyCucumberTestsRunner@1ebea008]" test-instance-name="Amtrak test" name="setupSuit" is-config="true" duration-ms="18" started-at="2016-10-26T12:26:12Z" finished-at="2016-10-26T12:26:12Z">
          <params>
            <param index="0">
              <value>
                <![CDATA[org.testng.TestRunner@5a9f4771]]>
              </value>
            </param>
          </params>
          <reporter-output>
            <line>
              <![CDATA[<div style="display:block;margin-left:10px;"></div>]]>
            </line>
          </reporter-output>
        </test-method> <!-- setupSuit -->
        <test-method name="beforeSuite" test-instance-name="Amtrak test" signature="beforeSuite()[pri:0, instance:com.perfectomobile.quantum.runners.MyCucumberTestsRunner@1ebea008]" is-config="true" status="PASS" duration-ms="1" finished-at="2016-10-26T12:26:12Z" started-at="2016-10-26T12:26:12Z" depends-on-methods="com.qmetry.qaf.automation.ui.AbstractTestCase.setupSuit">
          <reporter-output>
            <line>
              <![CDATA[<div style="display:block;margin-left:10px;"></div>]]>
            </line>
          </reporter-output>
        </test-method> <!-- beforeSuite -->
        <test-method status="PASS" signature="setupTest(org.testng.ITestContext)[pri:0, instance:com.perfectomobile.quantum.runners.MyCucumberTestsRunner@1ebea008]" test-instance-name="Amtrak test" name="setupTest" is-config="true" duration-ms="1" started-at="2016-10-26T12:26:12Z" finished-at="2016-10-26T12:26:12Z">
          <params>
            <param index="0">
              <value>
                <![CDATA[org.testng.TestRunner@5a9f4771]]>
              </value>
            </param>
          </params>
          <reporter-output>
            <line>
              <![CDATA[<div style="display:block;margin-left:10px;"></div>]]>
            </line>
          </reporter-output>
        </test-method> <!-- setupTest -->
        <test-method status="PASS" signature="setup(org.testng.ITestContext)[pri:0, instance:com.perfectomobile.quantum.runners.MyCucumberTestsRunner@1ebea008]" test-instance-name="Amtrak test" name="setup" is-config="true" duration-ms="1" started-at="2016-10-26T12:26:12Z" finished-at="2016-10-26T12:26:12Z">
          <params>
            <param index="0">
              <value>
                <![CDATA[org.testng.TestRunner@5a9f4771]]>
              </value>
            </param>
          </params>
          <reporter-output>
            <line>
              <![CDATA[<div style="display:block;margin-left:10px;"></div>]]>
            </line>
          </reporter-output>
        </test-method> <!-- setup -->
        <test-method status="PASS" signature="beforeClass(org.testng.ITestContext, java.lang.String, java.lang.String, java.lang.String, java.lang.String, boolean)[pri:0, instance:com.perfectomobile.quantum.runners.MyCucumberTestsRunner@1ebea008]" test-instance-name="Amtrak test" name="beforeClass" is-config="true" duration-ms="20" started-at="2016-10-26T12:26:12Z" finished-at="2016-10-26T12:26:12Z">
          <params>
            <param index="0">
              <value>
                <![CDATA[org.testng.TestRunner@5a9f4771]]>
              </value>
            </param>
            <param index="1">
              <value>
                <![CDATA[@amtrak]]>
              </value>
            </param>
            <param index="2">
              <value>
                <![CDATA[com.perfectomobile.quantum.steps]]>
              </value>
            </param>
            <param index="3">
              <value>
                <![CDATA[src/test/java/com/perfectomobile/quantum/features]]>
              </value>
            </param>
            <param index="4">
              <value>
                <![CDATA[com.qmetry.qaf.automation.cucumber.QAFCucumberFormatter]]>
              </value>
            </param>
            <param index="5">
              <value>
                <![CDATA[false]]>
              </value>
            </param>
          </params>
          <reporter-output>
            <line>
              <![CDATA[<div style="display:block;margin-left:10px;"></div>]]>
            </line>
          </reporter-output>
        </test-method> <!-- beforeClass -->
        <test-method status="PASS" signature="setupMethod(java.lang.reflect.Method, org.testng.ITestContext)[pri:0, instance:com.perfectomobile.quantum.runners.MyCucumberTestsRunner@1ebea008]" test-instance-name="Amtrak test" name="setupMethod" is-config="true" duration-ms="1" started-at="2016-10-26T12:26:12Z" finished-at="2016-10-26T12:26:12Z">
          <params>
            <param index="0">
              <value>
                <![CDATA[public void com.perfectomobile.quantum.runners.CucumberTestsRunner.feature(java.util.Map) throws java.lang.InterruptedException]]>
              </value>
            </param>
            <param index="1">
              <value>
                <![CDATA[org.testng.TestRunner@5a9f4771]]>
              </value>
            </param>
          </params>
          <reporter-output>
            <line>
              <![CDATA[<div style="display:block;margin-left:10px;"></div>]]>
            </line>
          </reporter-output>
        </test-method> <!-- setupMethod -->
        <test-method name="feature" test-instance-name="Amtrak test" signature="feature(java.util.Map)[pri:0, instance:com.perfectomobile.quantum.runners.MyCucumberTestsRunner@1ebea008]" status="PASS" duration-ms="57716" finished-at="2016-10-26T12:27:10Z" started-at="2016-10-26T12:26:12Z" data-provider="dataDrivenProvider" description="Data Driven Runner Test Description">
          <params>
            <param index="0">
              <value>
                <![CDATA[{DATAFILE=N/A}]]>
              </value>
            </param>
          </params>
          <reporter-output>
            <line>
              <![CDATA[<div style="display:block;margin-left:10px;"></div>]]>
            </line>
          </reporter-output>
        </test-method> <!-- feature -->
        <test-method status="PASS" signature="afterMethod(org.testng.ITestContext)[pri:0, instance:com.perfectomobile.quantum.runners.MyCucumberTestsRunner@1ebea008]" test-instance-name="Amtrak test" name="afterMethod" is-config="true" duration-ms="1" started-at="2016-10-26T12:27:10Z" finished-at="2016-10-26T12:27:10Z">
          <params>
            <param index="0">
              <value>
                <![CDATA[org.testng.TestRunner@5a9f4771]]>
              </value>
            </param>
          </params>
          <reporter-output>
            <line>
              <![CDATA[<div style="display:block;margin-left:10px;"></div>]]>
            </line>
          </reporter-output>
        </test-method> <!-- afterMethod -->
        <test-method status="PASS" signature="afterMethod(org.testng.ITestContext, org.testng.ITestResult)[pri:0, instance:com.perfectomobile.quantum.runners.MyCucumberTestsRunner@1ebea008]" test-instance-name="Amtrak test" name="afterMethod" is-config="true" duration-ms="0" started-at="2016-10-26T12:27:10Z" finished-at="2016-10-26T12:27:10Z">
          <params>
            <param index="0">
              <value>
                <![CDATA[org.testng.TestRunner@5a9f4771]]>
              </value>
            </param>
            <param index="1">
              <value>
                <![CDATA[[TestResult name=Amtrak test status=SUCCESS method=CucumberTestsRunner.feature(java.util.Map)[pri:0, instance:com.perfectomobile.quantum.runners.MyCucumberTestsRunner@1ebea008] output=<div style="display:block;margin-left:10px;"></div>]]]>
              </value>
            </param>
          </params>
          <reporter-output>
            <line>
              <![CDATA[<div style="display:block;margin-left:10px;"></div>]]>
            </line>
          </reporter-output>
        </test-method> <!-- afterMethod -->
        <test-method status="PASS" signature="tearDownClass()[pri:0, instance:com.perfectomobile.quantum.runners.MyCucumberTestsRunner@1ebea008]" test-instance-name="Amtrak test" name="tearDownClass" is-config="true" duration-ms="21579" started-at="2016-10-26T12:27:10Z" finished-at="2016-10-26T12:27:31Z">
          <reporter-output>
            <line>
              <![CDATA[<div style="display:block;margin-left:10px;"></div>]]>
            </line>
          </reporter-output>
        </test-method> <!-- tearDownClass -->
        <test-method status="PASS" signature="afterClass(org.testng.ITestContext)[pri:0, instance:com.perfectomobile.quantum.runners.MyCucumberTestsRunner@1ebea008]" test-instance-name="Amtrak test" name="afterClass" is-config="true" duration-ms="0" started-at="2016-10-26T12:27:31Z" finished-at="2016-10-26T12:27:31Z">
          <params>
            <param index="0">
              <value>
                <![CDATA[org.testng.TestRunner@5a9f4771]]>
              </value>
            </param>
          </params>
          <reporter-output>
            <line>
              <![CDATA[<div style="display:block;margin-left:10px;"></div>]]>
            </line>
          </reporter-output>
        </test-method> <!-- afterClass -->
        <test-method status="PASS" signature="afterTest(org.testng.ITestContext)[pri:0, instance:com.perfectomobile.quantum.runners.MyCucumberTestsRunner@1ebea008]" test-instance-name="Amtrak test" name="afterTest" is-config="true" duration-ms="86" started-at="2016-10-26T12:27:31Z" finished-at="2016-10-26T12:27:31Z">
          <params>
            <param index="0">
              <value>
                <![CDATA[org.testng.TestRunner@5a9f4771]]>
              </value>
            </param>
          </params>
          <reporter-output>
            <line>
              <![CDATA[<div style="display:block;margin-left:10px;"></div>]]>
            </line>
          </reporter-output>
        </test-method> <!-- afterTest -->
        <test-method status="PASS" signature="afterSuit(org.testng.ITestContext)[pri:0, instance:com.perfectomobile.quantum.runners.MyCucumberTestsRunner@1ebea008]" test-instance-name="Amtrak test" name="afterSuit" is-config="true" duration-ms="7" started-at="2016-10-26T12:27:31Z" finished-at="2016-10-26T12:27:31Z">
          <params>
            <param index="0">
              <value>
                <![CDATA[org.testng.TestRunner@5a9f4771]]>
              </value>
            </param>
          </params>
          <reporter-output>
            <line>
              <![CDATA[<div style="display:block;margin-left:10px;"></div>]]>
            </line>
          </reporter-output>
        </test-method> <!-- afterSuit -->
      </class> <!-- com.perfectomobile.quantum.runners.MyCucumberTestsRunner -->
    </test> <!-- Generic_Android -->
  </suite> <!-- AmtrakLogin -->
</testng-results>
