<?xml version="1.0" encoding="UTF-8"?>
<!-- Generated by org.testng.reporters.JUnitXMLReporter -->
<testsuite hostname="UziMac.local" name="Generic_Android" tests="1" failures="1" timestamp="4 Oct 2016 13:23:07 GMT" time="143.872" errors="0">
  <testcase name="Amtrak test" time="119.023" classname="com.perfectomobile.quantum.runners.MyCucumberTestsRunner">
    <failure type="cucumber.runtime.CucumberException" message="org.openqa.selenium.TimeoutException: Timed out after 20 seconds: Wait time out for By.xpath: //*[text()=&amp;quot;Buy Tickets&amp;quot;] to be present
Build info: version: &amp;apos;2.53.0&amp;apos;, revision: &amp;apos;35ae25b1534ae328c771e0856c93e187490ca824&amp;apos;, time: &amp;apos;2016-03-15 10:43:46&amp;apos;
System info: host: &amp;apos;UziMac.local&amp;apos;, ip: &amp;apos;10.199.32.117&amp;apos;, os.name: &amp;apos;Mac OS X&amp;apos;, os.arch: &amp;apos;x86_64&amp;apos;, os.version: &amp;apos;10.11.1&amp;apos;, java.version: &amp;apos;1.8.0_45&amp;apos;
Driver info: driver.version: unknown">
      <![CDATA[cucumber.runtime.CucumberException: org.openqa.selenium.TimeoutException: Timed out after 20 seconds: Wait time out for By.xpath: //*[text()="Buy Tickets"] to be present
Build info: version: '2.53.0', revision: '35ae25b1534ae328c771e0856c93e187490ca824', time: '2016-03-15 10:43:46'
System info: host: 'UziMac.local', ip: '10.199.32.117', os.name: 'Mac OS X', os.arch: 'x86_64', os.version: '10.11.1', java.version: '1.8.0_45'
Driver info: driver.version: unknown
	at cucumber.api.testng.TestNGCucumberRunner.runCucumber(TestNGCucumberRunner.java:69)
	at com.perfectomobile.quantum.runners.CucumberTestsRunner.feature(CucumberTestsRunner.java:124)
	at java.util.concurrent.FutureTask.run(FutureTask.java:266)
	at java.util.concurrent.ThreadPoolExecutor.runWorker(ThreadPoolExecutor.java:1142)
	at java.util.concurrent.ThreadPoolExecutor$Worker.run(ThreadPoolExecutor.java:617)
	at java.lang.Thread.run(Thread.java:745)
Caused by: org.openqa.selenium.TimeoutException: Timed out after 20 seconds: Wait time out for By.xpath: //*[text()="Buy Tickets"] to be present
Build info: version: '2.53.0', revision: '35ae25b1534ae328c771e0856c93e187490ca824', time: '2016-03-15 10:43:46'
System info: host: 'UziMac.local', ip: '10.199.32.117', os.name: 'Mac OS X', os.arch: 'x86_64', os.version: '10.11.1', java.version: '1.8.0_45'
Driver info: driver.version: unknown
	at org.openqa.selenium.support.ui.FluentWait.timeoutException(FluentWait.java:292)
	at org.openqa.selenium.support.ui.FluentWait.until(FluentWait.java:261)
	at com.qmetry.qaf.automation.ui.webdriver.QAFExtendedWebElement.waitForPresent(QAFExtendedWebElement.java:471)
	at com.qmetry.qaf.automation.step.CommonStep.waitForPresent(CommonStep.java:751)
	at com.perfectomobile.quantum.steps.PerfectoApplicationSteps.waitToAppear(PerfectoApplicationSteps.java:358)
	at ✽.Then I wait "20" seconds for "buy.ticket" to appear(Amtrak.feature:15)
... Removed 16 stack frames]]>
    </failure>
  </testcase> <!-- Amtrak test -->
</testsuite> <!-- Generic_Android -->
