{
  "seleniumLog": [
    {
      "commandName": "PerfectoCommonSteps.i_connectToPerfecto()",
      "result": "passed",
      "subLogs": [
        {
          "commandName": "get",
          "args": [
            "{url=http://www.starbucks.com/}"
          ],
          "result": "null",
          "subLogs": [],
          "duration": 647
        }
      ],
      "duration": 719
    },
    {
      "commandName": "PerfectoCommonSteps.I_click(String)",
      "args": [
        "loginBT"
      ],
      "result": "failed",
      "subLogs": [
        {
          "commandName": "get",
          "args": [
            "{url=http://www.starbucks.com/}"
          ],
          "result": "null",
          "subLogs": [],
          "duration": 647
        },
        {
          "commandName": "findElement",
          "args": [
            "{value=signIn, using=id}"
          ],
          "result": "Element with by id 'signIn' wasn't found.\nFor documentation on this error, please visit: http://seleniumhq.org/exceptions/no_such_element.html\nBuild info: version: '2.48.2', revision: '41bccdd10cf2c0560f637404c2d96164b67d9d67', time: '2015-10-09 13:08:06'\nSystem info: host: 'Beta-MCM', ip: '1.1.95.10', os.name: 'Windows Server 2008 R2', os.arch: 'amd64', os.version: '6.1', java.version: '1.7.0_51'\nDriver info: driver.version: EventFiringWebDriver\nCommand duration or timeout: 1.46 seconds\nFor documentation on this error, please visit: http://seleniumhq.org/exceptions/no_such_element.html\nBuild info: version: '2.53.0', revision: '35ae25b1534ae328c771e0856c93e187490ca824', time: '2016-03-15 10:43:46'\nSystem info: host: 'UziMac.local', ip: '1.50.13.91', os.name: 'Mac OS X', os.arch: 'x86_64', os.version: '10.11.1', java.version: '1.8.0_45'\nDriver info: com.qmetry.qaf.automation.ui.webdriver.QAFExtendedWebDriver\nCapabilities [{rotatable=true, testGridReportUrl=https://beta.reporting-01.perfectomobile.com?externalId[0]=uzie@perfectomobile.com_StarbucksLogin_16-09-22_09_01_33_2614, entityType=remote_web_driver, serverConnector=, deviceName=988667325047395643, platform=ANY, executionId=uzie@perfectomobile.com_StarbucksLogin_16-09-22_09_01_33_2614, password=, webdriver.remote.sessionid=3226ab0b-3fa6-428e-a802-907fdb2cd9e7, automationName=Appium, host=beta.perfectomobile.com, singleTestReportUrl=https://beta.perfectomobile.com/nexperience/singletest/report/?reportRepositoryKey=PRIVATE:StarbucksLogin/StarbucksLogin_16-09-22_09_01_33_2614.xml&ownerId=uzie@perfectomobile.com&sharingCode=568cd79d-dbb6-4f54-a45e-31ab309fce0c, locationContextEnabled=true, scriptName=StarbucksLogin, browserName=MobileOS, takesScreenshot=true, javascriptEnabled=true, reportKey=PRIVATE:StarbucksLogin/StarbucksLogin_16-09-22_09_01_33_2614.xml, windTunnelReportUrl=https://beta.perfectomobile.com/nexperience/singletest/report/?reportRepositoryKey=PRIVATE:StarbucksLogin/StarbucksLogin_16-09-22_09_01_33_2614.xml&ownerId=uzie@perfectomobile.com&sharingCode=568cd79d-dbb6-4f54-a45e-31ab309fce0c, user=, cssSelectorsEnabled=true}]\nSession ID: 3226ab0b-3fa6-428e-a802-907fdb2cd9e7\n*** Element info: {Using=id, value=signIn}",
          "subLogs": [],
          "duration": 1462
        },
        {
          "commandName": "findElement",
          "args": [
            "{value=signIn, using=id}"
          ],
          "result": "Element with by id 'signIn' wasn't found.\nFor documentation on this error, please visit: http://seleniumhq.org/exceptions/no_such_element.html\nBuild info: version: '2.48.2', revision: '41bccdd10cf2c0560f637404c2d96164b67d9d67', time: '2015-10-09 13:08:06'\nSystem info: host: 'Beta-MCM', ip: '1.1.95.10', os.name: 'Windows Server 2008 R2', os.arch: 'amd64', os.version: '6.1', java.version: '1.7.0_51'\nDriver info: driver.version: EventFiringWebDriver\nCommand duration or timeout: 957 milliseconds\nFor documentation on this error, please visit: http://seleniumhq.org/exceptions/no_such_element.html\nBuild info: version: '2.53.0', revision: '35ae25b1534ae328c771e0856c93e187490ca824', time: '2016-03-15 10:43:46'\nSystem info: host: 'UziMac.local', ip: '1.50.13.91', os.name: 'Mac OS X', os.arch: 'x86_64', os.version: '10.11.1', java.version: '1.8.0_45'\nDriver info: com.qmetry.qaf.automation.ui.webdriver.QAFExtendedWebDriver\nCapabilities [{rotatable=true, testGridReportUrl=https://beta.reporting-01.perfectomobile.com?externalId[0]=uzie@perfectomobile.com_StarbucksLogin_16-09-22_09_01_33_2614, entityType=remote_web_driver, serverConnector=, deviceName=988667325047395643, platform=ANY, executionId=uzie@perfectomobile.com_StarbucksLogin_16-09-22_09_01_33_2614, password=, webdriver.remote.sessionid=3226ab0b-3fa6-428e-a802-907fdb2cd9e7, automationName=Appium, host=beta.perfectomobile.com, singleTestReportUrl=https://beta.perfectomobile.com/nexperience/singletest/report/?reportRepositoryKey=PRIVATE:StarbucksLogin/StarbucksLogin_16-09-22_09_01_33_2614.xml&ownerId=uzie@perfectomobile.com&sharingCode=568cd79d-dbb6-4f54-a45e-31ab309fce0c, locationContextEnabled=true, scriptName=StarbucksLogin, browserName=MobileOS, takesScreenshot=true, javascriptEnabled=true, reportKey=PRIVATE:StarbucksLogin/StarbucksLogin_16-09-22_09_01_33_2614.xml, windTunnelReportUrl=https://beta.perfectomobile.com/nexperience/singletest/report/?reportRepositoryKey=PRIVATE:StarbucksLogin/StarbucksLogin_16-09-22_09_01_33_2614.xml&ownerId=uzie@perfectomobile.com&sharingCode=568cd79d-dbb6-4f54-a45e-31ab309fce0c, user=, cssSelectorsEnabled=true}]\nSession ID: 3226ab0b-3fa6-428e-a802-907fdb2cd9e7\n*** Element info: {Using=id, value=signIn}",
          "subLogs": [],
          "duration": 957
        },
        {
          "commandName": "findElement",
          "args": [
            "{value=signIn, using=id}"
          ],
          "result": "Element with by id 'signIn' wasn't found.\nFor documentation on this error, please visit: http://seleniumhq.org/exceptions/no_such_element.html\nBuild info: version: '2.48.2', revision: '41bccdd10cf2c0560f637404c2d96164b67d9d67', time: '2015-10-09 13:08:06'\nSystem info: host: 'Beta-MCM', ip: '1.1.95.10', os.name: 'Windows Server 2008 R2', os.arch: 'amd64', os.version: '6.1', java.version: '1.7.0_51'\nDriver info: driver.version: EventFiringWebDriver\nCommand duration or timeout: 1.21 seconds\nFor documentation on this error, please visit: http://seleniumhq.org/exceptions/no_such_element.html\nBuild info: version: '2.53.0', revision: '35ae25b1534ae328c771e0856c93e187490ca824', time: '2016-03-15 10:43:46'\nSystem info: host: 'UziMac.local', ip: '1.50.13.91', os.name: 'Mac OS X', os.arch: 'x86_64', os.version: '10.11.1', java.version: '1.8.0_45'\nDriver info: com.qmetry.qaf.automation.ui.webdriver.QAFExtendedWebDriver\nCapabilities [{rotatable=true, testGridReportUrl=https://beta.reporting-01.perfectomobile.com?externalId[0]=uzie@perfectomobile.com_StarbucksLogin_16-09-22_09_01_33_2614, entityType=remote_web_driver, serverConnector=, deviceName=988667325047395643, platform=ANY, executionId=uzie@perfectomobile.com_StarbucksLogin_16-09-22_09_01_33_2614, password=, webdriver.remote.sessionid=3226ab0b-3fa6-428e-a802-907fdb2cd9e7, automationName=Appium, host=beta.perfectomobile.com, singleTestReportUrl=https://beta.perfectomobile.com/nexperience/singletest/report/?reportRepositoryKey=PRIVATE:StarbucksLogin/StarbucksLogin_16-09-22_09_01_33_2614.xml&ownerId=uzie@perfectomobile.com&sharingCode=568cd79d-dbb6-4f54-a45e-31ab309fce0c, locationContextEnabled=true, scriptName=StarbucksLogin, browserName=MobileOS, takesScreenshot=true, javascriptEnabled=true, reportKey=PRIVATE:StarbucksLogin/StarbucksLogin_16-09-22_09_01_33_2614.xml, windTunnelReportUrl=https://beta.perfectomobile.com/nexperience/singletest/report/?reportRepositoryKey=PRIVATE:StarbucksLogin/StarbucksLogin_16-09-22_09_01_33_2614.xml&ownerId=uzie@perfectomobile.com&sharingCode=568cd79d-dbb6-4f54-a45e-31ab309fce0c, user=, cssSelectorsEnabled=true}]\nSession ID: 3226ab0b-3fa6-428e-a802-907fdb2cd9e7\n*** Element info: {Using=id, value=signIn}",
          "subLogs": [],
          "duration": 1207
        },
        {
          "commandName": "findElement",
          "args": [
            "{value=signIn, using=id}"
          ],
          "result": "Element with by id 'signIn' wasn't found.\nFor documentation on this error, please visit: http://seleniumhq.org/exceptions/no_such_element.html\nBuild info: version: '2.48.2', revision: '41bccdd10cf2c0560f637404c2d96164b67d9d67', time: '2015-10-09 13:08:06'\nSystem info: host: 'Beta-MCM', ip: '1.1.95.10', os.name: 'Windows Server 2008 R2', os.arch: 'amd64', os.version: '6.1', java.version: '1.7.0_51'\nDriver info: driver.version: EventFiringWebDriver\nCommand duration or timeout: 1.30 seconds\nFor documentation on this error, please visit: http://seleniumhq.org/exceptions/no_such_element.html\nBuild info: version: '2.53.0', revision: '35ae25b1534ae328c771e0856c93e187490ca824', time: '2016-03-15 10:43:46'\nSystem info: host: 'UziMac.local', ip: '1.50.13.91', os.name: 'Mac OS X', os.arch: 'x86_64', os.version: '10.11.1', java.version: '1.8.0_45'\nDriver info: com.qmetry.qaf.automation.ui.webdriver.QAFExtendedWebDriver\nCapabilities [{rotatable=true, testGridReportUrl=https://beta.reporting-01.perfectomobile.com?externalId[0]=uzie@perfectomobile.com_StarbucksLogin_16-09-22_09_01_33_2614, entityType=remote_web_driver, serverConnector=, deviceName=988667325047395643, platform=ANY, executionId=uzie@perfectomobile.com_StarbucksLogin_16-09-22_09_01_33_2614, password=, webdriver.remote.sessionid=3226ab0b-3fa6-428e-a802-907fdb2cd9e7, automationName=Appium, host=beta.perfectomobile.com, singleTestReportUrl=https://beta.perfectomobile.com/nexperience/singletest/report/?reportRepositoryKey=PRIVATE:StarbucksLogin/StarbucksLogin_16-09-22_09_01_33_2614.xml&ownerId=uzie@perfectomobile.com&sharingCode=568cd79d-dbb6-4f54-a45e-31ab309fce0c, locationContextEnabled=true, scriptName=StarbucksLogin, browserName=MobileOS, takesScreenshot=true, javascriptEnabled=true, reportKey=PRIVATE:StarbucksLogin/StarbucksLogin_16-09-22_09_01_33_2614.xml, windTunnelReportUrl=https://beta.perfectomobile.com/nexperience/singletest/report/?reportRepositoryKey=PRIVATE:StarbucksLogin/StarbucksLogin_16-09-22_09_01_33_2614.xml&ownerId=uzie@perfectomobile.com&sharingCode=568cd79d-dbb6-4f54-a45e-31ab309fce0c, user=, cssSelectorsEnabled=true}]\nSession ID: 3226ab0b-3fa6-428e-a802-907fdb2cd9e7\n*** Element info: {Using=id, value=signIn}",
          "subLogs": [],
          "duration": 1302
        },
        {
          "commandName": "findElement",
          "args": [
            "{value=signIn, using=id}"
          ],
          "result": "Element with by id 'signIn' wasn't found.\nFor documentation on this error, please visit: http://seleniumhq.org/exceptions/no_such_element.html\nBuild info: version: '2.48.2', revision: '41bccdd10cf2c0560f637404c2d96164b67d9d67', time: '2015-10-09 13:08:06'\nSystem info: host: 'Beta-MCM', ip: '1.1.95.10', os.name: 'Windows Server 2008 R2', os.arch: 'amd64', os.version: '6.1', java.version: '1.7.0_51'\nDriver info: driver.version: EventFiringWebDriver\nCommand duration or timeout: 1.39 seconds\nFor documentation on this error, please visit: http://seleniumhq.org/exceptions/no_such_element.html\nBuild info: version: '2.53.0', revision: '35ae25b1534ae328c771e0856c93e187490ca824', time: '2016-03-15 10:43:46'\nSystem info: host: 'UziMac.local', ip: '1.50.13.91', os.name: 'Mac OS X', os.arch: 'x86_64', os.version: '10.11.1', java.version: '1.8.0_45'\nDriver info: com.qmetry.qaf.automation.ui.webdriver.QAFExtendedWebDriver\nCapabilities [{rotatable=true, testGridReportUrl=https://beta.reporting-01.perfectomobile.com?externalId[0]=uzie@perfectomobile.com_StarbucksLogin_16-09-22_09_01_33_2614, entityType=remote_web_driver, serverConnector=, deviceName=988667325047395643, platform=ANY, executionId=uzie@perfectomobile.com_StarbucksLogin_16-09-22_09_01_33_2614, password=, webdriver.remote.sessionid=3226ab0b-3fa6-428e-a802-907fdb2cd9e7, automationName=Appium, host=beta.perfectomobile.com, singleTestReportUrl=https://beta.perfectomobile.com/nexperience/singletest/report/?reportRepositoryKey=PRIVATE:StarbucksLogin/StarbucksLogin_16-09-22_09_01_33_2614.xml&ownerId=uzie@perfectomobile.com&sharingCode=568cd79d-dbb6-4f54-a45e-31ab309fce0c, locationContextEnabled=true, scriptName=StarbucksLogin, browserName=MobileOS, takesScreenshot=true, javascriptEnabled=true, reportKey=PRIVATE:StarbucksLogin/StarbucksLogin_16-09-22_09_01_33_2614.xml, windTunnelReportUrl=https://beta.perfectomobile.com/nexperience/singletest/report/?reportRepositoryKey=PRIVATE:StarbucksLogin/StarbucksLogin_16-09-22_09_01_33_2614.xml&ownerId=uzie@perfectomobile.com&sharingCode=568cd79d-dbb6-4f54-a45e-31ab309fce0c, user=, cssSelectorsEnabled=true}]\nSession ID: 3226ab0b-3fa6-428e-a802-907fdb2cd9e7\n*** Element info: {Using=id, value=signIn}",
          "subLogs": [],
          "duration": 1394
        },
        {
          "commandName": "findElement",
          "args": [
            "{value=signIn, using=id}"
          ],
          "result": "Element with by id 'signIn' wasn't found.\nFor documentation on this error, please visit: http://seleniumhq.org/exceptions/no_such_element.html\nBuild info: version: '2.48.2', revision: '41bccdd10cf2c0560f637404c2d96164b67d9d67', time: '2015-10-09 13:08:06'\nSystem info: host: 'Beta-MCM', ip: '1.1.95.10', os.name: 'Windows Server 2008 R2', os.arch: 'amd64', os.version: '6.1', java.version: '1.7.0_51'\nDriver info: driver.version: EventFiringWebDriver\nCommand duration or timeout: 1.60 seconds\nFor documentation on this error, please visit: http://seleniumhq.org/exceptions/no_such_element.html\nBuild info: version: '2.53.0', revision: '35ae25b1534ae328c771e0856c93e187490ca824', time: '2016-03-15 10:43:46'\nSystem info: host: 'UziMac.local', ip: '1.50.13.91', os.name: 'Mac OS X', os.arch: 'x86_64', os.version: '10.11.1', java.version: '1.8.0_45'\nDriver info: com.qmetry.qaf.automation.ui.webdriver.QAFExtendedWebDriver\nCapabilities [{rotatable=true, testGridReportUrl=https://beta.reporting-01.perfectomobile.com?externalId[0]=uzie@perfectomobile.com_StarbucksLogin_16-09-22_09_01_33_2614, entityType=remote_web_driver, serverConnector=, deviceName=988667325047395643, platform=ANY, executionId=uzie@perfectomobile.com_StarbucksLogin_16-09-22_09_01_33_2614, password=, webdriver.remote.sessionid=3226ab0b-3fa6-428e-a802-907fdb2cd9e7, automationName=Appium, host=beta.perfectomobile.com, singleTestReportUrl=https://beta.perfectomobile.com/nexperience/singletest/report/?reportRepositoryKey=PRIVATE:StarbucksLogin/StarbucksLogin_16-09-22_09_01_33_2614.xml&ownerId=uzie@perfectomobile.com&sharingCode=568cd79d-dbb6-4f54-a45e-31ab309fce0c, locationContextEnabled=true, scriptName=StarbucksLogin, browserName=MobileOS, takesScreenshot=true, javascriptEnabled=true, reportKey=PRIVATE:StarbucksLogin/StarbucksLogin_16-09-22_09_01_33_2614.xml, windTunnelReportUrl=https://beta.perfectomobile.com/nexperience/singletest/report/?reportRepositoryKey=PRIVATE:StarbucksLogin/StarbucksLogin_16-09-22_09_01_33_2614.xml&ownerId=uzie@perfectomobile.com&sharingCode=568cd79d-dbb6-4f54-a45e-31ab309fce0c, user=, cssSelectorsEnabled=true}]\nSession ID: 3226ab0b-3fa6-428e-a802-907fdb2cd9e7\n*** Element info: {Using=id, value=signIn}",
          "subLogs": [],
          "duration": 1603
        },
        {
          "commandName": "findElement",
          "args": [
            "{value=signIn, using=id}"
          ],
          "result": "Element with by id 'signIn' wasn't found.\nFor documentation on this error, please visit: http://seleniumhq.org/exceptions/no_such_element.html\nBuild info: version: '2.48.2', revision: '41bccdd10cf2c0560f637404c2d96164b67d9d67', time: '2015-10-09 13:08:06'\nSystem info: host: 'Beta-MCM', ip: '1.1.95.10', os.name: 'Windows Server 2008 R2', os.arch: 'amd64', os.version: '6.1', java.version: '1.7.0_51'\nDriver info: driver.version: EventFiringWebDriver\nCommand duration or timeout: 1.37 seconds\nFor documentation on this error, please visit: http://seleniumhq.org/exceptions/no_such_element.html\nBuild info: version: '2.53.0', revision: '35ae25b1534ae328c771e0856c93e187490ca824', time: '2016-03-15 10:43:46'\nSystem info: host: 'UziMac.local', ip: '1.50.13.91', os.name: 'Mac OS X', os.arch: 'x86_64', os.version: '10.11.1', java.version: '1.8.0_45'\nDriver info: com.qmetry.qaf.automation.ui.webdriver.QAFExtendedWebDriver\nCapabilities [{rotatable=true, testGridReportUrl=https://beta.reporting-01.perfectomobile.com?externalId[0]=uzie@perfectomobile.com_StarbucksLogin_16-09-22_09_01_33_2614, entityType=remote_web_driver, serverConnector=, deviceName=988667325047395643, platform=ANY, executionId=uzie@perfectomobile.com_StarbucksLogin_16-09-22_09_01_33_2614, password=, webdriver.remote.sessionid=3226ab0b-3fa6-428e-a802-907fdb2cd9e7, automationName=Appium, host=beta.perfectomobile.com, singleTestReportUrl=https://beta.perfectomobile.com/nexperience/singletest/report/?reportRepositoryKey=PRIVATE:StarbucksLogin/StarbucksLogin_16-09-22_09_01_33_2614.xml&ownerId=uzie@perfectomobile.com&sharingCode=568cd79d-dbb6-4f54-a45e-31ab309fce0c, locationContextEnabled=true, scriptName=StarbucksLogin, browserName=MobileOS, takesScreenshot=true, javascriptEnabled=true, reportKey=PRIVATE:StarbucksLogin/StarbucksLogin_16-09-22_09_01_33_2614.xml, windTunnelReportUrl=https://beta.perfectomobile.com/nexperience/singletest/report/?reportRepositoryKey=PRIVATE:StarbucksLogin/StarbucksLogin_16-09-22_09_01_33_2614.xml&ownerId=uzie@perfectomobile.com&sharingCode=568cd79d-dbb6-4f54-a45e-31ab309fce0c, user=, cssSelectorsEnabled=true}]\nSession ID: 3226ab0b-3fa6-428e-a802-907fdb2cd9e7\n*** Element info: {Using=id, value=signIn}",
          "subLogs": [],
          "duration": 1370
        },
        {
          "commandName": "findElement",
          "args": [
            "{value=signIn, using=id}"
          ],
          "result": "Element with by id 'signIn' wasn't found.\nFor documentation on this error, please visit: http://seleniumhq.org/exceptions/no_such_element.html\nBuild info: version: '2.48.2', revision: '41bccdd10cf2c0560f637404c2d96164b67d9d67', time: '2015-10-09 13:08:06'\nSystem info: host: 'Beta-MCM', ip: '1.1.95.10', os.name: 'Windows Server 2008 R2', os.arch: 'amd64', os.version: '6.1', java.version: '1.7.0_51'\nDriver info: driver.version: EventFiringWebDriver\nCommand duration or timeout: 1.23 seconds\nFor documentation on this error, please visit: http://seleniumhq.org/exceptions/no_such_element.html\nBuild info: version: '2.53.0', revision: '35ae25b1534ae328c771e0856c93e187490ca824', time: '2016-03-15 10:43:46'\nSystem info: host: 'UziMac.local', ip: '1.50.13.91', os.name: 'Mac OS X', os.arch: 'x86_64', os.version: '10.11.1', java.version: '1.8.0_45'\nDriver info: com.qmetry.qaf.automation.ui.webdriver.QAFExtendedWebDriver\nCapabilities [{rotatable=true, testGridReportUrl=https://beta.reporting-01.perfectomobile.com?externalId[0]=uzie@perfectomobile.com_StarbucksLogin_16-09-22_09_01_33_2614, entityType=remote_web_driver, serverConnector=, deviceName=988667325047395643, platform=ANY, executionId=uzie@perfectomobile.com_StarbucksLogin_16-09-22_09_01_33_2614, password=, webdriver.remote.sessionid=3226ab0b-3fa6-428e-a802-907fdb2cd9e7, automationName=Appium, host=beta.perfectomobile.com, singleTestReportUrl=https://beta.perfectomobile.com/nexperience/singletest/report/?reportRepositoryKey=PRIVATE:StarbucksLogin/StarbucksLogin_16-09-22_09_01_33_2614.xml&ownerId=uzie@perfectomobile.com&sharingCode=568cd79d-dbb6-4f54-a45e-31ab309fce0c, locationContextEnabled=true, scriptName=StarbucksLogin, browserName=MobileOS, takesScreenshot=true, javascriptEnabled=true, reportKey=PRIVATE:StarbucksLogin/StarbucksLogin_16-09-22_09_01_33_2614.xml, windTunnelReportUrl=https://beta.perfectomobile.com/nexperience/singletest/report/?reportRepositoryKey=PRIVATE:StarbucksLogin/StarbucksLogin_16-09-22_09_01_33_2614.xml&ownerId=uzie@perfectomobile.com&sharingCode=568cd79d-dbb6-4f54-a45e-31ab309fce0c, user=, cssSelectorsEnabled=true}]\nSession ID: 3226ab0b-3fa6-428e-a802-907fdb2cd9e7\n*** Element info: {Using=id, value=signIn}",
          "subLogs": [],
          "duration": 1233
        },
        {
          "commandName": "findElement",
          "args": [
            "{value=signIn, using=id}"
          ],
          "result": "Element with by id 'signIn' wasn't found.\nFor documentation on this error, please visit: http://seleniumhq.org/exceptions/no_such_element.html\nBuild info: version: '2.48.2', revision: '41bccdd10cf2c0560f637404c2d96164b67d9d67', time: '2015-10-09 13:08:06'\nSystem info: host: 'Beta-MCM', ip: '1.1.95.10', os.name: 'Windows Server 2008 R2', os.arch: 'amd64', os.version: '6.1', java.version: '1.7.0_51'\nDriver info: driver.version: EventFiringWebDriver\nCommand duration or timeout: 1.27 seconds\nFor documentation on this error, please visit: http://seleniumhq.org/exceptions/no_such_element.html\nBuild info: version: '2.53.0', revision: '35ae25b1534ae328c771e0856c93e187490ca824', time: '2016-03-15 10:43:46'\nSystem info: host: 'UziMac.local', ip: '1.50.13.91', os.name: 'Mac OS X', os.arch: 'x86_64', os.version: '10.11.1', java.version: '1.8.0_45'\nDriver info: com.qmetry.qaf.automation.ui.webdriver.QAFExtendedWebDriver\nCapabilities [{rotatable=true, testGridReportUrl=https://beta.reporting-01.perfectomobile.com?externalId[0]=uzie@perfectomobile.com_StarbucksLogin_16-09-22_09_01_33_2614, entityType=remote_web_driver, serverConnector=, deviceName=988667325047395643, platform=ANY, executionId=uzie@perfectomobile.com_StarbucksLogin_16-09-22_09_01_33_2614, password=, webdriver.remote.sessionid=3226ab0b-3fa6-428e-a802-907fdb2cd9e7, automationName=Appium, host=beta.perfectomobile.com, singleTestReportUrl=https://beta.perfectomobile.com/nexperience/singletest/report/?reportRepositoryKey=PRIVATE:StarbucksLogin/StarbucksLogin_16-09-22_09_01_33_2614.xml&ownerId=uzie@perfectomobile.com&sharingCode=568cd79d-dbb6-4f54-a45e-31ab309fce0c, locationContextEnabled=true, scriptName=StarbucksLogin, browserName=MobileOS, takesScreenshot=true, javascriptEnabled=true, reportKey=PRIVATE:StarbucksLogin/StarbucksLogin_16-09-22_09_01_33_2614.xml, windTunnelReportUrl=https://beta.perfectomobile.com/nexperience/singletest/report/?reportRepositoryKey=PRIVATE:StarbucksLogin/StarbucksLogin_16-09-22_09_01_33_2614.xml&ownerId=uzie@perfectomobile.com&sharingCode=568cd79d-dbb6-4f54-a45e-31ab309fce0c, user=, cssSelectorsEnabled=true}]\nSession ID: 3226ab0b-3fa6-428e-a802-907fdb2cd9e7\n*** Element info: {Using=id, value=signIn}",
          "subLogs": [],
          "duration": 1266
        },
        {
          "commandName": "findElement",
          "args": [
            "{value=signIn, using=id}"
          ],
          "result": "Element with by id 'signIn' wasn't found.\nFor documentation on this error, please visit: http://seleniumhq.org/exceptions/no_such_element.html\nBuild info: version: '2.48.2', revision: '41bccdd10cf2c0560f637404c2d96164b67d9d67', time: '2015-10-09 13:08:06'\nSystem info: host: 'Beta-MCM', ip: '1.1.95.10', os.name: 'Windows Server 2008 R2', os.arch: 'amd64', os.version: '6.1', java.version: '1.7.0_51'\nDriver info: driver.version: EventFiringWebDriver\nCommand duration or timeout: 1.21 seconds\nFor documentation on this error, please visit: http://seleniumhq.org/exceptions/no_such_element.html\nBuild info: version: '2.53.0', revision: '35ae25b1534ae328c771e0856c93e187490ca824', time: '2016-03-15 10:43:46'\nSystem info: host: 'UziMac.local', ip: '1.50.13.91', os.name: 'Mac OS X', os.arch: 'x86_64', os.version: '10.11.1', java.version: '1.8.0_45'\nDriver info: com.qmetry.qaf.automation.ui.webdriver.QAFExtendedWebDriver\nCapabilities [{rotatable=true, testGridReportUrl=https://beta.reporting-01.perfectomobile.com?externalId[0]=uzie@perfectomobile.com_StarbucksLogin_16-09-22_09_01_33_2614, entityType=remote_web_driver, serverConnector=, deviceName=988667325047395643, platform=ANY, executionId=uzie@perfectomobile.com_StarbucksLogin_16-09-22_09_01_33_2614, password=, webdriver.remote.sessionid=3226ab0b-3fa6-428e-a802-907fdb2cd9e7, automationName=Appium, host=beta.perfectomobile.com, singleTestReportUrl=https://beta.perfectomobile.com/nexperience/singletest/report/?reportRepositoryKey=PRIVATE:StarbucksLogin/StarbucksLogin_16-09-22_09_01_33_2614.xml&ownerId=uzie@perfectomobile.com&sharingCode=568cd79d-dbb6-4f54-a45e-31ab309fce0c, locationContextEnabled=true, scriptName=StarbucksLogin, browserName=MobileOS, takesScreenshot=true, javascriptEnabled=true, reportKey=PRIVATE:StarbucksLogin/StarbucksLogin_16-09-22_09_01_33_2614.xml, windTunnelReportUrl=https://beta.perfectomobile.com/nexperience/singletest/report/?reportRepositoryKey=PRIVATE:StarbucksLogin/StarbucksLogin_16-09-22_09_01_33_2614.xml&ownerId=uzie@perfectomobile.com&sharingCode=568cd79d-dbb6-4f54-a45e-31ab309fce0c, user=, cssSelectorsEnabled=true}]\nSession ID: 3226ab0b-3fa6-428e-a802-907fdb2cd9e7\n*** Element info: {Using=id, value=signIn}",
          "subLogs": [],
          "duration": 1205
        },
        {
          "commandName": "findElement",
          "args": [
            "{value=signIn, using=id}"
          ],
          "result": "Element with by id 'signIn' wasn't found.\nFor documentation on this error, please visit: http://seleniumhq.org/exceptions/no_such_element.html\nBuild info: version: '2.48.2', revision: '41bccdd10cf2c0560f637404c2d96164b67d9d67', time: '2015-10-09 13:08:06'\nSystem info: host: 'Beta-MCM', ip: '1.1.95.10', os.name: 'Windows Server 2008 R2', os.arch: 'amd64', os.version: '6.1', java.version: '1.7.0_51'\nDriver info: driver.version: EventFiringWebDriver\nCommand duration or timeout: 1.38 seconds\nFor documentation on this error, please visit: http://seleniumhq.org/exceptions/no_such_element.html\nBuild info: version: '2.53.0', revision: '35ae25b1534ae328c771e0856c93e187490ca824', time: '2016-03-15 10:43:46'\nSystem info: host: 'UziMac.local', ip: '1.50.13.91', os.name: 'Mac OS X', os.arch: 'x86_64', os.version: '10.11.1', java.version: '1.8.0_45'\nDriver info: com.qmetry.qaf.automation.ui.webdriver.QAFExtendedWebDriver\nCapabilities [{rotatable=true, testGridReportUrl=https://beta.reporting-01.perfectomobile.com?externalId[0]=uzie@perfectomobile.com_StarbucksLogin_16-09-22_09_01_33_2614, entityType=remote_web_driver, serverConnector=, deviceName=988667325047395643, platform=ANY, executionId=uzie@perfectomobile.com_StarbucksLogin_16-09-22_09_01_33_2614, password=, webdriver.remote.sessionid=3226ab0b-3fa6-428e-a802-907fdb2cd9e7, automationName=Appium, host=beta.perfectomobile.com, singleTestReportUrl=https://beta.perfectomobile.com/nexperience/singletest/report/?reportRepositoryKey=PRIVATE:StarbucksLogin/StarbucksLogin_16-09-22_09_01_33_2614.xml&ownerId=uzie@perfectomobile.com&sharingCode=568cd79d-dbb6-4f54-a45e-31ab309fce0c, locationContextEnabled=true, scriptName=StarbucksLogin, browserName=MobileOS, takesScreenshot=true, javascriptEnabled=true, reportKey=PRIVATE:StarbucksLogin/StarbucksLogin_16-09-22_09_01_33_2614.xml, windTunnelReportUrl=https://beta.perfectomobile.com/nexperience/singletest/report/?reportRepositoryKey=PRIVATE:StarbucksLogin/StarbucksLogin_16-09-22_09_01_33_2614.xml&ownerId=uzie@perfectomobile.com&sharingCode=568cd79d-dbb6-4f54-a45e-31ab309fce0c, user=, cssSelectorsEnabled=true}]\nSession ID: 3226ab0b-3fa6-428e-a802-907fdb2cd9e7\n*** Element info: {Using=id, value=signIn}",
          "subLogs": [],
          "duration": 1380
        },
        {
          "commandName": "findElement",
          "args": [
            "{value=signIn, using=id}"
          ],
          "result": "Element with by id 'signIn' wasn't found.\nFor documentation on this error, please visit: http://seleniumhq.org/exceptions/no_such_element.html\nBuild info: version: '2.48.2', revision: '41bccdd10cf2c0560f637404c2d96164b67d9d67', time: '2015-10-09 13:08:06'\nSystem info: host: 'Beta-MCM', ip: '1.1.95.10', os.name: 'Windows Server 2008 R2', os.arch: 'amd64', os.version: '6.1', java.version: '1.7.0_51'\nDriver info: driver.version: EventFiringWebDriver\nCommand duration or timeout: 1.26 seconds\nFor documentation on this error, please visit: http://seleniumhq.org/exceptions/no_such_element.html\nBuild info: version: '2.53.0', revision: '35ae25b1534ae328c771e0856c93e187490ca824', time: '2016-03-15 10:43:46'\nSystem info: host: 'UziMac.local', ip: '1.50.13.91', os.name: 'Mac OS X', os.arch: 'x86_64', os.version: '10.11.1', java.version: '1.8.0_45'\nDriver info: com.qmetry.qaf.automation.ui.webdriver.QAFExtendedWebDriver\nCapabilities [{rotatable=true, testGridReportUrl=https://beta.reporting-01.perfectomobile.com?externalId[0]=uzie@perfectomobile.com_StarbucksLogin_16-09-22_09_01_33_2614, entityType=remote_web_driver, serverConnector=, deviceName=988667325047395643, platform=ANY, executionId=uzie@perfectomobile.com_StarbucksLogin_16-09-22_09_01_33_2614, password=, webdriver.remote.sessionid=3226ab0b-3fa6-428e-a802-907fdb2cd9e7, automationName=Appium, host=beta.perfectomobile.com, singleTestReportUrl=https://beta.perfectomobile.com/nexperience/singletest/report/?reportRepositoryKey=PRIVATE:StarbucksLogin/StarbucksLogin_16-09-22_09_01_33_2614.xml&ownerId=uzie@perfectomobile.com&sharingCode=568cd79d-dbb6-4f54-a45e-31ab309fce0c, locationContextEnabled=true, scriptName=StarbucksLogin, browserName=MobileOS, takesScreenshot=true, javascriptEnabled=true, reportKey=PRIVATE:StarbucksLogin/StarbucksLogin_16-09-22_09_01_33_2614.xml, windTunnelReportUrl=https://beta.perfectomobile.com/nexperience/singletest/report/?reportRepositoryKey=PRIVATE:StarbucksLogin/StarbucksLogin_16-09-22_09_01_33_2614.xml&ownerId=uzie@perfectomobile.com&sharingCode=568cd79d-dbb6-4f54-a45e-31ab309fce0c, user=, cssSelectorsEnabled=true}]\nSession ID: 3226ab0b-3fa6-428e-a802-907fdb2cd9e7\n*** Element info: {Using=id, value=signIn}",
          "subLogs": [],
          "duration": 1259
        },
        {
          "commandName": "findElement",
          "args": [
            "{value=signIn, using=id}"
          ],
          "result": "Element with by id 'signIn' wasn't found.\nFor documentation on this error, please visit: http://seleniumhq.org/exceptions/no_such_element.html\nBuild info: version: '2.48.2', revision: '41bccdd10cf2c0560f637404c2d96164b67d9d67', time: '2015-10-09 13:08:06'\nSystem info: host: 'Beta-MCM', ip: '1.1.95.10', os.name: 'Windows Server 2008 R2', os.arch: 'amd64', os.version: '6.1', java.version: '1.7.0_51'\nDriver info: driver.version: EventFiringWebDriver\nCommand duration or timeout: 1.40 seconds\nFor documentation on this error, please visit: http://seleniumhq.org/exceptions/no_such_element.html\nBuild info: version: '2.53.0', revision: '35ae25b1534ae328c771e0856c93e187490ca824', time: '2016-03-15 10:43:46'\nSystem info: host: 'UziMac.local', ip: '1.50.13.91', os.name: 'Mac OS X', os.arch: 'x86_64', os.version: '10.11.1', java.version: '1.8.0_45'\nDriver info: com.qmetry.qaf.automation.ui.webdriver.QAFExtendedWebDriver\nCapabilities [{rotatable=true, testGridReportUrl=https://beta.reporting-01.perfectomobile.com?externalId[0]=uzie@perfectomobile.com_StarbucksLogin_16-09-22_09_01_33_2614, entityType=remote_web_driver, serverConnector=, deviceName=988667325047395643, platform=ANY, executionId=uzie@perfectomobile.com_StarbucksLogin_16-09-22_09_01_33_2614, password=, webdriver.remote.sessionid=3226ab0b-3fa6-428e-a802-907fdb2cd9e7, automationName=Appium, host=beta.perfectomobile.com, singleTestReportUrl=https://beta.perfectomobile.com/nexperience/singletest/report/?reportRepositoryKey=PRIVATE:StarbucksLogin/StarbucksLogin_16-09-22_09_01_33_2614.xml&ownerId=uzie@perfectomobile.com&sharingCode=568cd79d-dbb6-4f54-a45e-31ab309fce0c, locationContextEnabled=true, scriptName=StarbucksLogin, browserName=MobileOS, takesScreenshot=true, javascriptEnabled=true, reportKey=PRIVATE:StarbucksLogin/StarbucksLogin_16-09-22_09_01_33_2614.xml, windTunnelReportUrl=https://beta.perfectomobile.com/nexperience/singletest/report/?reportRepositoryKey=PRIVATE:StarbucksLogin/StarbucksLogin_16-09-22_09_01_33_2614.xml&ownerId=uzie@perfectomobile.com&sharingCode=568cd79d-dbb6-4f54-a45e-31ab309fce0c, user=, cssSelectorsEnabled=true}]\nSession ID: 3226ab0b-3fa6-428e-a802-907fdb2cd9e7\n*** Element info: {Using=id, value=signIn}",
          "subLogs": [],
          "duration": 1402
        },
        {
          "commandName": "findElement",
          "args": [
            "{value=signIn, using=id}"
          ],
          "result": "Element with by id 'signIn' wasn't found.\nFor documentation on this error, please visit: http://seleniumhq.org/exceptions/no_such_element.html\nBuild info: version: '2.48.2', revision: '41bccdd10cf2c0560f637404c2d96164b67d9d67', time: '2015-10-09 13:08:06'\nSystem info: host: 'Beta-MCM', ip: '1.1.95.10', os.name: 'Windows Server 2008 R2', os.arch: 'amd64', os.version: '6.1', java.version: '1.7.0_51'\nDriver info: driver.version: EventFiringWebDriver\nCommand duration or timeout: 1.77 seconds\nFor documentation on this error, please visit: http://seleniumhq.org/exceptions/no_such_element.html\nBuild info: version: '2.53.0', revision: '35ae25b1534ae328c771e0856c93e187490ca824', time: '2016-03-15 10:43:46'\nSystem info: host: 'UziMac.local', ip: '1.50.13.91', os.name: 'Mac OS X', os.arch: 'x86_64', os.version: '10.11.1', java.version: '1.8.0_45'\nDriver info: com.qmetry.qaf.automation.ui.webdriver.QAFExtendedWebDriver\nCapabilities [{rotatable=true, testGridReportUrl=https://beta.reporting-01.perfectomobile.com?externalId[0]=uzie@perfectomobile.com_StarbucksLogin_16-09-22_09_01_33_2614, entityType=remote_web_driver, serverConnector=, deviceName=988667325047395643, platform=ANY, executionId=uzie@perfectomobile.com_StarbucksLogin_16-09-22_09_01_33_2614, password=, webdriver.remote.sessionid=3226ab0b-3fa6-428e-a802-907fdb2cd9e7, automationName=Appium, host=beta.perfectomobile.com, singleTestReportUrl=https://beta.perfectomobile.com/nexperience/singletest/report/?reportRepositoryKey=PRIVATE:StarbucksLogin/StarbucksLogin_16-09-22_09_01_33_2614.xml&ownerId=uzie@perfectomobile.com&sharingCode=568cd79d-dbb6-4f54-a45e-31ab309fce0c, locationContextEnabled=true, scriptName=StarbucksLogin, browserName=MobileOS, takesScreenshot=true, javascriptEnabled=true, reportKey=PRIVATE:StarbucksLogin/StarbucksLogin_16-09-22_09_01_33_2614.xml, windTunnelReportUrl=https://beta.perfectomobile.com/nexperience/singletest/report/?reportRepositoryKey=PRIVATE:StarbucksLogin/StarbucksLogin_16-09-22_09_01_33_2614.xml&ownerId=uzie@perfectomobile.com&sharingCode=568cd79d-dbb6-4f54-a45e-31ab309fce0c, user=, cssSelectorsEnabled=true}]\nSession ID: 3226ab0b-3fa6-428e-a802-907fdb2cd9e7\n*** Element info: {Using=id, value=signIn}",
          "subLogs": [],
          "duration": 1772
        },
        {
          "commandName": "clickElement",
          "args": [
            "By.id: signIn",
            "{\"id\":\"-1\"}"
          ],
          "result": "Timed out after 30 seconds waiting for presence of element located by: By.id: signIn\nBuild info: version: '2.53.0', revision: '35ae25b1534ae328c771e0856c93e187490ca824', time: '2016-03-15 10:43:46'\nSystem info: host: 'UziMac.local', ip: '1.50.13.91', os.name: 'Mac OS X', os.arch: 'x86_64', os.version: '10.11.1', java.version: '1.8.0_45'\nDriver info: driver.version: QAFExtendedWebDriver",
          "subLogs": [],
          "duration": 1361162484
        }
      ],
      "duration": 31869
    },
    {
      "commandName": "StepDef.I_login(String,String)",
      "args": [
        "f2f2f2f2f2f",
        "Perfecto1"
      ],
      "result": "skipped",
      "subLogs": [
        {
          "commandName": "get",
          "args": [
            "{url=http://www.starbucks.com/}"
          ],
          "result": "null",
          "subLogs": [],
          "duration": 647
        },
        {
          "commandName": "findElement",
          "args": [
            "{value=signIn, using=id}"
          ],
          "result": "Element with by id 'signIn' wasn't found.\nFor documentation on this error, please visit: http://seleniumhq.org/exceptions/no_such_element.html\nBuild info: version: '2.48.2', revision: '41bccdd10cf2c0560f637404c2d96164b67d9d67', time: '2015-10-09 13:08:06'\nSystem info: host: 'Beta-MCM', ip: '1.1.95.10', os.name: 'Windows Server 2008 R2', os.arch: 'amd64', os.version: '6.1', java.version: '1.7.0_51'\nDriver info: driver.version: EventFiringWebDriver\nCommand duration or timeout: 1.46 seconds\nFor documentation on this error, please visit: http://seleniumhq.org/exceptions/no_such_element.html\nBuild info: version: '2.53.0', revision: '35ae25b1534ae328c771e0856c93e187490ca824', time: '2016-03-15 10:43:46'\nSystem info: host: 'UziMac.local', ip: '1.50.13.91', os.name: 'Mac OS X', os.arch: 'x86_64', os.version: '10.11.1', java.version: '1.8.0_45'\nDriver info: com.qmetry.qaf.automation.ui.webdriver.QAFExtendedWebDriver\nCapabilities [{rotatable=true, testGridReportUrl=https://beta.reporting-01.perfectomobile.com?externalId[0]=uzie@perfectomobile.com_StarbucksLogin_16-09-22_09_01_33_2614, entityType=remote_web_driver, serverConnector=, deviceName=988667325047395643, platform=ANY, executionId=uzie@perfectomobile.com_StarbucksLogin_16-09-22_09_01_33_2614, password=, webdriver.remote.sessionid=3226ab0b-3fa6-428e-a802-907fdb2cd9e7, automationName=Appium, host=beta.perfectomobile.com, singleTestReportUrl=https://beta.perfectomobile.com/nexperience/singletest/report/?reportRepositoryKey=PRIVATE:StarbucksLogin/StarbucksLogin_16-09-22_09_01_33_2614.xml&ownerId=uzie@perfectomobile.com&sharingCode=568cd79d-dbb6-4f54-a45e-31ab309fce0c, locationContextEnabled=true, scriptName=StarbucksLogin, browserName=MobileOS, takesScreenshot=true, javascriptEnabled=true, reportKey=PRIVATE:StarbucksLogin/StarbucksLogin_16-09-22_09_01_33_2614.xml, windTunnelReportUrl=https://beta.perfectomobile.com/nexperience/singletest/report/?reportRepositoryKey=PRIVATE:StarbucksLogin/StarbucksLogin_16-09-22_09_01_33_2614.xml&ownerId=uzie@perfectomobile.com&sharingCode=568cd79d-dbb6-4f54-a45e-31ab309fce0c, user=, cssSelectorsEnabled=true}]\nSession ID: 3226ab0b-3fa6-428e-a802-907fdb2cd9e7\n*** Element info: {Using=id, value=signIn}",
          "subLogs": [],
          "duration": 1462
        },
        {
          "commandName": "findElement",
          "args": [
            "{value=signIn, using=id}"
          ],
          "result": "Element with by id 'signIn' wasn't found.\nFor documentation on this error, please visit: http://seleniumhq.org/exceptions/no_such_element.html\nBuild info: version: '2.48.2', revision: '41bccdd10cf2c0560f637404c2d96164b67d9d67', time: '2015-10-09 13:08:06'\nSystem info: host: 'Beta-MCM', ip: '1.1.95.10', os.name: 'Windows Server 2008 R2', os.arch: 'amd64', os.version: '6.1', java.version: '1.7.0_51'\nDriver info: driver.version: EventFiringWebDriver\nCommand duration or timeout: 957 milliseconds\nFor documentation on this error, please visit: http://seleniumhq.org/exceptions/no_such_element.html\nBuild info: version: '2.53.0', revision: '35ae25b1534ae328c771e0856c93e187490ca824', time: '2016-03-15 10:43:46'\nSystem info: host: 'UziMac.local', ip: '1.50.13.91', os.name: 'Mac OS X', os.arch: 'x86_64', os.version: '10.11.1', java.version: '1.8.0_45'\nDriver info: com.qmetry.qaf.automation.ui.webdriver.QAFExtendedWebDriver\nCapabilities [{rotatable=true, testGridReportUrl=https://beta.reporting-01.perfectomobile.com?externalId[0]=uzie@perfectomobile.com_StarbucksLogin_16-09-22_09_01_33_2614, entityType=remote_web_driver, serverConnector=, deviceName=988667325047395643, platform=ANY, executionId=uzie@perfectomobile.com_StarbucksLogin_16-09-22_09_01_33_2614, password=, webdriver.remote.sessionid=3226ab0b-3fa6-428e-a802-907fdb2cd9e7, automationName=Appium, host=beta.perfectomobile.com, singleTestReportUrl=https://beta.perfectomobile.com/nexperience/singletest/report/?reportRepositoryKey=PRIVATE:StarbucksLogin/StarbucksLogin_16-09-22_09_01_33_2614.xml&ownerId=uzie@perfectomobile.com&sharingCode=568cd79d-dbb6-4f54-a45e-31ab309fce0c, locationContextEnabled=true, scriptName=StarbucksLogin, browserName=MobileOS, takesScreenshot=true, javascriptEnabled=true, reportKey=PRIVATE:StarbucksLogin/StarbucksLogin_16-09-22_09_01_33_2614.xml, windTunnelReportUrl=https://beta.perfectomobile.com/nexperience/singletest/report/?reportRepositoryKey=PRIVATE:StarbucksLogin/StarbucksLogin_16-09-22_09_01_33_2614.xml&ownerId=uzie@perfectomobile.com&sharingCode=568cd79d-dbb6-4f54-a45e-31ab309fce0c, user=, cssSelectorsEnabled=true}]\nSession ID: 3226ab0b-3fa6-428e-a802-907fdb2cd9e7\n*** Element info: {Using=id, value=signIn}",
          "subLogs": [],
          "duration": 957
        },
        {
          "commandName": "findElement",
          "args": [
            "{value=signIn, using=id}"
          ],
          "result": "Element with by id 'signIn' wasn't found.\nFor documentation on this error, please visit: http://seleniumhq.org/exceptions/no_such_element.html\nBuild info: version: '2.48.2', revision: '41bccdd10cf2c0560f637404c2d96164b67d9d67', time: '2015-10-09 13:08:06'\nSystem info: host: 'Beta-MCM', ip: '1.1.95.10', os.name: 'Windows Server 2008 R2', os.arch: 'amd64', os.version: '6.1', java.version: '1.7.0_51'\nDriver info: driver.version: EventFiringWebDriver\nCommand duration or timeout: 1.21 seconds\nFor documentation on this error, please visit: http://seleniumhq.org/exceptions/no_such_element.html\nBuild info: version: '2.53.0', revision: '35ae25b1534ae328c771e0856c93e187490ca824', time: '2016-03-15 10:43:46'\nSystem info: host: 'UziMac.local', ip: '1.50.13.91', os.name: 'Mac OS X', os.arch: 'x86_64', os.version: '10.11.1', java.version: '1.8.0_45'\nDriver info: com.qmetry.qaf.automation.ui.webdriver.QAFExtendedWebDriver\nCapabilities [{rotatable=true, testGridReportUrl=https://beta.reporting-01.perfectomobile.com?externalId[0]=uzie@perfectomobile.com_StarbucksLogin_16-09-22_09_01_33_2614, entityType=remote_web_driver, serverConnector=, deviceName=988667325047395643, platform=ANY, executionId=uzie@perfectomobile.com_StarbucksLogin_16-09-22_09_01_33_2614, password=, webdriver.remote.sessionid=3226ab0b-3fa6-428e-a802-907fdb2cd9e7, automationName=Appium, host=beta.perfectomobile.com, singleTestReportUrl=https://beta.perfectomobile.com/nexperience/singletest/report/?reportRepositoryKey=PRIVATE:StarbucksLogin/StarbucksLogin_16-09-22_09_01_33_2614.xml&ownerId=uzie@perfectomobile.com&sharingCode=568cd79d-dbb6-4f54-a45e-31ab309fce0c, locationContextEnabled=true, scriptName=StarbucksLogin, browserName=MobileOS, takesScreenshot=true, javascriptEnabled=true, reportKey=PRIVATE:StarbucksLogin/StarbucksLogin_16-09-22_09_01_33_2614.xml, windTunnelReportUrl=https://beta.perfectomobile.com/nexperience/singletest/report/?reportRepositoryKey=PRIVATE:StarbucksLogin/StarbucksLogin_16-09-22_09_01_33_2614.xml&ownerId=uzie@perfectomobile.com&sharingCode=568cd79d-dbb6-4f54-a45e-31ab309fce0c, user=, cssSelectorsEnabled=true}]\nSession ID: 3226ab0b-3fa6-428e-a802-907fdb2cd9e7\n*** Element info: {Using=id, value=signIn}",
          "subLogs": [],
          "duration": 1207
        },
        {
          "commandName": "findElement",
          "args": [
            "{value=signIn, using=id}"
          ],
          "result": "Element with by id 'signIn' wasn't found.\nFor documentation on this error, please visit: http://seleniumhq.org/exceptions/no_such_element.html\nBuild info: version: '2.48.2', revision: '41bccdd10cf2c0560f637404c2d96164b67d9d67', time: '2015-10-09 13:08:06'\nSystem info: host: 'Beta-MCM', ip: '1.1.95.10', os.name: 'Windows Server 2008 R2', os.arch: 'amd64', os.version: '6.1', java.version: '1.7.0_51'\nDriver info: driver.version: EventFiringWebDriver\nCommand duration or timeout: 1.30 seconds\nFor documentation on this error, please visit: http://seleniumhq.org/exceptions/no_such_element.html\nBuild info: version: '2.53.0', revision: '35ae25b1534ae328c771e0856c93e187490ca824', time: '2016-03-15 10:43:46'\nSystem info: host: 'UziMac.local', ip: '1.50.13.91', os.name: 'Mac OS X', os.arch: 'x86_64', os.version: '10.11.1', java.version: '1.8.0_45'\nDriver info: com.qmetry.qaf.automation.ui.webdriver.QAFExtendedWebDriver\nCapabilities [{rotatable=true, testGridReportUrl=https://beta.reporting-01.perfectomobile.com?externalId[0]=uzie@perfectomobile.com_StarbucksLogin_16-09-22_09_01_33_2614, entityType=remote_web_driver, serverConnector=, deviceName=988667325047395643, platform=ANY, executionId=uzie@perfectomobile.com_StarbucksLogin_16-09-22_09_01_33_2614, password=, webdriver.remote.sessionid=3226ab0b-3fa6-428e-a802-907fdb2cd9e7, automationName=Appium, host=beta.perfectomobile.com, singleTestReportUrl=https://beta.perfectomobile.com/nexperience/singletest/report/?reportRepositoryKey=PRIVATE:StarbucksLogin/StarbucksLogin_16-09-22_09_01_33_2614.xml&ownerId=uzie@perfectomobile.com&sharingCode=568cd79d-dbb6-4f54-a45e-31ab309fce0c, locationContextEnabled=true, scriptName=StarbucksLogin, browserName=MobileOS, takesScreenshot=true, javascriptEnabled=true, reportKey=PRIVATE:StarbucksLogin/StarbucksLogin_16-09-22_09_01_33_2614.xml, windTunnelReportUrl=https://beta.perfectomobile.com/nexperience/singletest/report/?reportRepositoryKey=PRIVATE:StarbucksLogin/StarbucksLogin_16-09-22_09_01_33_2614.xml&ownerId=uzie@perfectomobile.com&sharingCode=568cd79d-dbb6-4f54-a45e-31ab309fce0c, user=, cssSelectorsEnabled=true}]\nSession ID: 3226ab0b-3fa6-428e-a802-907fdb2cd9e7\n*** Element info: {Using=id, value=signIn}",
          "subLogs": [],
          "duration": 1302
        },
        {
          "commandName": "findElement",
          "args": [
            "{value=signIn, using=id}"
          ],
          "result": "Element with by id 'signIn' wasn't found.\nFor documentation on this error, please visit: http://seleniumhq.org/exceptions/no_such_element.html\nBuild info: version: '2.48.2', revision: '41bccdd10cf2c0560f637404c2d96164b67d9d67', time: '2015-10-09 13:08:06'\nSystem info: host: 'Beta-MCM', ip: '1.1.95.10', os.name: 'Windows Server 2008 R2', os.arch: 'amd64', os.version: '6.1', java.version: '1.7.0_51'\nDriver info: driver.version: EventFiringWebDriver\nCommand duration or timeout: 1.39 seconds\nFor documentation on this error, please visit: http://seleniumhq.org/exceptions/no_such_element.html\nBuild info: version: '2.53.0', revision: '35ae25b1534ae328c771e0856c93e187490ca824', time: '2016-03-15 10:43:46'\nSystem info: host: 'UziMac.local', ip: '1.50.13.91', os.name: 'Mac OS X', os.arch: 'x86_64', os.version: '10.11.1', java.version: '1.8.0_45'\nDriver info: com.qmetry.qaf.automation.ui.webdriver.QAFExtendedWebDriver\nCapabilities [{rotatable=true, testGridReportUrl=https://beta.reporting-01.perfectomobile.com?externalId[0]=uzie@perfectomobile.com_StarbucksLogin_16-09-22_09_01_33_2614, entityType=remote_web_driver, serverConnector=, deviceName=988667325047395643, platform=ANY, executionId=uzie@perfectomobile.com_StarbucksLogin_16-09-22_09_01_33_2614, password=, webdriver.remote.sessionid=3226ab0b-3fa6-428e-a802-907fdb2cd9e7, automationName=Appium, host=beta.perfectomobile.com, singleTestReportUrl=https://beta.perfectomobile.com/nexperience/singletest/report/?reportRepositoryKey=PRIVATE:StarbucksLogin/StarbucksLogin_16-09-22_09_01_33_2614.xml&ownerId=uzie@perfectomobile.com&sharingCode=568cd79d-dbb6-4f54-a45e-31ab309fce0c, locationContextEnabled=true, scriptName=StarbucksLogin, browserName=MobileOS, takesScreenshot=true, javascriptEnabled=true, reportKey=PRIVATE:StarbucksLogin/StarbucksLogin_16-09-22_09_01_33_2614.xml, windTunnelReportUrl=https://beta.perfectomobile.com/nexperience/singletest/report/?reportRepositoryKey=PRIVATE:StarbucksLogin/StarbucksLogin_16-09-22_09_01_33_2614.xml&ownerId=uzie@perfectomobile.com&sharingCode=568cd79d-dbb6-4f54-a45e-31ab309fce0c, user=, cssSelectorsEnabled=true}]\nSession ID: 3226ab0b-3fa6-428e-a802-907fdb2cd9e7\n*** Element info: {Using=id, value=signIn}",
          "subLogs": [],
          "duration": 1394
        },
        {
          "commandName": "findElement",
          "args": [
            "{value=signIn, using=id}"
          ],
          "result": "Element with by id 'signIn' wasn't found.\nFor documentation on this error, please visit: http://seleniumhq.org/exceptions/no_such_element.html\nBuild info: version: '2.48.2', revision: '41bccdd10cf2c0560f637404c2d96164b67d9d67', time: '2015-10-09 13:08:06'\nSystem info: host: 'Beta-MCM', ip: '1.1.95.10', os.name: 'Windows Server 2008 R2', os.arch: 'amd64', os.version: '6.1', java.version: '1.7.0_51'\nDriver info: driver.version: EventFiringWebDriver\nCommand duration or timeout: 1.60 seconds\nFor documentation on this error, please visit: http://seleniumhq.org/exceptions/no_such_element.html\nBuild info: version: '2.53.0', revision: '35ae25b1534ae328c771e0856c93e187490ca824', time: '2016-03-15 10:43:46'\nSystem info: host: 'UziMac.local', ip: '1.50.13.91', os.name: 'Mac OS X', os.arch: 'x86_64', os.version: '10.11.1', java.version: '1.8.0_45'\nDriver info: com.qmetry.qaf.automation.ui.webdriver.QAFExtendedWebDriver\nCapabilities [{rotatable=true, testGridReportUrl=https://beta.reporting-01.perfectomobile.com?externalId[0]=uzie@perfectomobile.com_StarbucksLogin_16-09-22_09_01_33_2614, entityType=remote_web_driver, serverConnector=, deviceName=988667325047395643, platform=ANY, executionId=uzie@perfectomobile.com_StarbucksLogin_16-09-22_09_01_33_2614, password=, webdriver.remote.sessionid=3226ab0b-3fa6-428e-a802-907fdb2cd9e7, automationName=Appium, host=beta.perfectomobile.com, singleTestReportUrl=https://beta.perfectomobile.com/nexperience/singletest/report/?reportRepositoryKey=PRIVATE:StarbucksLogin/StarbucksLogin_16-09-22_09_01_33_2614.xml&ownerId=uzie@perfectomobile.com&sharingCode=568cd79d-dbb6-4f54-a45e-31ab309fce0c, locationContextEnabled=true, scriptName=StarbucksLogin, browserName=MobileOS, takesScreenshot=true, javascriptEnabled=true, reportKey=PRIVATE:StarbucksLogin/StarbucksLogin_16-09-22_09_01_33_2614.xml, windTunnelReportUrl=https://beta.perfectomobile.com/nexperience/singletest/report/?reportRepositoryKey=PRIVATE:StarbucksLogin/StarbucksLogin_16-09-22_09_01_33_2614.xml&ownerId=uzie@perfectomobile.com&sharingCode=568cd79d-dbb6-4f54-a45e-31ab309fce0c, user=, cssSelectorsEnabled=true}]\nSession ID: 3226ab0b-3fa6-428e-a802-907fdb2cd9e7\n*** Element info: {Using=id, value=signIn}",
          "subLogs": [],
          "duration": 1603
        },
        {
          "commandName": "findElement",
          "args": [
            "{value=signIn, using=id}"
          ],
          "result": "Element with by id 'signIn' wasn't found.\nFor documentation on this error, please visit: http://seleniumhq.org/exceptions/no_such_element.html\nBuild info: version: '2.48.2', revision: '41bccdd10cf2c0560f637404c2d96164b67d9d67', time: '2015-10-09 13:08:06'\nSystem info: host: 'Beta-MCM', ip: '1.1.95.10', os.name: 'Windows Server 2008 R2', os.arch: 'amd64', os.version: '6.1', java.version: '1.7.0_51'\nDriver info: driver.version: EventFiringWebDriver\nCommand duration or timeout: 1.37 seconds\nFor documentation on this error, please visit: http://seleniumhq.org/exceptions/no_such_element.html\nBuild info: version: '2.53.0', revision: '35ae25b1534ae328c771e0856c93e187490ca824', time: '2016-03-15 10:43:46'\nSystem info: host: 'UziMac.local', ip: '1.50.13.91', os.name: 'Mac OS X', os.arch: 'x86_64', os.version: '10.11.1', java.version: '1.8.0_45'\nDriver info: com.qmetry.qaf.automation.ui.webdriver.QAFExtendedWebDriver\nCapabilities [{rotatable=true, testGridReportUrl=https://beta.reporting-01.perfectomobile.com?externalId[0]=uzie@perfectomobile.com_StarbucksLogin_16-09-22_09_01_33_2614, entityType=remote_web_driver, serverConnector=, deviceName=988667325047395643, platform=ANY, executionId=uzie@perfectomobile.com_StarbucksLogin_16-09-22_09_01_33_2614, password=, webdriver.remote.sessionid=3226ab0b-3fa6-428e-a802-907fdb2cd9e7, automationName=Appium, host=beta.perfectomobile.com, singleTestReportUrl=https://beta.perfectomobile.com/nexperience/singletest/report/?reportRepositoryKey=PRIVATE:StarbucksLogin/StarbucksLogin_16-09-22_09_01_33_2614.xml&ownerId=uzie@perfectomobile.com&sharingCode=568cd79d-dbb6-4f54-a45e-31ab309fce0c, locationContextEnabled=true, scriptName=StarbucksLogin, browserName=MobileOS, takesScreenshot=true, javascriptEnabled=true, reportKey=PRIVATE:StarbucksLogin/StarbucksLogin_16-09-22_09_01_33_2614.xml, windTunnelReportUrl=https://beta.perfectomobile.com/nexperience/singletest/report/?reportRepositoryKey=PRIVATE:StarbucksLogin/StarbucksLogin_16-09-22_09_01_33_2614.xml&ownerId=uzie@perfectomobile.com&sharingCode=568cd79d-dbb6-4f54-a45e-31ab309fce0c, user=, cssSelectorsEnabled=true}]\nSession ID: 3226ab0b-3fa6-428e-a802-907fdb2cd9e7\n*** Element info: {Using=id, value=signIn}",
          "subLogs": [],
          "duration": 1370
        },
        {
          "commandName": "findElement",
          "args": [
            "{value=signIn, using=id}"
          ],
          "result": "Element with by id 'signIn' wasn't found.\nFor documentation on this error, please visit: http://seleniumhq.org/exceptions/no_such_element.html\nBuild info: version: '2.48.2', revision: '41bccdd10cf2c0560f637404c2d96164b67d9d67', time: '2015-10-09 13:08:06'\nSystem info: host: 'Beta-MCM', ip: '1.1.95.10', os.name: 'Windows Server 2008 R2', os.arch: 'amd64', os.version: '6.1', java.version: '1.7.0_51'\nDriver info: driver.version: EventFiringWebDriver\nCommand duration or timeout: 1.23 seconds\nFor documentation on this error, please visit: http://seleniumhq.org/exceptions/no_such_element.html\nBuild info: version: '2.53.0', revision: '35ae25b1534ae328c771e0856c93e187490ca824', time: '2016-03-15 10:43:46'\nSystem info: host: 'UziMac.local', ip: '1.50.13.91', os.name: 'Mac OS X', os.arch: 'x86_64', os.version: '10.11.1', java.version: '1.8.0_45'\nDriver info: com.qmetry.qaf.automation.ui.webdriver.QAFExtendedWebDriver\nCapabilities [{rotatable=true, testGridReportUrl=https://beta.reporting-01.perfectomobile.com?externalId[0]=uzie@perfectomobile.com_StarbucksLogin_16-09-22_09_01_33_2614, entityType=remote_web_driver, serverConnector=, deviceName=988667325047395643, platform=ANY, executionId=uzie@perfectomobile.com_StarbucksLogin_16-09-22_09_01_33_2614, password=, webdriver.remote.sessionid=3226ab0b-3fa6-428e-a802-907fdb2cd9e7, automationName=Appium, host=beta.perfectomobile.com, singleTestReportUrl=https://beta.perfectomobile.com/nexperience/singletest/report/?reportRepositoryKey=PRIVATE:StarbucksLogin/StarbucksLogin_16-09-22_09_01_33_2614.xml&ownerId=uzie@perfectomobile.com&sharingCode=568cd79d-dbb6-4f54-a45e-31ab309fce0c, locationContextEnabled=true, scriptName=StarbucksLogin, browserName=MobileOS, takesScreenshot=true, javascriptEnabled=true, reportKey=PRIVATE:StarbucksLogin/StarbucksLogin_16-09-22_09_01_33_2614.xml, windTunnelReportUrl=https://beta.perfectomobile.com/nexperience/singletest/report/?reportRepositoryKey=PRIVATE:StarbucksLogin/StarbucksLogin_16-09-22_09_01_33_2614.xml&ownerId=uzie@perfectomobile.com&sharingCode=568cd79d-dbb6-4f54-a45e-31ab309fce0c, user=, cssSelectorsEnabled=true}]\nSession ID: 3226ab0b-3fa6-428e-a802-907fdb2cd9e7\n*** Element info: {Using=id, value=signIn}",
          "subLogs": [],
          "duration": 1233
        },
        {
          "commandName": "findElement",
          "args": [
            "{value=signIn, using=id}"
          ],
          "result": "Element with by id 'signIn' wasn't found.\nFor documentation on this error, please visit: http://seleniumhq.org/exceptions/no_such_element.html\nBuild info: version: '2.48.2', revision: '41bccdd10cf2c0560f637404c2d96164b67d9d67', time: '2015-10-09 13:08:06'\nSystem info: host: 'Beta-MCM', ip: '1.1.95.10', os.name: 'Windows Server 2008 R2', os.arch: 'amd64', os.version: '6.1', java.version: '1.7.0_51'\nDriver info: driver.version: EventFiringWebDriver\nCommand duration or timeout: 1.27 seconds\nFor documentation on this error, please visit: http://seleniumhq.org/exceptions/no_such_element.html\nBuild info: version: '2.53.0', revision: '35ae25b1534ae328c771e0856c93e187490ca824', time: '2016-03-15 10:43:46'\nSystem info: host: 'UziMac.local', ip: '1.50.13.91', os.name: 'Mac OS X', os.arch: 'x86_64', os.version: '10.11.1', java.version: '1.8.0_45'\nDriver info: com.qmetry.qaf.automation.ui.webdriver.QAFExtendedWebDriver\nCapabilities [{rotatable=true, testGridReportUrl=https://beta.reporting-01.perfectomobile.com?externalId[0]=uzie@perfectomobile.com_StarbucksLogin_16-09-22_09_01_33_2614, entityType=remote_web_driver, serverConnector=, deviceName=988667325047395643, platform=ANY, executionId=uzie@perfectomobile.com_StarbucksLogin_16-09-22_09_01_33_2614, password=, webdriver.remote.sessionid=3226ab0b-3fa6-428e-a802-907fdb2cd9e7, automationName=Appium, host=beta.perfectomobile.com, singleTestReportUrl=https://beta.perfectomobile.com/nexperience/singletest/report/?reportRepositoryKey=PRIVATE:StarbucksLogin/StarbucksLogin_16-09-22_09_01_33_2614.xml&ownerId=uzie@perfectomobile.com&sharingCode=568cd79d-dbb6-4f54-a45e-31ab309fce0c, locationContextEnabled=true, scriptName=StarbucksLogin, browserName=MobileOS, takesScreenshot=true, javascriptEnabled=true, reportKey=PRIVATE:StarbucksLogin/StarbucksLogin_16-09-22_09_01_33_2614.xml, windTunnelReportUrl=https://beta.perfectomobile.com/nexperience/singletest/report/?reportRepositoryKey=PRIVATE:StarbucksLogin/StarbucksLogin_16-09-22_09_01_33_2614.xml&ownerId=uzie@perfectomobile.com&sharingCode=568cd79d-dbb6-4f54-a45e-31ab309fce0c, user=, cssSelectorsEnabled=true}]\nSession ID: 3226ab0b-3fa6-428e-a802-907fdb2cd9e7\n*** Element info: {Using=id, value=signIn}",
          "subLogs": [],
          "duration": 1266
        },
        {
          "commandName": "findElement",
          "args": [
            "{value=signIn, using=id}"
          ],
          "result": "Element with by id 'signIn' wasn't found.\nFor documentation on this error, please visit: http://seleniumhq.org/exceptions/no_such_element.html\nBuild info: version: '2.48.2', revision: '41bccdd10cf2c0560f637404c2d96164b67d9d67', time: '2015-10-09 13:08:06'\nSystem info: host: 'Beta-MCM', ip: '1.1.95.10', os.name: 'Windows Server 2008 R2', os.arch: 'amd64', os.version: '6.1', java.version: '1.7.0_51'\nDriver info: driver.version: EventFiringWebDriver\nCommand duration or timeout: 1.21 seconds\nFor documentation on this error, please visit: http://seleniumhq.org/exceptions/no_such_element.html\nBuild info: version: '2.53.0', revision: '35ae25b1534ae328c771e0856c93e187490ca824', time: '2016-03-15 10:43:46'\nSystem info: host: 'UziMac.local', ip: '1.50.13.91', os.name: 'Mac OS X', os.arch: 'x86_64', os.version: '10.11.1', java.version: '1.8.0_45'\nDriver info: com.qmetry.qaf.automation.ui.webdriver.QAFExtendedWebDriver\nCapabilities [{rotatable=true, testGridReportUrl=https://beta.reporting-01.perfectomobile.com?externalId[0]=uzie@perfectomobile.com_StarbucksLogin_16-09-22_09_01_33_2614, entityType=remote_web_driver, serverConnector=, deviceName=988667325047395643, platform=ANY, executionId=uzie@perfectomobile.com_StarbucksLogin_16-09-22_09_01_33_2614, password=, webdriver.remote.sessionid=3226ab0b-3fa6-428e-a802-907fdb2cd9e7, automationName=Appium, host=beta.perfectomobile.com, singleTestReportUrl=https://beta.perfectomobile.com/nexperience/singletest/report/?reportRepositoryKey=PRIVATE:StarbucksLogin/StarbucksLogin_16-09-22_09_01_33_2614.xml&ownerId=uzie@perfectomobile.com&sharingCode=568cd79d-dbb6-4f54-a45e-31ab309fce0c, locationContextEnabled=true, scriptName=StarbucksLogin, browserName=MobileOS, takesScreenshot=true, javascriptEnabled=true, reportKey=PRIVATE:StarbucksLogin/StarbucksLogin_16-09-22_09_01_33_2614.xml, windTunnelReportUrl=https://beta.perfectomobile.com/nexperience/singletest/report/?reportRepositoryKey=PRIVATE:StarbucksLogin/StarbucksLogin_16-09-22_09_01_33_2614.xml&ownerId=uzie@perfectomobile.com&sharingCode=568cd79d-dbb6-4f54-a45e-31ab309fce0c, user=, cssSelectorsEnabled=true}]\nSession ID: 3226ab0b-3fa6-428e-a802-907fdb2cd9e7\n*** Element info: {Using=id, value=signIn}",
          "subLogs": [],
          "duration": 1205
        },
        {
          "commandName": "findElement",
          "args": [
            "{value=signIn, using=id}"
          ],
          "result": "Element with by id 'signIn' wasn't found.\nFor documentation on this error, please visit: http://seleniumhq.org/exceptions/no_such_element.html\nBuild info: version: '2.48.2', revision: '41bccdd10cf2c0560f637404c2d96164b67d9d67', time: '2015-10-09 13:08:06'\nSystem info: host: 'Beta-MCM', ip: '1.1.95.10', os.name: 'Windows Server 2008 R2', os.arch: 'amd64', os.version: '6.1', java.version: '1.7.0_51'\nDriver info: driver.version: EventFiringWebDriver\nCommand duration or timeout: 1.38 seconds\nFor documentation on this error, please visit: http://seleniumhq.org/exceptions/no_such_element.html\nBuild info: version: '2.53.0', revision: '35ae25b1534ae328c771e0856c93e187490ca824', time: '2016-03-15 10:43:46'\nSystem info: host: 'UziMac.local', ip: '1.50.13.91', os.name: 'Mac OS X', os.arch: 'x86_64', os.version: '10.11.1', java.version: '1.8.0_45'\nDriver info: com.qmetry.qaf.automation.ui.webdriver.QAFExtendedWebDriver\nCapabilities [{rotatable=true, testGridReportUrl=https://beta.reporting-01.perfectomobile.com?externalId[0]=uzie@perfectomobile.com_StarbucksLogin_16-09-22_09_01_33_2614, entityType=remote_web_driver, serverConnector=, deviceName=988667325047395643, platform=ANY, executionId=uzie@perfectomobile.com_StarbucksLogin_16-09-22_09_01_33_2614, password=, webdriver.remote.sessionid=3226ab0b-3fa6-428e-a802-907fdb2cd9e7, automationName=Appium, host=beta.perfectomobile.com, singleTestReportUrl=https://beta.perfectomobile.com/nexperience/singletest/report/?reportRepositoryKey=PRIVATE:StarbucksLogin/StarbucksLogin_16-09-22_09_01_33_2614.xml&ownerId=uzie@perfectomobile.com&sharingCode=568cd79d-dbb6-4f54-a45e-31ab309fce0c, locationContextEnabled=true, scriptName=StarbucksLogin, browserName=MobileOS, takesScreenshot=true, javascriptEnabled=true, reportKey=PRIVATE:StarbucksLogin/StarbucksLogin_16-09-22_09_01_33_2614.xml, windTunnelReportUrl=https://beta.perfectomobile.com/nexperience/singletest/report/?reportRepositoryKey=PRIVATE:StarbucksLogin/StarbucksLogin_16-09-22_09_01_33_2614.xml&ownerId=uzie@perfectomobile.com&sharingCode=568cd79d-dbb6-4f54-a45e-31ab309fce0c, user=, cssSelectorsEnabled=true}]\nSession ID: 3226ab0b-3fa6-428e-a802-907fdb2cd9e7\n*** Element info: {Using=id, value=signIn}",
          "subLogs": [],
          "duration": 1380
        },
        {
          "commandName": "findElement",
          "args": [
            "{value=signIn, using=id}"
          ],
          "result": "Element with by id 'signIn' wasn't found.\nFor documentation on this error, please visit: http://seleniumhq.org/exceptions/no_such_element.html\nBuild info: version: '2.48.2', revision: '41bccdd10cf2c0560f637404c2d96164b67d9d67', time: '2015-10-09 13:08:06'\nSystem info: host: 'Beta-MCM', ip: '1.1.95.10', os.name: 'Windows Server 2008 R2', os.arch: 'amd64', os.version: '6.1', java.version: '1.7.0_51'\nDriver info: driver.version: EventFiringWebDriver\nCommand duration or timeout: 1.26 seconds\nFor documentation on this error, please visit: http://seleniumhq.org/exceptions/no_such_element.html\nBuild info: version: '2.53.0', revision: '35ae25b1534ae328c771e0856c93e187490ca824', time: '2016-03-15 10:43:46'\nSystem info: host: 'UziMac.local', ip: '1.50.13.91', os.name: 'Mac OS X', os.arch: 'x86_64', os.version: '10.11.1', java.version: '1.8.0_45'\nDriver info: com.qmetry.qaf.automation.ui.webdriver.QAFExtendedWebDriver\nCapabilities [{rotatable=true, testGridReportUrl=https://beta.reporting-01.perfectomobile.com?externalId[0]=uzie@perfectomobile.com_StarbucksLogin_16-09-22_09_01_33_2614, entityType=remote_web_driver, serverConnector=, deviceName=988667325047395643, platform=ANY, executionId=uzie@perfectomobile.com_StarbucksLogin_16-09-22_09_01_33_2614, password=, webdriver.remote.sessionid=3226ab0b-3fa6-428e-a802-907fdb2cd9e7, automationName=Appium, host=beta.perfectomobile.com, singleTestReportUrl=https://beta.perfectomobile.com/nexperience/singletest/report/?reportRepositoryKey=PRIVATE:StarbucksLogin/StarbucksLogin_16-09-22_09_01_33_2614.xml&ownerId=uzie@perfectomobile.com&sharingCode=568cd79d-dbb6-4f54-a45e-31ab309fce0c, locationContextEnabled=true, scriptName=StarbucksLogin, browserName=MobileOS, takesScreenshot=true, javascriptEnabled=true, reportKey=PRIVATE:StarbucksLogin/StarbucksLogin_16-09-22_09_01_33_2614.xml, windTunnelReportUrl=https://beta.perfectomobile.com/nexperience/singletest/report/?reportRepositoryKey=PRIVATE:StarbucksLogin/StarbucksLogin_16-09-22_09_01_33_2614.xml&ownerId=uzie@perfectomobile.com&sharingCode=568cd79d-dbb6-4f54-a45e-31ab309fce0c, user=, cssSelectorsEnabled=true}]\nSession ID: 3226ab0b-3fa6-428e-a802-907fdb2cd9e7\n*** Element info: {Using=id, value=signIn}",
          "subLogs": [],
          "duration": 1259
        },
        {
          "commandName": "findElement",
          "args": [
            "{value=signIn, using=id}"
          ],
          "result": "Element with by id 'signIn' wasn't found.\nFor documentation on this error, please visit: http://seleniumhq.org/exceptions/no_such_element.html\nBuild info: version: '2.48.2', revision: '41bccdd10cf2c0560f637404c2d96164b67d9d67', time: '2015-10-09 13:08:06'\nSystem info: host: 'Beta-MCM', ip: '1.1.95.10', os.name: 'Windows Server 2008 R2', os.arch: 'amd64', os.version: '6.1', java.version: '1.7.0_51'\nDriver info: driver.version: EventFiringWebDriver\nCommand duration or timeout: 1.40 seconds\nFor documentation on this error, please visit: http://seleniumhq.org/exceptions/no_such_element.html\nBuild info: version: '2.53.0', revision: '35ae25b1534ae328c771e0856c93e187490ca824', time: '2016-03-15 10:43:46'\nSystem info: host: 'UziMac.local', ip: '1.50.13.91', os.name: 'Mac OS X', os.arch: 'x86_64', os.version: '10.11.1', java.version: '1.8.0_45'\nDriver info: com.qmetry.qaf.automation.ui.webdriver.QAFExtendedWebDriver\nCapabilities [{rotatable=true, testGridReportUrl=https://beta.reporting-01.perfectomobile.com?externalId[0]=uzie@perfectomobile.com_StarbucksLogin_16-09-22_09_01_33_2614, entityType=remote_web_driver, serverConnector=, deviceName=988667325047395643, platform=ANY, executionId=uzie@perfectomobile.com_StarbucksLogin_16-09-22_09_01_33_2614, password=, webdriver.remote.sessionid=3226ab0b-3fa6-428e-a802-907fdb2cd9e7, automationName=Appium, host=beta.perfectomobile.com, singleTestReportUrl=https://beta.perfectomobile.com/nexperience/singletest/report/?reportRepositoryKey=PRIVATE:StarbucksLogin/StarbucksLogin_16-09-22_09_01_33_2614.xml&ownerId=uzie@perfectomobile.com&sharingCode=568cd79d-dbb6-4f54-a45e-31ab309fce0c, locationContextEnabled=true, scriptName=StarbucksLogin, browserName=MobileOS, takesScreenshot=true, javascriptEnabled=true, reportKey=PRIVATE:StarbucksLogin/StarbucksLogin_16-09-22_09_01_33_2614.xml, windTunnelReportUrl=https://beta.perfectomobile.com/nexperience/singletest/report/?reportRepositoryKey=PRIVATE:StarbucksLogin/StarbucksLogin_16-09-22_09_01_33_2614.xml&ownerId=uzie@perfectomobile.com&sharingCode=568cd79d-dbb6-4f54-a45e-31ab309fce0c, user=, cssSelectorsEnabled=true}]\nSession ID: 3226ab0b-3fa6-428e-a802-907fdb2cd9e7\n*** Element info: {Using=id, value=signIn}",
          "subLogs": [],
          "duration": 1402
        },
        {
          "commandName": "findElement",
          "args": [
            "{value=signIn, using=id}"
          ],
          "result": "Element with by id 'signIn' wasn't found.\nFor documentation on this error, please visit: http://seleniumhq.org/exceptions/no_such_element.html\nBuild info: version: '2.48.2', revision: '41bccdd10cf2c0560f637404c2d96164b67d9d67', time: '2015-10-09 13:08:06'\nSystem info: host: 'Beta-MCM', ip: '1.1.95.10', os.name: 'Windows Server 2008 R2', os.arch: 'amd64', os.version: '6.1', java.version: '1.7.0_51'\nDriver info: driver.version: EventFiringWebDriver\nCommand duration or timeout: 1.77 seconds\nFor documentation on this error, please visit: http://seleniumhq.org/exceptions/no_such_element.html\nBuild info: version: '2.53.0', revision: '35ae25b1534ae328c771e0856c93e187490ca824', time: '2016-03-15 10:43:46'\nSystem info: host: 'UziMac.local', ip: '1.50.13.91', os.name: 'Mac OS X', os.arch: 'x86_64', os.version: '10.11.1', java.version: '1.8.0_45'\nDriver info: com.qmetry.qaf.automation.ui.webdriver.QAFExtendedWebDriver\nCapabilities [{rotatable=true, testGridReportUrl=https://beta.reporting-01.perfectomobile.com?externalId[0]=uzie@perfectomobile.com_StarbucksLogin_16-09-22_09_01_33_2614, entityType=remote_web_driver, serverConnector=, deviceName=988667325047395643, platform=ANY, executionId=uzie@perfectomobile.com_StarbucksLogin_16-09-22_09_01_33_2614, password=, webdriver.remote.sessionid=3226ab0b-3fa6-428e-a802-907fdb2cd9e7, automationName=Appium, host=beta.perfectomobile.com, singleTestReportUrl=https://beta.perfectomobile.com/nexperience/singletest/report/?reportRepositoryKey=PRIVATE:StarbucksLogin/StarbucksLogin_16-09-22_09_01_33_2614.xml&ownerId=uzie@perfectomobile.com&sharingCode=568cd79d-dbb6-4f54-a45e-31ab309fce0c, locationContextEnabled=true, scriptName=StarbucksLogin, browserName=MobileOS, takesScreenshot=true, javascriptEnabled=true, reportKey=PRIVATE:StarbucksLogin/StarbucksLogin_16-09-22_09_01_33_2614.xml, windTunnelReportUrl=https://beta.perfectomobile.com/nexperience/singletest/report/?reportRepositoryKey=PRIVATE:StarbucksLogin/StarbucksLogin_16-09-22_09_01_33_2614.xml&ownerId=uzie@perfectomobile.com&sharingCode=568cd79d-dbb6-4f54-a45e-31ab309fce0c, user=, cssSelectorsEnabled=true}]\nSession ID: 3226ab0b-3fa6-428e-a802-907fdb2cd9e7\n*** Element info: {Using=id, value=signIn}",
          "subLogs": [],
          "duration": 1772
        },
        {
          "commandName": "clickElement",
          "args": [
            "By.id: signIn",
            "{\"id\":\"-1\"}"
          ],
          "result": "Timed out after 30 seconds waiting for presence of element located by: By.id: signIn\nBuild info: version: '2.53.0', revision: '35ae25b1534ae328c771e0856c93e187490ca824', time: '2016-03-15 10:43:46'\nSystem info: host: 'UziMac.local', ip: '1.50.13.91', os.name: 'Mac OS X', os.arch: 'x86_64', os.version: '10.11.1', java.version: '1.8.0_45'\nDriver info: driver.version: QAFExtendedWebDriver",
          "subLogs": [],
          "duration": 1361162484
        }
      ],
      "duration": 0
    }
  ],
  "checkPoints": [
    {
      "message": "Given  I open web page",
      "type": "TestStepPass",
      "duration": 719,
      "threshold": 0,
      "subCheckPoints": []
    },
    {
      "message": "Then  I click on \"loginBT\"",
      "type": "TestStepFail",
      "duration": 31869,
      "threshold": 0,
      "subCheckPoints": []
    },
    {
      "message": "Then  I login with user \"f2f2f2f2f2f\" and password \"Perfecto1\"",
      "type": "TestStep",
      "duration": 0,
      "threshold": 0,
      "subCheckPoints": []
    }
  ],
  "errorTrace": "org.openqa.selenium.TimeoutException: Timed out after 30 seconds waiting for presence of element located by: By.id: signIn\nBuild info: version: '2.53.0', revision: '35ae25b1534ae328c771e0856c93e187490ca824', time: '2016-03-15 10:43:46'\nSystem info: host: 'UziMac.local', ip: '1.50.13.91', os.name: 'Mac OS X', os.arch: 'x86_64', os.version: '10.11.1', java.version: '1.8.0_45'\nDriver info: driver.version: QAFExtendedWebDriver\n\tat org.openqa.selenium.support.ui.FluentWait.timeoutException(FluentWait.java:292)\n\tat org.openqa.selenium.support.ui.FluentWait.until(FluentWait.java:261)\n\tat com.qmetry.qaf.automation.ui.webdriver.QAFExtendedWebDriver.load(QAFExtendedWebDriver.java:203)\n\tat com.qmetry.qaf.automation.ui.webdriver.QAFExtendedWebElement.load(QAFExtendedWebElement.java:253)\n\tat com.qmetry.qaf.automation.ui.webdriver.QAFExtendedWebElement.execute(QAFExtendedWebElement.java:208)\n\tat org.openqa.selenium.remote.RemoteWebElement.click(RemoteWebElement.java:85)\n\tat com.qmetry.qaf.automation.step.CommonStep.click(CommonStep.java:593)\n\tat com.perfectomobile.quantum.steps.PerfectoCommonSteps.I_click(PerfectoCommonSteps.java:58)\n\tat .Then I click on \"loginBT\"(zf2.feature:7)\nCaused by: org.openqa.selenium.NoSuchElementException: Element with by id 'signIn' wasn't found.\nFor documentation on this error, please visit: http://seleniumhq.org/exceptions/no_such_element.html\nBuild info: version: '2.48.2', revision: '41bccdd10cf2c0560f637404c2d96164b67d9d67', time: '2015-10-09 13:08:06'\nSystem info: host: 'Beta-MCM', ip: '1.1.95.10', os.name: 'Windows Server 2008 R2', os.arch: 'amd64', os.version: '6.1', java.version: '1.7.0_51'\nDriver info: driver.version: EventFiringWebDriver\nCommand duration or timeout: 1.77 seconds\nFor documentation on this error, please visit: http://seleniumhq.org/exceptions/no_such_element.html\nBuild info: version: '2.53.0', revision: '35ae25b1534ae328c771e0856c93e187490ca824', time: '2016-03-15 10:43:46'\nSystem info: host: 'UziMac.local', ip: '1.50.13.91', os.name: 'Mac OS X', os.arch: 'x86_64', os.version: '10.11.1', java.version: '1.8.0_45'\nDriver info: com.qmetry.qaf.automation.ui.webdriver.QAFExtendedWebDriver\nCapabilities [{rotatable=true, testGridReportUrl=https://beta.reporting-01.perfectomobile.com?externalId[0]=uzie@perfectomobile.com_StarbucksLogin_16-09-22_09_01_33_2614, entityType=remote_web_driver, serverConnector=, deviceName=988667325047395643, platform=ANY, executionId=uzie@perfectomobile.com_StarbucksLogin_16-09-22_09_01_33_2614, password=, webdriver.remote.sessionid=3226ab0b-3fa6-428e-a802-907fdb2cd9e7, automationName=Appium, host=beta.perfectomobile.com, singleTestReportUrl=https://beta.perfectomobile.com/nexperience/singletest/report/?reportRepositoryKey=PRIVATE:StarbucksLogin/StarbucksLogin_16-09-22_09_01_33_2614.xml&ownerId=uzie@perfectomobile.com&sharingCode=568cd79d-dbb6-4f54-a45e-31ab309fce0c, locationContextEnabled=true, scriptName=StarbucksLogin, browserName=MobileOS, takesScreenshot=true, javascriptEnabled=true, reportKey=PRIVATE:StarbucksLogin/StarbucksLogin_16-09-22_09_01_33_2614.xml, windTunnelReportUrl=https://beta.perfectomobile.com/nexperience/singletest/report/?reportRepositoryKey=PRIVATE:StarbucksLogin/StarbucksLogin_16-09-22_09_01_33_2614.xml&ownerId=uzie@perfectomobile.com&sharingCode=568cd79d-dbb6-4f54-a45e-31ab309fce0c, user=, cssSelectorsEnabled=true}]\nSession ID: 3226ab0b-3fa6-428e-a802-907fdb2cd9e7\n*** Element info: {Using=id, value=signIn}\n\tat sun.reflect.NativeConstructorAccessorImpl.newInstance0(Native Method)\n\tat sun.reflect.NativeConstructorAccessorImpl.newInstance(NativeConstructorAccessorImpl.java:62)\n\tat sun.reflect.DelegatingConstructorAccessorImpl.newInstance(DelegatingConstructorAccessorImpl.java:45)\n\tat java.lang.reflect.Constructor.newInstance(Constructor.java:422)\n\tat org.openqa.selenium.remote.ErrorHandler.createThrowable(ErrorHandler.java:206)\n\tat org.openqa.selenium.remote.ErrorHandler.throwIfResponseFailed(ErrorHandler.java:158)\n\tat org.openqa.selenium.remote.RemoteWebDriver.execute(RemoteWebDriver.java:678)\n\tat com.qmetry.qaf.automation.ui.webdriver.QAFExtendedWebDriver.execute(QAFExtendedWebDriver.java:223)\n\tat org.openqa.selenium.remote.RemoteWebDriver.findElement(RemoteWebDriver.java:363)\n\tat org.openqa.selenium.remote.RemoteWebDriver.findElementById(RemoteWebDriver.java:413)\n\tat com.qmetry.qaf.automation.ui.webdriver.QAFExtendedWebDriver.findElementById(QAFExtendedWebDriver.java:356)\n\tat com.qmetry.qaf.automation.ui.webdriver.QAFExtendedWebDriver.findElementById(QAFExtendedWebDriver.java:1)\n\tat org.openqa.selenium.By$ById.findElement(By.java:218)\n\tat org.openqa.selenium.remote.RemoteWebDriver.findElement(RemoteWebDriver.java:355)\n\tat com.qmetry.qaf.automation.ui.webdriver.QAFExtendedWebDriver.findElement(QAFExtendedWebDriver.java:158)\n\tat com.qmetry.qaf.automation.ui.webdriver.QAFExtendedWebDriver.findElement(QAFExtendedWebDriver.java:1)\n\tat org.openqa.selenium.support.ui.ExpectedConditions.findElement(ExpectedConditions.java:899)\n\tat org.openqa.selenium.support.ui.ExpectedConditions.access$000(ExpectedConditions.java:41)\n\tat org.openqa.selenium.support.ui.ExpectedConditions$6.apply(ExpectedConditions.java:181)\n\tat org.openqa.selenium.support.ui.ExpectedConditions$6.apply(ExpectedConditions.java:178)\n\tat org.openqa.selenium.support.ui.FluentWait.until(FluentWait.java:238)\n\tat com.qmetry.qaf.automation.ui.webdriver.QAFExtendedWebDriver.load(QAFExtendedWebDriver.java:203)\n\tat com.qmetry.qaf.automation.ui.webdriver.QAFExtendedWebElement.load(QAFExtendedWebElement.java:253)\n\tat com.qmetry.qaf.automation.ui.webdriver.QAFExtendedWebElement.execute(QAFExtendedWebElement.java:208)\n\tat org.openqa.selenium.remote.RemoteWebElement.click(RemoteWebElement.java:85)\n\tat com.qmetry.qaf.automation.step.CommonStep.click(CommonStep.java:593)\n\tat com.perfectomobile.quantum.steps.PerfectoCommonSteps.I_click(PerfectoCommonSteps.java:58)\n\tat sun.reflect.NativeMethodAccessorImpl.invoke0(Native Method)\n\tat sun.reflect.NativeMethodAccessorImpl.invoke(NativeMethodAccessorImpl.java:62)\n\tat sun.reflect.DelegatingMethodAccessorImpl.invoke(DelegatingMethodAccessorImpl.java:43)\n\tat java.lang.reflect.Method.invoke(Method.java:497)\n\tat cucumber.runtime.Utils$1.call(Utils.java:37)\n\tat cucumber.runtime.Timeout.timeout(Timeout.java:13)\n\tat cucumber.runtime.Utils.invoke(Utils.java:31)\n\tat cucumber.runtime.java.JavaStepDefinition.execute(JavaStepDefinition.java:38)\n\tat cucumber.runtime.StepDefinitionMatch.runStep(StepDefinitionMatch.java:37)\n\tat cucumber.runtime.Runtime.runStep(Runtime.java:299)\n\tat cucumber.runtime.model.StepContainer.runStep(StepContainer.java:44)\n\tat cucumber.runtime.model.StepContainer.runSteps(StepContainer.java:39)\n\tat cucumber.runtime.model.CucumberScenario.run(CucumberScenario.java:44)\n\tat cucumber.runtime.model.CucumberFeature.run(CucumberFeature.java:165)\n\tat cucumber.api.testng.TestNGCucumberRunner.runCucumber(TestNGCucumberRunner.java:63)\n\tat com.perfectomobile.quantum.runners.QuantumCucumberRunnerBase.feature(QuantumCucumberRunnerBase.java:86)\n\tat sun.reflect.NativeMethodAccessorImpl.invoke0(Native Method)\n\tat sun.reflect.NativeMethodAccessorImpl.invoke(NativeMethodAccessorImpl.java:62)\n\tat sun.reflect.DelegatingMethodAccessorImpl.invoke(DelegatingMethodAccessorImpl.java:43)\n\tat java.lang.reflect.Method.invoke(Method.java:497)\n\tat org.testng.internal.MethodInvocationHelper.invokeMethod(MethodInvocationHelper.java:84)\n\tat org.testng.internal.Invoker.invokeMethod(Invoker.java:714)\n\tat org.testng.internal.Invoker.invokeTestMethod(Invoker.java:901)\n\tat org.testng.internal.Invoker.invokeTestMethods(Invoker.java:1231)\n\tat org.testng.internal.TestMethodWorker.invokeTestMethods(TestMethodWorker.java:127)\n\tat org.testng.internal.TestMethodWorker.run(TestMethodWorker.java:111)\n\tat org.testng.TestRunner.privateRun(TestRunner.java:741)\n\tat org.testng.TestRunner.run(TestRunner.java:595)\n\tat org.testng.SuiteRunner.runTest(SuiteRunner.java:348)\n\tat org.testng.SuiteRunner.access$000(SuiteRunner.java:38)\n\tat org.testng.SuiteRunner$SuiteWorker.run(SuiteRunner.java:382)\n\tat org.testng.internal.thread.ThreadUtil$2.call(ThreadUtil.java:64)\n\tat java.util.concurrent.FutureTask.run(FutureTask.java:266)\n\tat java.util.concurrent.ThreadPoolExecutor.runWorker(ThreadPoolExecutor.java:1142)\n\tat java.util.concurrent.ThreadPoolExecutor$Worker.run(ThreadPoolExecutor.java:617)\n\tat java.lang.Thread.run(Thread.java:745)\nCaused by: org.openqa.selenium.remote.ScreenshotException: Screen shot has been taken\nBuild info: version: '2.53.0', revision: '35ae25b1534ae328c771e0856c93e187490ca824', time: '2016-03-15 10:43:46'\nSystem info: host: 'UziMac.local', ip: '1.50.13.91', os.name: 'Mac OS X', os.arch: 'x86_64', os.version: '10.11.1', java.version: '1.8.0_45'\nDriver info: driver.version: QAFExtendedWebDriver\n\tat org.openqa.selenium.remote.ErrorHandler.throwIfResponseFailed(ErrorHandler.java:138)\n\t... 57 more\nCaused by: org.openqa.selenium.NoSuchElementException: Element with by id 'signIn' wasn't found.\nFor documentation on this error, please visit: http://seleniumhq.org/exceptions/no_such_element.html\nBuild info: version: '2.48.2', revision: '41bccdd10cf2c0560f637404c2d96164b67d9d67', time: '2015-10-09 13:08:06'\nSystem info: host: 'Beta-MCM', ip: '1.1.95.10', os.name: 'Windows Server 2008 R2', os.arch: 'amd64', os.version: '6.1', java.version: '1.7.0_51'\nDriver info: driver.version: EventFiringWebDriver\nFor documentation on this error, please visit: http://seleniumhq.org/exceptions/no_such_element.html\nBuild info: version: '2.53.0', revision: '35ae25b1534ae328c771e0856c93e187490ca824', time: '2016-03-15 10:43:46'\nSystem info: host: 'UziMac.local', ip: '1.50.13.91', os.name: 'Mac OS X', os.arch: 'x86_64', os.version: '10.11.1', java.version: '1.8.0_45'\nDriver info: driver.version: EventFiringWebDriver\n\tat com.perfectomobile.selenium.MobileApplication.getSingleElement(MobileApplication.java:369)\n\tat com.perfectomobile.selenium.MobileApplication.findElementById(MobileApplication.java:165)\n\tat org.openqa.selenium.By$ById.findElement(By.java:218)\n\tat com.perfectomobile.selenium.MobileApplication.findElement(MobileApplication.java:150)\n\tat com.perfectomobile.selenium.server.PerfectoMobileDriver.findElement(PerfectoMobileDriver.java:573)\n\tat sun.reflect.GeneratedMethodAccessor2042.invoke(Unknown Source)\n\tat sun.reflect.DelegatingMethodAccessorImpl.invoke(DelegatingMethodAccessorImpl.java:43)\n\tat java.lang.reflect.Method.invoke(Method.java:606)\n\tat org.openqa.selenium.support.events.EventFiringWebDriver$2.invoke(EventFiringWebDriver.java:102)\n\tat com.sun.proxy.$Proxy279.findElement(Unknown Source)\n\tat org.openqa.selenium.support.events.EventFiringWebDriver.findElement(EventFiringWebDriver.java:187)\n\tat org.openqa.selenium.remote.server.handler.FindElement.call(FindElement.java:48)\n\tat org.openqa.selenium.remote.server.handler.FindElement.call(FindElement.java:33)\n\tat java.util.concurrent.FutureTask.run(FutureTask.java:262)\n\tat org.openqa.selenium.remote.server.DefaultSession$1.run(DefaultSession.java:176)\n\tat java.util.concurrent.ThreadPoolExecutor.runWorker(ThreadPoolExecutor.java:1145)\n\tat java.util.concurrent.ThreadPoolExecutor$Worker.run(ThreadPoolExecutor.java:615)\n\tat java.lang.Thread.run(Thread.java:744)\n"
}